Log file open, 03/12/18 09:09:56
LogWindows: Failed to load 'aqProf.dll' (GetLastError=126)
LogWindows: File 'aqProf.dll' does not exist
LogWindows: Failed to load 'VSPerf140.dll' (GetLastError=126)
LogWindows: File 'VSPerf140.dll' does not exist
LogWindows: Failed to load 'VtuneApi.dll' (GetLastError=126)
LogWindows: File 'VtuneApi.dll' does not exist
LogWindows: Failed to load 'VtuneApi32e.dll' (GetLastError=126)
LogWindows: File 'VtuneApi32e.dll' does not exist
LogInit: Display: Running engine for game: SHOT_STUDIOS_MASTER
LogPlatformFile: Not using cached read wrapper
LogInit: Display: RandInit(-1106730759) SRandInit(-1106730759).
LogInit: Read version file with build ID '3709383'
LogInit: Overriding engine version to CL 3832480, compatible CL 3709383
LogInit: Registered custom module enumerator with build ID '3709383'
LogTaskGraph: Started task graph with 5 named threads and 14 total threads with 3 sets of task threads.
LogStats: Stats thread started at 0.584611
LogD3D11RHI: Aftermath initialized
LogModuleManager: Display: Found up-to-date module file ../../../Engine/Plugins/2D/Paper2D/Binaries/Win64/UE4Editor-Paper2D.dll (API version 3709383).
LogModuleManager: Display: Found up-to-date module file ../../../Engine/Plugins/2D/Paper2D/Binaries/Win64/UE4Editor-Paper2DEditor.dll (API version 3709383).
LogModuleManager: Display: Found up-to-date module file ../../../Engine/Plugins/2D/Paper2D/Binaries/Win64/UE4Editor-PaperSpriteSheetImporter.dll (API version 3709383).
LogModuleManager: Display: Found up-to-date module file ../../../Engine/Plugins/2D/Paper2D/Binaries/Win64/UE4Editor-PaperTiledImporter.dll (API version 3709383).
LogModuleManager: Display: Found up-to-date module file ../../../Engine/Plugins/2D/Paper2D/Binaries/Win64/UE4Editor-SmartSnapping.dll (API version 3709383).
LogModuleManager: Display: Found up-to-date module file ../../../Engine/Plugins/Blendables/LightPropagationVolume/Binaries/Win64/UE4Editor-LightPropagationVolumeRuntime.dll (API version 3709383).
LogModuleManager: Display: Found up-to-date module file ../../../Engine/Plugins/Blendables/LightPropagationVolume/Binaries/Win64/UE4Editor-LightPropagationVolumeEditor.dll (API version 3709383).
LogModuleManager: Display: Found up-to-date module file ../../../Engine/Plugins/Developer/GitSourceControl/Binaries/Win64/UE4Editor-GitSourceControl.dll (API version 3709383).
LogModuleManager: Display: Found up-to-date module file ../../../Engine/Plugins/Developer/PerforceSourceControl/Binaries/Win64/UE4Editor-PerforceSourceControl.dll (API version 3709383).
LogModuleManager: Display: Found up-to-date module file ../../../Engine/Plugins/Developer/SubversionSourceControl/Binaries/Win64/UE4Editor-SubversionSourceControl.dll (API version 3709383).
LogModuleManager: Display: Found up-to-date module file ../../../Engine/Plugins/Developer/UObjectPlugin/Binaries/Win64/UE4Editor-UObjectPlugin.dll (API version 3709383).
LogModuleManager: Display: Found up-to-date module file ../../../Engine/Plugins/Developer/VisualStudioCodeSourceCodeAccess/Binaries/Win64/UE4Editor-VisualStudioCodeSourceCodeAccess.dll (API version 3709383).
LogModuleManager: Display: Found up-to-date module file ../../../Engine/Plugins/Developer/VisualStudioSourceCodeAccess/Binaries/Win64/UE4Editor-VisualStudioSourceCodeAccess.dll (API version 3709383).
LogModuleManager: Display: Found up-to-date module file ../../../Engine/Plugins/Editor/AssetManagerEditor/Binaries/Win64/UE4Editor-AssetManagerEditor.dll (API version 3709383).
LogModuleManager: Display: Found up-to-date module file ../../../Engine/Plugins/Editor/AudioCapture/Binaries/Win64/UE4Editor-AudioCapture.dll (API version 3709383).
LogModuleManager: Display: Found up-to-date module file ../../../Engine/Plugins/Editor/FacialAnimation/Binaries/Win64/UE4Editor-FacialAnimation.dll (API version 3709383).
LogModuleManager: Display: Found up-to-date module file ../../../Engine/Plugins/Editor/FacialAnimation/Binaries/Win64/UE4Editor-FacialAnimationEditor.dll (API version 3709383).
LogModuleManager: Display: Found up-to-date module file ../../../Engine/Plugins/Editor/GameplayTagsEditor/Binaries/Win64/UE4Editor-GameplayTagsEditor.dll (API version 3709383).
LogModuleManager: Display: Found up-to-date module file ../../../Engine/Plugins/Editor/MobileLauncherProfileWizard/Binaries/Win64/UE4Editor-MobileLauncherProfileWizard.dll (API version 3709383).
LogModuleManager: Display: Found up-to-date module file ../../../Engine/Plugins/Editor/PluginBrowser/Binaries/Win64/UE4Editor-PluginBrowser.dll (API version 3709383).
LogModuleManager: Display: Found up-to-date module file ../../../Engine/Plugins/Editor/SpeedTreeImporter/Binaries/Win64/UE4Editor-SpeedTreeImporter.dll (API version 3709383).
LogModuleManager: Display: Found up-to-date module file ../../../Engine/Plugins/Experimental/AlembicImporter/Binaries/Win64/UE4Editor-AlembicImporter.dll (API version 3709383).
LogModuleManager: Display: Found up-to-date module file ../../../Engine/Plugins/Experimental/AlembicImporter/Binaries/Win64/UE4Editor-AlembicLibrary.dll (API version 3709383).
LogModuleManager: Display: Found up-to-date module file ../../../Engine/Plugins/Experimental/CharacterAI/Binaries/Win64/UE4Editor-CharacterAI.dll (API version 3709383).
LogModuleManager: Display: Found up-to-date module file ../../../Engine/Plugins/Experimental/HTML5Networking/Binaries/Win64/UE4Editor-HTML5Networking.dll (API version 3709383).
LogModuleManager: Display: Found up-to-date module file ../../../Engine/Plugins/Media/AndroidMedia/Binaries/Win64/UE4Editor-AndroidMediaEditor.dll (API version 3709383).
LogModuleManager: Display: Found up-to-date module file ../../../Engine/Plugins/Media/AndroidMedia/Binaries/Win64/UE4Editor-AndroidMediaFactory.dll (API version 3709383).
LogModuleManager: Display: Found up-to-date module file ../../../Engine/Plugins/Media/AvfMedia/Binaries/Win64/UE4Editor-AvfMediaEditor.dll (API version 3709383).
LogModuleManager: Display: Found up-to-date module file ../../../Engine/Plugins/Media/AvfMedia/Binaries/Win64/UE4Editor-AvfMediaFactory.dll (API version 3709383).
LogModuleManager: Display: Found up-to-date module file ../../../Engine/Plugins/Media/AvfMedia/Binaries/Win64/UE4Editor-AvfMediaFactory.dll (API version 3709383).
LogModuleManager: Display: Found up-to-date module file ../../../Engine/Plugins/Media/ImgMedia/Binaries/Win64/UE4Editor-ImgMedia.dll (API version 3709383).
LogModuleManager: Display: Found up-to-date module file ../../../Engine/Plugins/Media/ImgMedia/Binaries/Win64/UE4Editor-ImgMediaEditor.dll (API version 3709383).
LogModuleManager: Display: Found up-to-date module file ../../../Engine/Plugins/Media/ImgMedia/Binaries/Win64/UE4Editor-ImgMediaFactory.dll (API version 3709383).
LogModuleManager: Display: Found up-to-date module file ../../../Engine/Plugins/Media/ImgMedia/Binaries/Win64/UE4Editor-ImgMediaFactory.dll (API version 3709383).
LogModuleManager: Display: Found up-to-date module file ../../../Engine/Plugins/Media/ImgMedia/Binaries/Win64/UE4Editor-OpenExrWrapper.dll (API version 3709383).
LogModuleManager: Display: Found up-to-date module file ../../../Engine/Plugins/Media/MediaCompositing/Binaries/Win64/UE4Editor-MediaCompositing.dll (API version 3709383).
LogModuleManager: Display: Found up-to-date module file ../../../Engine/Plugins/Media/MediaCompositing/Binaries/Win64/UE4Editor-MediaCompositingEditor.dll (API version 3709383).
LogModuleManager: Display: Found up-to-date module file ../../../Engine/Plugins/Media/MediaPlayerEditor/Binaries/Win64/UE4Editor-MediaPlayerEditor.dll (API version 3709383).
LogModuleManager: Display: Found up-to-date module file ../../../Engine/Plugins/Media/WmfMedia/Binaries/Win64/UE4Editor-WmfMedia.dll (API version 3709383).
LogModuleManager: Display: Found up-to-date module file ../../../Engine/Plugins/Media/WmfMedia/Binaries/Win64/UE4Editor-WmfMediaEditor.dll (API version 3709383).
LogModuleManager: Display: Found up-to-date module file ../../../Engine/Plugins/Media/WmfMedia/Binaries/Win64/UE4Editor-WmfMediaFactory.dll (API version 3709383).
LogModuleManager: Display: Found up-to-date module file ../../../Engine/Plugins/Media/WmfMedia/Binaries/Win64/UE4Editor-WmfMediaFactory.dll (API version 3709383).
LogModuleManager: Display: Found up-to-date module file ../../../Engine/Plugins/Messaging/TcpMessaging/Binaries/Win64/UE4Editor-TcpMessaging.dll (API version 3709383).
LogModuleManager: Display: Found up-to-date module file ../../../Engine/Plugins/Messaging/UdpMessaging/Binaries/Win64/UE4Editor-UdpMessaging.dll (API version 3709383).
LogModuleManager: Display: Found up-to-date module file ../../../Engine/Plugins/MovieScene/ActorSequence/Binaries/Win64/UE4Editor-ActorSequence.dll (API version 3709383).
LogModuleManager: Display: Found up-to-date module file ../../../Engine/Plugins/MovieScene/LevelSequenceEditor/Binaries/Win64/UE4Editor-LevelSequenceEditor.dll (API version 3709383).
LogModuleManager: Display: Found up-to-date module file ../../../Engine/Plugins/MovieScene/MatineeToLevelSequence/Binaries/Win64/UE4Editor-MatineeToLevelSequence.dll (API version 3709383).
LogModuleManager: Display: Found up-to-date module file ../../../Engine/Plugins/Online/OnlineSubsystem/Binaries/Win64/UE4Editor-OnlineSubsystem.dll (API version 3709383).
LogModuleManager: Display: Found up-to-date module file ../../../Engine/Plugins/Runtime/AndroidPermission/Binaries/Win64/UE4Editor-AndroidPermission.dll (API version 3709383).
LogModuleManager: Display: Found up-to-date module file ../../../Engine/Plugins/Online/OnlineSubsystemNull/Binaries/Win64/UE4Editor-OnlineSubsystemNull.dll (API version 3709383).
LogModuleManager: Display: Found up-to-date module file ../../../Engine/Plugins/Online/OnlineSubsystemUtils/Binaries/Win64/UE4Editor-OnlineSubsystemUtils.dll (API version 3709383).
LogModuleManager: Display: Found up-to-date module file ../../../Engine/Plugins/Online/OnlineSubsystemUtils/Binaries/Win64/UE4Editor-OnlineBlueprintSupport.dll (API version 3709383).
LogModuleManager: Display: Found up-to-date module file ../../../Engine/Plugins/Runtime/AndroidDeviceProfileSelector/Binaries/Win64/UE4Editor-AndroidDeviceProfileSelector.dll (API version 3709383).
LogModuleManager: Display: Found up-to-date module file ../../../Engine/Plugins/Runtime/AppleARKit/Binaries/Win64/UE4Editor-AppleARKit.dll (API version 3709383).
LogModuleManager: Display: Found up-to-date module file ../../../Engine/Plugins/Runtime/ArchVisCharacter/Binaries/Win64/UE4Editor-ArchVisCharacter.dll (API version 3709383).
LogModuleManager: Display: Found up-to-date module file ../../../Engine/Plugins/Runtime/CableComponent/Binaries/Win64/UE4Editor-CableComponent.dll (API version 3709383).
LogModuleManager: Display: Found up-to-date module file ../../../Engine/Plugins/Runtime/CustomMeshComponent/Binaries/Win64/UE4Editor-CustomMeshComponent.dll (API version 3709383).
LogModuleManager: Display: Found up-to-date module file ../../../Engine/Plugins/Runtime/ExampleDeviceProfileSelector/Binaries/Win64/UE4Editor-ExampleDeviceProfileSelector.dll (API version 3709383).
LogModuleManager: Display: Found up-to-date module file ../../../Engine/Plugins/Runtime/ImmediatePhysics/Binaries/Win64/UE4Editor-ImmediatePhysics.dll (API version 3709383).
LogModuleManager: Display: Found up-to-date module file ../../../Engine/Plugins/Runtime/ImmediatePhysics/Binaries/Win64/UE4Editor-ImmediatePhysicsEditor.dll (API version 3709383).
LogModuleManager: Display: Found up-to-date module file ../../../Engine/Plugins/Runtime/LocationServicesBPLibrary/Binaries/Win64/UE4Editor-LocationServicesBPLibrary.dll (API version 3709383).
LogModuleManager: Display: Found up-to-date module file ../../../Engine/Plugins/Runtime/MobilePatchingUtils/Binaries/Win64/UE4Editor-MobilePatchingUtils.dll (API version 3709383).
LogModuleManager: Display: Found up-to-date module file ../../../Engine/Plugins/Runtime/Oculus/OculusVR/Binaries/Win64/UE4Editor-OculusHMD.dll (API version 3709383).
LogModuleManager: Display: Found up-to-date module file ../../../Engine/Plugins/Runtime/Oculus/OculusVR/Binaries/Win64/UE4Editor-OculusInput.dll (API version 3709383).
LogModuleManager: Display: Found up-to-date module file ../../../Engine/Plugins/Runtime/Oculus/OculusVR/Binaries/Win64/UE4Editor-OculusEditor.dll (API version 3709383).
LogModuleManager: Display: Found up-to-date module file ../../../Engine/Plugins/Runtime/PhysXVehicles/Binaries/Win64/UE4Editor-PhysXVehicles.dll (API version 3709383).
LogModuleManager: Display: Found up-to-date module file ../../../Engine/Plugins/Runtime/PhysXVehicles/Binaries/Win64/UE4Editor-PhysXVehiclesEditor.dll (API version 3709383).
LogModuleManager: Display: Found up-to-date module file ../../../Engine/Plugins/Runtime/ProceduralMeshComponent/Binaries/Win64/UE4Editor-ProceduralMeshComponent.dll (API version 3709383).
LogModuleManager: Display: Found up-to-date module file ../../../Engine/Plugins/Runtime/ProceduralMeshComponent/Binaries/Win64/UE4Editor-ProceduralMeshComponentEditor.dll (API version 3709383).
LogModuleManager: Display: Found up-to-date module file ../../../Engine/Plugins/Runtime/RuntimePhysXCooking/Binaries/Win64/UE4Editor-RuntimePhysXCooking.dll (API version 3709383).
LogModuleManager: Display: Found up-to-date module file ../../../Engine/Plugins/Runtime/Steam/SteamVR/Binaries/Win64/UE4Editor-SteamVR.dll (API version 3709383).
LogModuleManager: Display: Found up-to-date module file ../../../Engine/Plugins/Runtime/Steam/SteamVR/Binaries/Win64/UE4Editor-SteamVRController.dll (API version 3709383).
LogModuleManager: Display: Found up-to-date module file ../../../Engine/Plugins/Runtime/WindowsMoviePlayer/Binaries/Win64/UE4Editor-WindowsMoviePlayer.dll (API version 3709383).
LogPluginManager: Mounting plugin Paper2D
LogPluginManager: Mounting plugin LightPropagationVolume
LogPluginManager: Mounting plugin CodeLiteSourceCodeAccess
LogPluginManager: Mounting plugin GitSourceControl
LogPluginManager: Mounting plugin KDevelopSourceCodeAccess
LogPluginManager: Mounting plugin NullSourceCodeAccess
LogPluginManager: Mounting plugin PerforceSourceControl
LogPluginManager: Mounting plugin SubversionSourceControl
LogPluginManager: Mounting plugin UObjectPlugin
LogPluginManager: Mounting plugin VisualStudioCodeSourceCodeAccess
LogPluginManager: Mounting plugin VisualStudioSourceCodeAccess
LogPluginManager: Mounting plugin XCodeSourceCodeAccess
LogPluginManager: Mounting plugin AssetManagerEditor
LogPluginManager: Mounting plugin AudioCapture
LogPluginManager: Mounting plugin FacialAnimation
LogPluginManager: Mounting plugin GameplayTagsEditor
LogPluginManager: Mounting plugin MobileLauncherProfileWizard
LogPluginManager: Mounting plugin PluginBrowser
LogPluginManager: Mounting plugin SpeedTreeImporter
LogPluginManager: Mounting plugin AlembicImporter
LogPluginManager: Mounting plugin CharacterAI
LogPluginManager: Mounting plugin HTML5Networking
LogPluginManager: Mounting plugin AndroidMedia
LogPluginManager: Mounting plugin AvfMedia
LogPluginManager: Mounting plugin ImgMedia
LogPluginManager: Mounting plugin MediaCompositing
LogPluginManager: Mounting plugin MediaPlayerEditor
LogPluginManager: Mounting plugin WmfMedia
LogPluginManager: Mounting plugin TcpMessaging
LogPluginManager: Mounting plugin UdpMessaging
LogPluginManager: Mounting plugin ActorSequence
LogPluginManager: Mounting plugin LevelSequenceEditor
LogPluginManager: Mounting plugin MatineeToLevelSequence
LogPluginManager: Mounting plugin OnlineSubsystemGooglePlay
LogPluginManager: Mounting plugin OnlineSubsystemIOS
LogPluginManager: Mounting plugin OnlineSubsystem
LogPluginManager: Mounting plugin OnlineSubsystemNull
LogPluginManager: Mounting plugin OnlineSubsystemUtils
LogPluginManager: Mounting plugin AndroidDeviceProfileSelector
LogPluginManager: Mounting plugin AndroidMoviePlayer
LogPluginManager: Mounting plugin AndroidPermission
LogPluginManager: Mounting plugin AppleARKit
LogPluginManager: Mounting plugin AppleMoviePlayer
LogPluginManager: Mounting plugin ArchVisCharacter
LogPluginManager: Mounting plugin CableComponent
LogPluginManager: Mounting plugin CustomMeshComponent
LogPluginManager: Mounting plugin ExampleDeviceProfileSelector
LogPluginManager: Mounting plugin GoogleCloudMessaging
LogPluginManager: Mounting plugin ImmediatePhysics
LogPluginManager: Mounting plugin IOSDeviceProfileSelector
LogPluginManager: Mounting plugin LinuxDeviceProfileSelector
LogPluginManager: Mounting plugin LocationServicesBPLibrary
LogPluginManager: Mounting plugin MobilePatchingUtils
LogPluginManager: Mounting plugin OculusVR
LogPluginManager: Plugin shader directory ../../../Engine/Plugins/Runtime/Oculus/OculusVR/Shaders found
LogPluginManager: Mapping shader source directory ../../../Engine/Plugins/Runtime/Oculus/OculusVR/Shaders to virtual directory /Plugin/OculusVR
LogPluginManager: Mounting plugin PhysXVehicles
LogPluginManager: Mounting plugin ProceduralMeshComponent
LogPluginManager: Mounting plugin RuntimePhysXCooking
LogPluginManager: Mounting plugin SteamVR
LogPluginManager: Mounting plugin WindowsMoviePlayer
LogInit: Using libcurl 7.47.1
LogInit:  - built for x86_64-pc-win32
LogInit:  - supports SSL with OpenSSL/1.0.2g
LogInit:  - supports HTTP deflate (compression) using libz 1.2.8
LogInit:  - other features:
LogInit:      CURL_VERSION_SSL
LogInit:      CURL_VERSION_LIBZ
LogInit:      CURL_VERSION_IPV6
LogInit:      CURL_VERSION_ASYNCHDNS
LogInit:      CURL_VERSION_LARGEFILE
LogInit:      CURL_VERSION_IDN
LogInit:  CurlRequestOptions (configurable via config and command line):
LogInit:  - bVerifyPeer = false  - Libcurl will NOT verify peer certificate
LogInit:  - bUseHttpProxy = false  - Libcurl will NOT use HTTP proxy
LogInit:  - bDontReuseConnections = false  - Libcurl will reuse connections
LogInit:  - CertBundlePath = nullptr  - Libcurl will use whatever was configured at build time.
LogInit: Build: ++UE4+Release-4.18-CL-3832480
LogInit: Engine Version: 4.18.3-3832480+++UE4+Release-4.18
LogInit: Compatible Engine Version: 4.18.0-3709383+++UE4+Release-4.18
LogInit: Net CL: 3709383
LogDevObjectVersion: Number of dev versions registered: 16
LogDevObjectVersion:   Dev-Blueprints (B0D832E4-1F89-4F0D-ACCF-7EB736FD4AA2): 10
LogDevObjectVersion:   Dev-Build (E1C64328-A22C-4D53-A36C-8E866417BD8C): 0
LogDevObjectVersion:   Dev-Core (375EC13C-06E4-48FB-B500-84F0262A717E): 2
LogDevObjectVersion:   Dev-Editor (E4B068ED-F494-42E9-A231-DA0B2E46BB41): 20
LogDevObjectVersion:   Dev-Framework (CFFC743F-43B0-4480-9391-14DF171D2073): 30
LogDevObjectVersion:   Dev-Mobile (B02B49B5-BB20-44E9-A304-32B752E40360): 0
LogDevObjectVersion:   Dev-Networking (A4E4105C-59A1-49B5-A7C5-40C4547EDFEE): 0
LogDevObjectVersion:   Dev-Online (39C831C9-5AE6-47DC-9A44-9C173E1C8E7C): 0
LogDevObjectVersion:   Dev-Physics (78F01B33-EBEA-4F98-B9B4-84EACCB95AA2): 0
LogDevObjectVersion:   Dev-Platform (6631380F-2D4D-43E0-8009-CF276956A95A): 0
LogDevObjectVersion:   Dev-Rendering (12F88B9F-8875-4AFC-A67C-D90C383ABD29): 20
LogDevObjectVersion:   Dev-Sequencer (7B5AE74C-D270-4C10-A958-57980B212A5A): 4
LogDevObjectVersion:   Dev-VR (D7296918-1DD6-4BDD-9DE2-64A83CC13884): 0
LogDevObjectVersion:   Dev-LoadTimes (C2A15278-BFE7-4AFE-6C17-90FF531DF755): 1
LogDevObjectVersion:   Private-Geometry (6EACA3D4-40EC-4CC1-B786-8BED09428FC5): 1
LogDevObjectVersion:   Dev-AnimPhys (29E575DD-E0A3-4627-9D10-D276232CDCEA): 12
LogInit: Compiled (64-bit): Jan 12 2018 02:04:55
LogInit: Compiled with Visual C++: 19.00.24215.01
LogInit: Build Configuration: Development
LogInit: Branch Name: ++UE4+Release-4.18
LogInit: Command line:  
LogInit: Base directory: C:/Program Files/Epic Games/UE_4.18/Engine/Binaries/Win64/
LogInit: Installed Engine Build: 1
LogInit: Presizing for max 8388607 objects, including 0 objects not considered by GC, pre-allocating 0 bytes for permanent pool.
LogInit: Object subsystem initialized
[2018.03.11-22.09.58:512][  0]LogInit: Selected Device Profile: [Windows]
[2018.03.11-22.09.58:512][  0]LogInit: Applying CVar settings loaded from the selected device profile: [Windows]
[2018.03.11-22.09.58:542][  0]LogInit: Computer: LAPTOP-649GGATK
[2018.03.11-22.09.58:542][  0]LogInit: User: ZacGilfoyle
[2018.03.11-22.09.58:542][  0]LogInit: CPU Page size=4096, Cores=4
[2018.03.11-22.09.58:542][  0]LogInit: High frequency timer resolution =2.742189 MHz
[2018.03.11-22.09.58:542][  0]LogMemory: Memory total: Physical=7.9GB (8GB approx)
[2018.03.11-22.09.58:543][  0]LogMemory: Platform Memory Stats for Windows
[2018.03.11-22.09.58:543][  0]LogMemory: Process Physical Memory: 274.02 MB used, 274.02 MB peak
[2018.03.11-22.09.58:543][  0]LogMemory: Process Virtual Memory: 269.81 MB used, 269.81 MB peak
[2018.03.11-22.09.58:543][  0]LogMemory: Physical Memory: 4431.73 MB used,  3624.13 MB free, 8055.86 MB total
[2018.03.11-22.09.58:543][  0]LogMemory: Virtual Memory: 682.23 MB used,  3624.13 MB free, 134217728.00 MB total
[2018.03.11-22.09.59:787][  0]LogInit: Using OS detected language (en-US).
[2018.03.11-22.09.59:787][  0]LogInit: Using OS detected locale (en-AU).
[2018.03.11-22.09.59:855][  0]LogTextLocalizationManager: No specific localization for 'en-US' exists, so the 'en' localization will be used.
[2018.03.11-22.10.00:396][  0]LogInit: Setting process to per monitor DPI aware
[2018.03.11-22.10.02:881][  0]LogD3D11RHI: D3D11 adapters:
[2018.03.11-22.10.02:947][  0]LogD3D11RHI:    0. 'NVIDIA GeForce GTX 1050' (Feature Level 11_0)
[2018.03.11-22.10.02:947][  0]LogD3D11RHI:       4029/0/4027 MB DedicatedVideo/DedicatedSystem/SharedSystem, Outputs:1, VendorId:0x10de
[2018.03.11-22.10.02:961][  0]LogD3D11RHI:    1. 'Intel(R) HD Graphics 630' (Feature Level 11_0)
[2018.03.11-22.10.02:961][  0]LogD3D11RHI:       128/0/4027 MB DedicatedVideo/DedicatedSystem/SharedSystem, Outputs:0, VendorId:0x8086
[2018.03.11-22.10.02:963][  0]LogD3D11RHI:    2. 'Microsoft Basic Render Driver' (Feature Level 11_0)
[2018.03.11-22.10.02:963][  0]LogD3D11RHI:       0/0/4027 MB DedicatedVideo/DedicatedSystem/SharedSystem, Outputs:0, VendorId:0x1414
[2018.03.11-22.10.02:963][  0]LogD3D11RHI: Chosen D3D11 Adapter: 0
[2018.03.11-22.10.02:973][  0]LogD3D11RHI: Creating new Direct3DDevice
[2018.03.11-22.10.02:973][  0]LogD3D11RHI:     GPU DeviceId: 0x1c8d (for the marketing name, search the web for "GPU Device Id")
[2018.03.11-22.10.02:973][  0]LogWindows: EnumDisplayDevices:
[2018.03.11-22.10.02:973][  0]LogWindows:    0. 'Intel(R) HD Graphics 630' (P:1 D:1)
[2018.03.11-22.10.02:973][  0]LogWindows:    1. 'Intel(R) HD Graphics 630' (P:0 D:0)
[2018.03.11-22.10.02:973][  0]LogWindows:    2. 'Intel(R) HD Graphics 630' (P:0 D:0)
[2018.03.11-22.10.02:973][  0]LogWindows:    3. 'NVIDIA GeForce GTX 1050' (P:0 D:0)
[2018.03.11-22.10.02:974][  0]LogWindows:    4. 'NVIDIA GeForce GTX 1050' (P:0 D:0)
[2018.03.11-22.10.02:974][  0]LogWindows:    5. 'NVIDIA GeForce GTX 1050' (P:0 D:0)
[2018.03.11-22.10.02:974][  0]LogWindows:    6. 'NVIDIA GeForce GTX 1050' (P:0 D:0)
[2018.03.11-22.10.02:974][  0]LogWindows: DebugString: GetVideoDriverDetailsInvalid PrimaryIsNotTheChoosenAdapter GetVideoDriverDetailsInvalid PrimaryIsNotTheChoosenAdapter GetVideoDriverDetailsInvalid PrimaryIsNotTheChoosenAdapter GetVideoDriverDetailsInvalid PrimaryIsNotTheChoosenAdapter GetVideoDriverDetailsInvalid PrimaryIsNotTheChoosenAdapter GetVideoDriverDetailsInvalid PrimaryIsNotTheChoosenAdapter GetVideoDriverDetailsInvalid PrimaryIsNotTheChoosenAdapter FoundDriverCount:0 
[2018.03.11-22.10.02:974][  0]LogD3D11RHI:     Adapter Name: NVIDIA GeForce GTX 1050
[2018.03.11-22.10.02:974][  0]LogD3D11RHI:   Driver Version: Unknown (internal:Unknown, unified:Unknown)
[2018.03.11-22.10.02:974][  0]LogD3D11RHI:      Driver Date: Unknown
[2018.03.11-22.10.02:974][  0]LogRHI: Texture pool is 2820 MB (70% of 4029 MB)
[2018.03.11-22.10.03:008][  0]LogD3D11RHI: Async texture creation enabled
[2018.03.11-22.10.03:041][  0]LogD3D11RHI: GPU Timing Frequency: 1000.000000 (Debug: 2 1)
[2018.03.11-22.10.03:046][  0]LogShaderCompilers: Guid format shader working directory is -69 characters bigger than the processId version (../../../../../../Users/Zac Gilfoyle/Desktop/SHOT_STUDIOS_FINAL-master/SHOT_STUDIOS_FINAL-master/SHOT_STUDIOS_MASTER_Copy/Intermediate/Shaders/WorkingDirectory/21148/).
[2018.03.11-22.10.03:047][  0]LogShaderCompilers: Cleaned the shader compiler working directory 'C:/Users/Zac Gilfoyle/AppData/Local/Temp/UnrealShaderWorkingDir/89F11F1147F665474D69ACA06A7D1150/'.
[2018.03.11-22.10.03:047][  0]LogShaderCompilers: Display: Using Local Shader Compiler.
[2018.03.11-22.10.05:185][  0]LogTemp: Display: Loaded TP AllDesktopTargetPlatform
[2018.03.11-22.10.05:262][  0]LogTemp: Display: Loaded TP MacClientTargetPlatform
[2018.03.11-22.10.05:339][  0]LogTemp: Display: Loaded TP MacNoEditorTargetPlatform
[2018.03.11-22.10.05:418][  0]LogTemp: Display: Loaded TP MacServerTargetPlatform
[2018.03.11-22.10.05:497][  0]LogTemp: Display: Loaded TP MacTargetPlatform
[2018.03.11-22.10.05:574][  0]LogTemp: Display: Loaded TP WindowsClientTargetPlatform
[2018.03.11-22.10.05:653][  0]LogTemp: Display: Loaded TP WindowsNoEditorTargetPlatform
[2018.03.11-22.10.05:732][  0]LogTemp: Display: Loaded TP WindowsServerTargetPlatform
[2018.03.11-22.10.05:804][  0]LogTemp: Display: Loaded TP WindowsTargetPlatform
[2018.03.11-22.10.05:881][  0]LogTemp: Display: Loaded TP Android_ASTCTargetPlatform
[2018.03.11-22.10.05:956][  0]LogTemp: Display: Loaded TP Android_ATCTargetPlatform
[2018.03.11-22.10.06:032][  0]LogTemp: Display: Loaded TP Android_DXTTargetPlatform
[2018.03.11-22.10.06:108][  0]LogTemp: Display: Loaded TP Android_ETC1TargetPlatform
[2018.03.11-22.10.06:188][  0]LogTemp: Display: Loaded TP Android_ETC2TargetPlatform
[2018.03.11-22.10.06:339][  0]LogTemp: Display: Loaded TP Android_MultiTargetPlatform
[2018.03.11-22.10.06:340][  0]LogTemp: Display: Loaded TP Android_PVRTCTargetPlatform
[2018.03.11-22.10.06:425][  0]LogTemp: Display: Loaded TP AndroidTargetPlatform
[2018.03.11-22.10.06:490][  0]LogTemp: Display: Loaded TP HTML5TargetPlatform
[2018.03.11-22.10.06:631][  0]LogTemp: Display: Loaded TP IOSTargetPlatform
[2018.03.11-22.10.06:675][  0]LogTemp: Display: Loaded TP TVOSTargetPlatform
[2018.03.11-22.10.06:752][  0]LogTemp: Display: Loaded TP LinuxClientTargetPlatform
[2018.03.11-22.10.06:829][  0]LogTemp: Display: Loaded TP LinuxNoEditorTargetPlatform
[2018.03.11-22.10.06:903][  0]LogTemp: Display: Loaded TP LinuxServerTargetPlatform
[2018.03.11-22.10.06:985][  0]LogTemp: Display: Loaded TP LinuxTargetPlatform
[2018.03.11-22.10.06:985][  0]LogTargetPlatformManager: Display: Building Assets For Windows
[2018.03.11-22.10.07:816][  0]LogDerivedDataCache: Display: Max Cache Size: 512 MB
[2018.03.11-22.10.08:045][  0]LogDerivedDataCache: Loaded boot cache 0.23s 78MB C:/Users/Zac Gilfoyle/AppData/Local/UnrealEngine/4.18/DerivedDataCache/Boot.ddc.
[2018.03.11-22.10.08:045][  0]LogDerivedDataCache: Display: Loaded Boot cache: C:/Users/Zac Gilfoyle/AppData/Local/UnrealEngine/4.18/DerivedDataCache/Boot.ddc
[2018.03.11-22.10.08:046][  0]LogDerivedDataCache: FDerivedDataBackendGraph:  Pak pak cache file ../../../../../../Users/Zac Gilfoyle/Desktop/SHOT_STUDIOS_FINAL-master/SHOT_STUDIOS_FINAL-master/SHOT_STUDIOS_MASTER_Copy/DerivedDataCache/DDC.ddp not found, will not use a pak cache.
[2018.03.11-22.10.08:046][  0]LogDerivedDataCache: Unable to find inner node Pak for hierarchical cache Hierarchy.
[2018.03.11-22.10.08:046][  0]LogDerivedDataCache: FDerivedDataBackendGraph:  CompressedPak pak cache file ../../../../../../Users/Zac Gilfoyle/Desktop/SHOT_STUDIOS_FINAL-master/SHOT_STUDIOS_FINAL-master/SHOT_STUDIOS_MASTER_Copy/DerivedDataCache/Compressed.ddp not found, will not use a pak cache.
[2018.03.11-22.10.08:046][  0]LogDerivedDataCache: Unable to find inner node CompressedPak for hierarchical cache Hierarchy.
[2018.03.11-22.10.08:072][  0]LogDerivedDataCache: Display: Pak cache opened for reading ../../../Engine/DerivedDataCache/Compressed.ddp.
[2018.03.11-22.10.08:086][  0]LogDerivedDataCache: Using Local data cache path C:/Users/Zac Gilfoyle/AppData/Local/UnrealEngine/Common/DerivedDataCache: Writable
[2018.03.11-22.10.08:099][  0]LogMaterial: Verifying Global Shaders for PCD3D_SM5
[2018.03.11-22.10.08:105][  0]LogSlate: Using Freetype 2.6.0
[2018.03.11-22.10.08:122][  0]LogSlate: SlateFontCache - WITH_FREETYPE: 1, WITH_HARFBUZZ: 1
[2018.03.11-22.10.08:122][  0]LogSlate: SlateFontCache - WITH_FREETYPE: 1, WITH_HARFBUZZ: 1
[2018.03.11-22.10.09:040][  0]LogInit: Selected Device Profile: [Windows]
[2018.03.11-22.10.09:735][  0]LogSimplygon: Simplygon DLL not present - disabling.
[2018.03.11-22.10.09:800][  0]LogMeshReduction: Using SimplygonSwarm for distributed automatic mesh merging
[2018.03.11-22.10.09:801][  0]LogMeshReduction: Using QuadricMeshReduction for automatic static mesh reduction
[2018.03.11-22.10.09:801][  0]LogMeshReduction: No automatic skeletal mesh reduction module available
[2018.03.11-22.10.09:801][  0]LogMeshReduction: No automatic mesh merging module available
[2018.03.11-22.10.09:801][  0]LogMeshMerging: No automatic mesh merging module available
[2018.03.11-22.10.09:877][  0]LogNetVersion: SHOT_STUDIOS_MASTER , NetCL: 3709383, EngineNetVer: 2, GameNetVer: 0 (Checksum: 2059099905)
[2018.03.11-22.10.10:360][  0]LogAssetRegistry: FAssetRegistry took 0.0288 seconds to start up
[2018.03.11-22.10.11:736][  0]LogPackageLocalizationCache: Processed 7 localized package path(s) for 2 prioritized culture(s) in 0.134750 seconds
[2018.03.11-22.10.11:745][  0]LogUObjectArray: 35870 objects as part of root set at end of initial load.
[2018.03.11-22.10.11:745][  0]LogUObjectAllocator: 7363696 out of 0 bytes used by permanent object pool.
[2018.03.11-22.10.11:745][  0]LogUObjectArray: CloseDisregardForGC: 0/0 objects in disregard for GC pool
[2018.03.11-22.10.11:876][  0]LogInit: WinSock: version 1.1 (2.2), MaxSocks=32767, MaxUdp=65467
[2018.03.11-22.10.18:799][  0]LogTcpMessaging: Initializing TcpMessaging bridge
[2018.03.11-22.10.18:858][  0]LogUdpMessaging: Initializing bridge on interface 0.0.0.0:0 to multicast group 230.0.0.1:6666.
[2018.03.11-22.10.18:859][  0]FUdpSocketBuilder: Failed to subscribe UdpMessageMulticastSocket to multicast group 230.0.0.1
[2018.03.11-22.10.18:859][  0]FUdpSocketBuilder: Failed to create and initialize socket UdpMessageMulticastSocket (last error: 0)
[2018.03.11-22.10.18:860][  0]LogUdpMessaging: Warning: StartTransport failed to create multicast socket on 0.0.0.0:0, joined to 230.0.0.1:6666 with TTL 1
[2018.03.11-22.10.20:009][  0]LogMaterial: Uniform references updated for custom material expression Custom.
[2018.03.11-22.10.20:812][  0]SourceControl: Source control is disabled
[2018.03.11-22.10.20:812][  0]SourceControl: Source control is disabled
[2018.03.11-22.10.20:912][  0]SourceControl: Source control is disabled
[2018.03.11-22.10.20:997][  0]SourceControl: Source control is disabled
[2018.03.11-22.10.22:409][  0]LogAndroidPermission: UAndroidPermissionCallbackProxy::GetInstance
[2018.03.11-22.10.22:839][  0]LogOcInput: OculusInput pre-init called
[2018.03.11-22.10.23:336][  0]LogEngine: Initializing Engine...
[2018.03.11-22.10.23:342][  0]LogHMD: Failed to initialize OpenVR with code 110
[2018.03.11-22.10.23:772][  0]LogStats: UGameplayTagsManager::ConstructGameplayTagTree: Construct from data asset -  0.000 s
[2018.03.11-22.10.23:773][  0]LogStats: UGameplayTagsManager::ConstructGameplayTagTree: GameplayTagTreeChangedEvent.Broadcast -  0.000 s
[2018.03.11-22.10.24:039][  0]LogAIModule: Creating AISystem for world Untitled
[2018.03.11-22.10.24:067][  0]LogInit: XAudio2 using 'Speaker/Headphone (Realtek High Definition Audio)' : 2 channels at 48 kHz using 32 bits per sample (channel mask 0x3)
[2018.03.11-22.10.25:402][  0]LogInit: FAudioDevice initialized.
[2018.03.11-22.10.25:513][  0]LogDerivedDataCache: Saved boot cache 0.11s 78MB C:/Users/Zac Gilfoyle/AppData/Local/UnrealEngine/4.18/DerivedDataCache/Boot.ddc.
[2018.03.11-22.10.25:535][  0]LogInit: Texture streaming: Enabled
[2018.03.11-22.10.25:731][  0]LogEngineSessionManager: EngineSessionManager initialized
[2018.03.11-22.10.25:985][  0]LogInit: Transaction tracking system initialized
[2018.03.11-22.10.26:603][  0]BlueprintLog: New page: Editor Load
[2018.03.11-22.10.28:294][  0]LocalizationService: Localization service is disabled
[2018.03.11-22.10.29:559][  0]LogConsoleResponse: Display: 
[2018.03.11-22.10.30:185][  0]LogCook: Display: Max memory allowance for cook 16384mb min free memory 0mb
[2018.03.11-22.10.30:185][  0]LogCook: Display: Mobile HDR setting 1
[2018.03.11-22.10.30:185][  0]LogGameplayTags: Display: UGameplayTagsManager::DoneAddingNativeTags. DelegateIsBound: 0
[2018.03.11-22.10.30:454][  0]LogFileCache: Scanning file cache for directory 'C:/Users/Zac Gilfoyle/Desktop/SHOT_STUDIOS_FINAL-master/SHOT_STUDIOS_FINAL-master/SHOT_STUDIOS_MASTER_Copy/Content/' took 0.02s
[2018.03.11-22.10.32:302][  0]SourceControl: Source control is disabled
[2018.03.11-22.10.32:305][  0]LightingResults: New page: Lighting Build
[2018.03.11-22.10.32:387][  0]MapCheck: New page: Map Check
[2018.03.11-22.10.32:387][  0]LightingResults: New page: Lighting Build
[2018.03.11-22.10.32:890][  0]LogBlueprint: Warning: [Compiler Ue4ASP_Character] InputAction Event references unknown Action 'Crouch' for  InputAction Crouch
[2018.03.11-22.10.32:890][  0]LogBlueprint: Warning: [Compiler Ue4ASP_Character] InputAction Event references unknown Action 'Jump' for  InputAction Jump
[2018.03.11-22.10.32:890][  0]LogBlueprint: Warning: [Compiler Ue4ASP_Character] Input Axis Event references unknown Axis 'LookUp' for  InputAxis LookUp
[2018.03.11-22.10.32:891][  0]LogBlueprint: Warning: [Compiler Ue4ASP_Character] Input Axis Event references unknown Axis 'Turn' for  InputAxis Turn
[2018.03.11-22.10.32:906][  0]LogBlueprint: Warning: [Compiler Ue4ASP_Character] [0039.92] Compile of Ue4ASP_Character successful, but with 4 Warning(s) [in 74 ms] (/Game/AnimStarterPack/Ue4ASP_Character.Ue4ASP_Character)
[2018.03.11-22.10.33:755][  0]LogAIModule: Creating AISystem for world TopDownExampleMap
[2018.03.11-22.10.33:816][  0]LogEditorServer: Finished looking for orphan Actors (0.000 secs)
[2018.03.11-22.10.33:845][  0]Cmd: MAP CHECKDEP NOCLEARLOG
[2018.03.11-22.10.33:923][  0]MapCheck: Map check complete: 0 Error(s), 0 Warning(s), took 77.117ms to complete.
[2018.03.11-22.10.33:923][  0]LogFileHelpers: Loading map 'TopDownExampleMap' took 1.620
[2018.03.11-22.10.34:201][  0]LogCollectionManager: Loaded 0 collections in 0.002777 seconds
[2018.03.11-22.10.34:355][  0]LogFileCache: Scanning file cache for directory 'C:/Users/Zac Gilfoyle/Desktop/SHOT_STUDIOS_FINAL-master/SHOT_STUDIOS_FINAL-master/SHOT_STUDIOS_MASTER_Copy/Saved/Collections/' took 0.01s
[2018.03.11-22.10.34:355][  0]LogFileCache: Scanning file cache for directory 'C:/Users/Zac Gilfoyle/Desktop/SHOT_STUDIOS_FINAL-master/SHOT_STUDIOS_FINAL-master/SHOT_STUDIOS_MASTER_Copy/Content/Developers/ZacGilfoyle/Collections/' took 0.01s
[2018.03.11-22.10.34:355][  0]LogFileCache: Scanning file cache for directory 'C:/Users/Zac Gilfoyle/Desktop/SHOT_STUDIOS_FINAL-master/SHOT_STUDIOS_FINAL-master/SHOT_STUDIOS_MASTER_Copy/Content/Collections/' took 0.01s
[2018.03.11-22.10.34:355][  0]LogCollectionManager: Rebuilt the GUID cache for 0 collections in 0.000000 seconds
[2018.03.11-22.10.34:365][  0]LogContentBrowser: Native class hierarchy populated in 0.0087 seconds. Added 2363 classes and 519 folders.
[2018.03.11-22.10.34:479][  0]LogContentBrowser: Native class hierarchy updated for 'WidgetCarousel' in 0.0002 seconds. Added 0 classes and 0 folders.
[2018.03.11-22.10.34:890][  0]LogContentBrowser: Native class hierarchy updated for 'AddContentDialog' in 0.0002 seconds. Added 0 classes and 0 folders.
[2018.03.11-22.10.34:966][  0]LogContentBrowser: Native class hierarchy updated for 'SceneOutliner' in 0.0003 seconds. Added 1 classes and 2 folders.
[2018.03.11-22.10.35:042][  0]LogSlate: Took 0.006627 seconds to synchronously load lazily loaded font '../../../Engine/Content/Slate/Fonts/Roboto-Regular.ttf' (155K)
[2018.03.11-22.10.35:051][  0]LogSlate: Took 0.005921 seconds to synchronously load lazily loaded font '../../../Engine/Content/Slate/Fonts/Roboto-Bold.ttf' (160K)
[2018.03.11-22.10.35:066][  0]LogSlate: Took 0.007124 seconds to synchronously load lazily loaded font '../../../Engine/Content/Editor/Slate/Fonts/FontAwesome.ttf' (139K)
[2018.03.11-22.10.35:255][  0]LogRenderer: Reallocating scene render targets to support 964x436 Format 10 NumSamples 1 (Frame:1).
[2018.03.11-22.10.35:622][  0]LogContentBrowser: Native class hierarchy updated for 'HierarchicalLODOutliner' in 0.0003 seconds. Added 1 classes and 2 folders.
[2018.03.11-22.10.35:622][  0]LogLoad: (Engine Initialization) Total time: 42.64 seconds
[2018.03.11-22.10.35:622][  0]LogLoad: (Engine Initialization) Total Blueprint compile time: 0.00 seconds
[2018.03.11-22.10.35:623][  0]LogExternalProfiler: No external profilers were discovered.  External profiling features will not be available.
[2018.03.11-22.10.35:670][  0]LogContentStreaming: Texture pool size now 1000 MB
[2018.03.11-22.10.35:753][  0]LogSlate: Took 0.004950 seconds to synchronously load lazily loaded font '../../../Engine/Content/Slate/Fonts/Roboto-Light.ttf' (159K)
[2018.03.11-22.10.35:789][  1]LogAssetRegistry: Asset discovery search completed in 25.4509 seconds
[2018.03.11-22.10.35:791][  1]LogCollectionManager: Rebuilt the object cache for 0 collections in 0.000000 seconds (found 0 objects)
[2018.03.11-22.10.35:791][  1]LogCollectionManager: Fixed up redirectors for 0 collections in 0.000061 seconds (updated 0 objects)
[2018.03.11-22.11.35:695][780]LogHttp: Warning: 0000016982FEB580: request failed, libcurl error: 6 (Couldn't resolve host name)
[2018.03.11-22.11.35:695][780]LogHttp: Warning: 0000016982FEB580: libcurl info message cache 0 (Could not resolve host: datarouter.ol.epicgames.com)
[2018.03.11-22.11.35:695][780]LogHttp: Warning: 0000016982FEB580: libcurl info message cache 1 (Closing connection 0)
[2018.03.11-22.13.35:737][385]LogHttp: Warning: 0000016982FEBB80: request failed, libcurl error: 6 (Couldn't resolve host name)
[2018.03.11-22.13.35:737][385]LogHttp: Warning: 0000016982FEBB80: libcurl info message cache 0 (Could not resolve host: datarouter.ol.epicgames.com)
[2018.03.11-22.13.35:737][385]LogHttp: Warning: 0000016982FEBB80: libcurl info message cache 1 (Closing connection 1)
[2018.03.11-22.15.35:793][314]LogHttp: Warning: 0000016982FEA200: request failed, libcurl error: 6 (Couldn't resolve host name)
[2018.03.11-22.15.35:793][314]LogHttp: Warning: 0000016982FEA200: libcurl info message cache 0 (Could not resolve host: datarouter.ol.epicgames.com)
[2018.03.11-22.15.35:793][314]LogHttp: Warning: 0000016982FEA200: libcurl info message cache 1 (Closing connection 2)
[2018.03.11-22.17.35:847][314]LogHttp: Warning: 0000016982FEA680: request failed, libcurl error: 6 (Couldn't resolve host name)
[2018.03.11-22.17.35:847][314]LogHttp: Warning: 0000016982FEA680: libcurl info message cache 0 (Could not resolve host: datarouter.ol.epicgames.com)
[2018.03.11-22.17.35:847][314]LogHttp: Warning: 0000016982FEA680: libcurl info message cache 1 (Closing connection 3)
[2018.03.11-22.19.35:888][ 40]LogHttp: Warning: 0000016982FEA080: request failed, libcurl error: 6 (Couldn't resolve host name)
[2018.03.11-22.19.35:888][ 40]LogHttp: Warning: 0000016982FEA080: libcurl info message cache 0 (Could not resolve host: datarouter.ol.epicgames.com)
[2018.03.11-22.19.35:888][ 40]LogHttp: Warning: 0000016982FEA080: libcurl info message cache 1 (Closing connection 4)
[2018.03.11-22.21.35:941][695]LogHttp: Warning: 0000016982FEAE00: request failed, libcurl error: 6 (Couldn't resolve host name)
[2018.03.11-22.21.35:941][695]LogHttp: Warning: 0000016982FEAE00: libcurl info message cache 0 (Could not resolve host: datarouter.ol.epicgames.com)
[2018.03.11-22.21.35:941][695]LogHttp: Warning: 0000016982FEAE00: libcurl info message cache 1 (Closing connection 5)
[2018.03.11-22.23.35:977][685]LogHttp: Warning: 0000016982FEA080: request failed, libcurl error: 6 (Couldn't resolve host name)
[2018.03.11-22.23.35:977][685]LogHttp: Warning: 0000016982FEA080: libcurl info message cache 0 (Could not resolve host: datarouter.ol.epicgames.com)
[2018.03.11-22.23.35:977][685]LogHttp: Warning: 0000016982FEA080: libcurl info message cache 1 (Closing connection 6)
[2018.03.11-22.24.31:091][514]LogEditorViewport: Clicking on Actor (LMB): StaticMeshActor (Floor)
[2018.03.11-22.24.38:923][699]LogSlate: Took 0.000184 seconds to synchronously load lazily loaded font '../../../Engine/Content/Slate/Fonts/Roboto-Light.ttf' (159K)
[2018.03.11-22.24.39:388][699]LogSlate: Took 0.000191 seconds to synchronously load lazily loaded font '../../../Engine/Content/Slate/Fonts/Roboto-Regular.ttf' (155K)
[2018.03.11-22.24.39:481][699]LogContentBrowser: Native class hierarchy updated for 'BlueprintGraph' in 0.0006 seconds. Added 116 classes and 0 folders.
[2018.03.11-22.24.40:323][699]LogSlate: Took 0.004368 seconds to synchronously load lazily loaded font '../../../Engine/Content/Editor/Slate/Fonts/Roboto-BoldCondensed.ttf' (158K)
[2018.03.11-22.25.36:064][  9]LogHttp: Warning: 0000016A0E60C280: request failed, libcurl error: 6 (Couldn't resolve host name)
[2018.03.11-22.25.36:064][  9]LogHttp: Warning: 0000016A0E60C280: libcurl info message cache 0 (Could not resolve host: datarouter.ol.epicgames.com)
[2018.03.11-22.25.36:064][  9]LogHttp: Warning: 0000016A0E60C280: libcurl info message cache 1 (Closing connection 7)
[2018.03.11-22.25.36:652][ 17]LogSlate: Took 0.005978 seconds to synchronously load lazily loaded font '../../../Engine/Content/Editor/Slate/Fonts/Roboto-Italic.ttf' (157K)
[2018.03.11-22.27.15:516][106]LogSavePackage: Save=38.63ms
[2018.03.11-22.27.15:516][106]LogSavePackage: Moving '../../../../../../Users/Zac Gilfoyle/Desktop/SHOT_STUDIOS_FINAL-master/SHOT_STUDIOS_FINAL-master/SHOT_STUDIOS_MASTER_Copy/Saved/Spear18FC6544406C3E230F52BCB339AE5EB3.tmp' to '../../../../../../Users/Zac Gilfoyle/Desktop/SHOT_STUDIOS_FINAL-master/SHOT_STUDIOS_FINAL-master/SHOT_STUDIOS_MASTER_Copy/Content/TopDownBP/Spear.uasset'
[2018.03.11-22.27.15:528][106]LogSavePackage: Display: Finished SavePackage ../../../../../../Users/Zac Gilfoyle/Desktop/SHOT_STUDIOS_FINAL-master/SHOT_STUDIOS_FINAL-master/SHOT_STUDIOS_MASTER_Copy/Content/TopDownBP/Spear.uasset
[2018.03.11-22.27.16:006][115]BlueprintLog: New page: Compile Spear
[2018.03.11-22.27.36:103][767]LogHttp: Warning: 00000169E6154880: request failed, libcurl error: 6 (Couldn't resolve host name)
[2018.03.11-22.27.36:103][767]LogHttp: Warning: 00000169E6154880: libcurl info message cache 0 (Could not resolve host: datarouter.ol.epicgames.com)
[2018.03.11-22.27.36:103][767]LogHttp: Warning: 00000169E6154880: libcurl info message cache 1 (Closing connection 8)
[2018.03.11-22.29.23:315][972]LogRenderer: Reallocating scene render targets to support 1028x540 Format 10 NumSamples 1 (Frame:1).
[2018.03.11-22.29.36:214][316]LogHttp: Warning: 0000016989E74D00: request failed, libcurl error: 6 (Couldn't resolve host name)
[2018.03.11-22.29.36:214][316]LogHttp: Warning: 0000016989E74D00: libcurl info message cache 0 (Could not resolve host: datarouter.ol.epicgames.com)
[2018.03.11-22.29.36:214][316]LogHttp: Warning: 0000016989E74D00: libcurl info message cache 1 (Closing connection 9)
[2018.03.11-22.30.14:824][268]LogClass: Warning: In asset 'None', there is an enum property of type 'ECollisionEnabled' with an invalid value of ''
[2018.03.11-22.30.14:824][268]LogClass: Warning: In asset 'None', there is an enum property of type 'ECollisionEnabled' with an invalid value of ''
[2018.03.11-22.30.14:824][268]LogClass: Warning: In asset 'None', there is an enum property of type 'ECollisionChannel' with an invalid value of ''
[2018.03.11-22.30.14:824][268]LogClass: Warning: In asset 'None', there is an enum property of type 'ECollisionChannel' with an invalid value of ''
[2018.03.11-22.30.26:899][865]LogSavePackage: Save=36.27ms
[2018.03.11-22.30.26:899][865]LogSavePackage: Moving '../../../../../../Users/Zac Gilfoyle/Desktop/SHOT_STUDIOS_FINAL-master/SHOT_STUDIOS_FINAL-master/SHOT_STUDIOS_MASTER_Copy/Saved/Spear90963B8147D2E41285581B9F1F9DA815.tmp' to '../../../../../../Users/Zac Gilfoyle/Desktop/SHOT_STUDIOS_FINAL-master/SHOT_STUDIOS_FINAL-master/SHOT_STUDIOS_MASTER_Copy/Content/TopDownBP/Spear.uasset'
[2018.03.11-22.30.26:905][865]LogSavePackage: Display: Finished SavePackage ../../../../../../Users/Zac Gilfoyle/Desktop/SHOT_STUDIOS_FINAL-master/SHOT_STUDIOS_FINAL-master/SHOT_STUDIOS_MASTER_Copy/Content/TopDownBP/Spear.uasset
[2018.03.11-22.30.27:337][875]BlueprintLog: New page: Compile Spear
[2018.03.11-22.31.36:266][977]LogHttp: Warning: 0000016A260AFD00: request failed, libcurl error: 6 (Couldn't resolve host name)
[2018.03.11-22.31.36:266][977]LogHttp: Warning: 0000016A260AFD00: libcurl info message cache 0 (Could not resolve host: datarouter.ol.epicgames.com)
[2018.03.11-22.31.36:266][977]LogHttp: Warning: 0000016A260AFD00: libcurl info message cache 1 (Closing connection 10)
[2018.03.11-22.32.33:779][472]LogTemp: Repeating last play command: Selected Viewport
[2018.03.11-22.32.33:853][472]LogBlueprintUserMessages: Early PlayInEditor Detection: Level '/Game/TopDownBP/Maps/TopDownExampleMap.TopDownExampleMap:PersistentLevel' has LevelScriptBlueprint '/Game/TopDownBP/Maps/TopDownExampleMap.TopDownExampleMap:PersistentLevel.TopDownExampleMap' with GeneratedClass '/Game/TopDownBP/Maps/TopDownExampleMap.TopDownExampleMap_C' with ClassGeneratedBy '/Game/TopDownBP/Maps/TopDownExampleMap.TopDownExampleMap:PersistentLevel.TopDownExampleMap'
[2018.03.11-22.32.33:854][472]LogPlayLevel: PlayLevel: No blueprints needed recompiling
[2018.03.11-22.32.33:860][472]PIE: New page: PIE session: TopDownExampleMap (12 Mar 2018 8:32:33 pm)
[2018.03.11-22.32.33:860][472]LogPlayLevel: Creating play world package: /Game/TopDownBP/Maps/UEDPIE_0_TopDownExampleMap
[2018.03.11-22.32.33:901][472]LogPlayLevel: PIE: StaticDuplicateObject took: (0.040292s)
[2018.03.11-22.32.33:902][472]LogAIModule: Creating AISystem for world TopDownExampleMap
[2018.03.11-22.32.33:903][472]LogPlayLevel: PIE: World Init took: (0.002056s)
[2018.03.11-22.32.33:903][472]LogPlayLevel: PIE: Created PIE world by copying editor world from /Game/TopDownBP/Maps/TopDownExampleMap.TopDownExampleMap to /Game/TopDownBP/Maps/UEDPIE_0_TopDownExampleMap.TopDownExampleMap (0.043306s)
[2018.03.11-22.32.33:932][472]LogInit: XAudio2 using 'Speaker/Headphone (Realtek High Definition Audio)' : 2 channels at 48 kHz using 32 bits per sample (channel mask 0x3)
[2018.03.11-22.32.33:964][472]LogInit: FAudioDevice initialized.
[2018.03.11-22.32.34:011][472]LogLoad: Game class is 'TopDownGameMode_C'
[2018.03.11-22.32.34:023][472]LogWorld: Bringing World /Game/TopDownBP/Maps/UEDPIE_0_TopDownExampleMap.TopDownExampleMap up for play (max tick rate 60) at 2018.03.12-09.32.34
[2018.03.11-22.32.34:031][472]LogWorld: Bringing up level for play took: 0.012151
[2018.03.11-22.32.34:119][472]LogContentBrowser: Native class hierarchy updated for 'MovieSceneCapture' in 0.0004 seconds. Added 11 classes and 0 folders.
[2018.03.11-22.32.34:130][472]PIE: Play in editor start time for /Game/TopDownBP/Maps/UEDPIE_0_TopDownExampleMap 0.828
[2018.03.11-22.32.34:130][472]LogBlueprintUserMessages: Late PlayInEditor Detection: Level '/Game/TopDownBP/Maps/TopDownExampleMap.TopDownExampleMap:PersistentLevel' has LevelScriptBlueprint '/Game/TopDownBP/Maps/TopDownExampleMap.TopDownExampleMap:PersistentLevel.TopDownExampleMap' with GeneratedClass '/Game/TopDownBP/Maps/TopDownExampleMap.TopDownExampleMap_C' with ClassGeneratedBy '/Game/TopDownBP/Maps/TopDownExampleMap.TopDownExampleMap:PersistentLevel.TopDownExampleMap'
[2018.03.11-22.32.49:082][918]LogBlueprintUserMessages: Early EndPlayMap Detection: Level '/Game/TopDownBP/Maps/TopDownExampleMap.TopDownExampleMap:PersistentLevel' has LevelScriptBlueprint '/Game/TopDownBP/Maps/TopDownExampleMap.TopDownExampleMap:PersistentLevel.TopDownExampleMap' with GeneratedClass '/Game/TopDownBP/Maps/TopDownExampleMap.TopDownExampleMap_C' with ClassGeneratedBy '/Game/TopDownBP/Maps/TopDownExampleMap.TopDownExampleMap:PersistentLevel.TopDownExampleMap'
[2018.03.11-22.32.49:146][918]LogBlueprintUserMessages: Late EndPlayMap Detection: Level '/Game/TopDownBP/Maps/TopDownExampleMap.TopDownExampleMap:PersistentLevel' has LevelScriptBlueprint '/Game/TopDownBP/Maps/TopDownExampleMap.TopDownExampleMap:PersistentLevel.TopDownExampleMap' with GeneratedClass '/Game/TopDownBP/Maps/TopDownExampleMap.TopDownExampleMap_C' with ClassGeneratedBy '/Game/TopDownBP/Maps/TopDownExampleMap.TopDownExampleMap:PersistentLevel.TopDownExampleMap'
[2018.03.11-22.33.36:323][336]LogHttp: Warning: 0000016983D01C00: request failed, libcurl error: 6 (Couldn't resolve host name)
[2018.03.11-22.33.36:323][336]LogHttp: Warning: 0000016983D01C00: libcurl info message cache 0 (Could not resolve host: datarouter.ol.epicgames.com)
[2018.03.11-22.33.36:323][336]LogHttp: Warning: 0000016983D01C00: libcurl info message cache 1 (Closing connection 11)
[2018.03.11-22.35.36:365][ 80]LogHttp: Warning: 0000016A0AC81D80: request failed, libcurl error: 6 (Couldn't resolve host name)
[2018.03.11-22.35.36:365][ 80]LogHttp: Warning: 0000016A0AC81D80: libcurl info message cache 0 (Could not resolve host: datarouter.ol.epicgames.com)
[2018.03.11-22.35.36:365][ 80]LogHttp: Warning: 0000016A0AC81D80: libcurl info message cache 1 (Closing connection 12)
[2018.03.11-22.35.42:157][247]LogTemp: Repeating last play command: Selected Viewport
[2018.03.11-22.35.42:181][247]LogBlueprintUserMessages: Early PlayInEditor Detection: Level '/Game/TopDownBP/Maps/TopDownExampleMap.TopDownExampleMap:PersistentLevel' has LevelScriptBlueprint '/Game/TopDownBP/Maps/TopDownExampleMap.TopDownExampleMap:PersistentLevel.TopDownExampleMap' with GeneratedClass '/Game/TopDownBP/Maps/TopDownExampleMap.TopDownExampleMap_C' with ClassGeneratedBy '/Game/TopDownBP/Maps/TopDownExampleMap.TopDownExampleMap:PersistentLevel.TopDownExampleMap'
[2018.03.11-22.35.42:181][247]LogPlayLevel: PlayLevel: No blueprints needed recompiling
[2018.03.11-22.35.42:182][247]PIE: New page: PIE session: TopDownExampleMap (12 Mar 2018 8:35:42 pm)
[2018.03.11-22.35.42:182][247]LogPlayLevel: Creating play world package: /Game/TopDownBP/Maps/UEDPIE_0_TopDownExampleMap
[2018.03.11-22.35.42:213][247]LogPlayLevel: PIE: StaticDuplicateObject took: (0.031619s)
[2018.03.11-22.35.42:214][247]LogAIModule: Creating AISystem for world TopDownExampleMap
[2018.03.11-22.35.42:214][247]LogPlayLevel: PIE: World Init took: (0.001258s)
[2018.03.11-22.35.42:215][247]LogPlayLevel: PIE: Created PIE world by copying editor world from /Game/TopDownBP/Maps/TopDownExampleMap.TopDownExampleMap to /Game/TopDownBP/Maps/UEDPIE_0_TopDownExampleMap.TopDownExampleMap (0.033241s)
[2018.03.11-22.35.42:243][247]LogInit: XAudio2 using 'Speaker/Headphone (Realtek High Definition Audio)' : 2 channels at 48 kHz using 32 bits per sample (channel mask 0x3)
[2018.03.11-22.35.42:269][247]LogInit: FAudioDevice initialized.
[2018.03.11-22.35.42:419][247]LogLoad: Game class is 'TopDownGameMode_C'
[2018.03.11-22.35.42:425][247]LogWorld: Bringing World /Game/TopDownBP/Maps/UEDPIE_0_TopDownExampleMap.TopDownExampleMap up for play (max tick rate 60) at 2018.03.12-09.35.42
[2018.03.11-22.35.42:426][247]LogWorld: Bringing up level for play took: 0.005927
[2018.03.11-22.35.42:429][247]PIE: Play in editor start time for /Game/TopDownBP/Maps/UEDPIE_0_TopDownExampleMap 1.126
[2018.03.11-22.35.42:430][247]LogBlueprintUserMessages: Late PlayInEditor Detection: Level '/Game/TopDownBP/Maps/TopDownExampleMap.TopDownExampleMap:PersistentLevel' has LevelScriptBlueprint '/Game/TopDownBP/Maps/TopDownExampleMap.TopDownExampleMap:PersistentLevel.TopDownExampleMap' with GeneratedClass '/Game/TopDownBP/Maps/TopDownExampleMap.TopDownExampleMap_C' with ClassGeneratedBy '/Game/TopDownBP/Maps/TopDownExampleMap.TopDownExampleMap:PersistentLevel.TopDownExampleMap'
[2018.03.11-22.35.42:473][247]LogRenderer: Reallocating scene render targets to support 1028x576 Format 10 NumSamples 1 (Frame:1).
[2018.03.11-22.37.13:929][424]LogSavePackage: Save=32.74ms
[2018.03.11-22.37.13:929][424]LogSavePackage: Moving '../../../../../../Users/Zac Gilfoyle/Desktop/SHOT_STUDIOS_FINAL-master/SHOT_STUDIOS_FINAL-master/SHOT_STUDIOS_MASTER_Copy/Saved/SpearE19D668A4D980D9F28100C8AF5ACCC62.tmp' to '../../../../../../Users/Zac Gilfoyle/Desktop/SHOT_STUDIOS_FINAL-master/SHOT_STUDIOS_FINAL-master/SHOT_STUDIOS_MASTER_Copy/Content/TopDownBP/Spear.uasset'
[2018.03.11-22.37.13:931][424]LogSavePackage: Display: Finished SavePackage ../../../../../../Users/Zac Gilfoyle/Desktop/SHOT_STUDIOS_FINAL-master/SHOT_STUDIOS_FINAL-master/SHOT_STUDIOS_MASTER_Copy/Content/TopDownBP/Spear.uasset
[2018.03.11-22.37.19:306][570]LogBlueprintUserMessages: Early EndPlayMap Detection: Level '/Game/TopDownBP/Maps/TopDownExampleMap.TopDownExampleMap:PersistentLevel' has LevelScriptBlueprint '/Game/TopDownBP/Maps/TopDownExampleMap.TopDownExampleMap:PersistentLevel.TopDownExampleMap' with GeneratedClass '/Game/TopDownBP/Maps/TopDownExampleMap.TopDownExampleMap_C' with ClassGeneratedBy '/Game/TopDownBP/Maps/TopDownExampleMap.TopDownExampleMap:PersistentLevel.TopDownExampleMap'
[2018.03.11-22.37.19:387][570]LogBlueprintUserMessages: Late EndPlayMap Detection: Level '/Game/TopDownBP/Maps/TopDownExampleMap.TopDownExampleMap:PersistentLevel' has LevelScriptBlueprint '/Game/TopDownBP/Maps/TopDownExampleMap.TopDownExampleMap:PersistentLevel.TopDownExampleMap' with GeneratedClass '/Game/TopDownBP/Maps/TopDownExampleMap.TopDownExampleMap_C' with ClassGeneratedBy '/Game/TopDownBP/Maps/TopDownExampleMap.TopDownExampleMap:PersistentLevel.TopDownExampleMap'
[2018.03.11-22.37.36:419][ 42]LogHttp: Warning: 0000016A0925A980: request failed, libcurl error: 6 (Couldn't resolve host name)
[2018.03.11-22.37.36:419][ 42]LogHttp: Warning: 0000016A0925A980: libcurl info message cache 0 (Could not resolve host: datarouter.ol.epicgames.com)
[2018.03.11-22.37.36:419][ 42]LogHttp: Warning: 0000016A0925A980: libcurl info message cache 1 (Closing connection 13)
[2018.03.11-22.37.59:549][794]LogSavePackage: Save=46.35ms
[2018.03.11-22.37.59:549][794]LogSavePackage: Moving '../../../../../../Users/Zac Gilfoyle/Desktop/SHOT_STUDIOS_FINAL-master/SHOT_STUDIOS_FINAL-master/SHOT_STUDIOS_MASTER_Copy/Saved/Spear6660CE9B49B37391AB1983A94735FD5C.tmp' to '../../../../../../Users/Zac Gilfoyle/Desktop/SHOT_STUDIOS_FINAL-master/SHOT_STUDIOS_FINAL-master/SHOT_STUDIOS_MASTER_Copy/Content/TopDownBP/Spear.uasset'
[2018.03.11-22.37.59:557][794]LogSavePackage: Display: Finished SavePackage ../../../../../../Users/Zac Gilfoyle/Desktop/SHOT_STUDIOS_FINAL-master/SHOT_STUDIOS_FINAL-master/SHOT_STUDIOS_MASTER_Copy/Content/TopDownBP/Spear.uasset
[2018.03.11-22.37.59:994][811]BlueprintLog: New page: Compile Spear
[2018.03.11-22.38.01:832][850]LogSavePackage: Save=206.57ms
[2018.03.11-22.38.01:832][850]LogSavePackage: Moving '../../../../../../Users/Zac Gilfoyle/Desktop/SHOT_STUDIOS_FINAL-master/SHOT_STUDIOS_FINAL-master/SHOT_STUDIOS_MASTER_Copy/Saved/TopDownExampleMap4E10DBF54C3EFC29A0877E8AB36B6103.tmp' to '../../../../../../Users/Zac Gilfoyle/Desktop/SHOT_STUDIOS_FINAL-master/SHOT_STUDIOS_FINAL-master/SHOT_STUDIOS_MASTER_Copy/Content/TopDownBP/Maps/TopDownExampleMap.umap'
[2018.03.11-22.38.01:839][850]LogSavePackage: Display: Finished SavePackage ../../../../../../Users/Zac Gilfoyle/Desktop/SHOT_STUDIOS_FINAL-master/SHOT_STUDIOS_FINAL-master/SHOT_STUDIOS_MASTER_Copy/Content/TopDownBP/Maps/TopDownExampleMap.umap
[2018.03.11-22.38.02:101][850]LogSavePackage: Save=188.33ms
[2018.03.11-22.38.02:101][850]LogSavePackage: Moving '../../../../../../Users/Zac Gilfoyle/Desktop/SHOT_STUDIOS_FINAL-master/SHOT_STUDIOS_FINAL-master/SHOT_STUDIOS_MASTER_Copy/Saved/TopDownExampleMap_BuiltData021A0F254143D31B7B3090859E598D66.tmp' to '../../../../../../Users/Zac Gilfoyle/Desktop/SHOT_STUDIOS_FINAL-master/SHOT_STUDIOS_FINAL-master/SHOT_STUDIOS_MASTER_Copy/Content/TopDownBP/Maps/TopDownExampleMap_BuiltData.uasset'
[2018.03.11-22.38.02:103][850]LogSavePackage: Display: Finished SavePackage ../../../../../../Users/Zac Gilfoyle/Desktop/SHOT_STUDIOS_FINAL-master/SHOT_STUDIOS_FINAL-master/SHOT_STUDIOS_MASTER_Copy/Content/TopDownBP/Maps/TopDownExampleMap_BuiltData.uasset
[2018.03.11-22.38.02:625][859]LogTemp: Repeating last play command: Selected Viewport
[2018.03.11-22.38.02:646][859]LogBlueprintUserMessages: Early PlayInEditor Detection: Level '/Game/TopDownBP/Maps/TopDownExampleMap.TopDownExampleMap:PersistentLevel' has LevelScriptBlueprint '/Game/TopDownBP/Maps/TopDownExampleMap.TopDownExampleMap:PersistentLevel.TopDownExampleMap' with GeneratedClass '/Game/TopDownBP/Maps/TopDownExampleMap.TopDownExampleMap_C' with ClassGeneratedBy '/Game/TopDownBP/Maps/TopDownExampleMap.TopDownExampleMap:PersistentLevel.TopDownExampleMap'
[2018.03.11-22.38.02:646][859]LogPlayLevel: PlayLevel: No blueprints needed recompiling
[2018.03.11-22.38.02:646][859]PIE: New page: PIE session: TopDownExampleMap (12 Mar 2018 8:38:02 pm)
[2018.03.11-22.38.02:646][859]LogPlayLevel: Creating play world package: /Game/TopDownBP/Maps/UEDPIE_0_TopDownExampleMap
[2018.03.11-22.38.02:715][859]LogPlayLevel: PIE: StaticDuplicateObject took: (0.068750s)
[2018.03.11-22.38.02:716][859]LogAIModule: Creating AISystem for world TopDownExampleMap
[2018.03.11-22.38.02:716][859]LogPlayLevel: PIE: World Init took: (0.001047s)
[2018.03.11-22.38.02:716][859]LogPlayLevel: PIE: Created PIE world by copying editor world from /Game/TopDownBP/Maps/TopDownExampleMap.TopDownExampleMap to /Game/TopDownBP/Maps/UEDPIE_0_TopDownExampleMap.TopDownExampleMap (0.070209s)
[2018.03.11-22.38.02:747][859]LogInit: XAudio2 using 'Speaker/Headphone (Realtek High Definition Audio)' : 2 channels at 48 kHz using 32 bits per sample (channel mask 0x3)
[2018.03.11-22.38.02:775][859]LogInit: FAudioDevice initialized.
[2018.03.11-22.38.02:812][859]LogLoad: Game class is 'TopDownGameMode_C'
[2018.03.11-22.38.02:817][859]LogWorld: Bringing World /Game/TopDownBP/Maps/UEDPIE_0_TopDownExampleMap.TopDownExampleMap up for play (max tick rate 60) at 2018.03.12-09.38.02
[2018.03.11-22.38.02:817][859]LogWorld: Bringing up level for play took: 0.005197
[2018.03.11-22.38.02:819][859]PIE: Play in editor start time for /Game/TopDownBP/Maps/UEDPIE_0_TopDownExampleMap -0.483
[2018.03.11-22.38.02:820][859]LogBlueprintUserMessages: Late PlayInEditor Detection: Level '/Game/TopDownBP/Maps/TopDownExampleMap.TopDownExampleMap:PersistentLevel' has LevelScriptBlueprint '/Game/TopDownBP/Maps/TopDownExampleMap.TopDownExampleMap:PersistentLevel.TopDownExampleMap' with GeneratedClass '/Game/TopDownBP/Maps/TopDownExampleMap.TopDownExampleMap_C' with ClassGeneratedBy '/Game/TopDownBP/Maps/TopDownExampleMap.TopDownExampleMap:PersistentLevel.TopDownExampleMap'
[2018.03.11-22.38.12:801][160]LogBlueprintUserMessages: Early EndPlayMap Detection: Level '/Game/TopDownBP/Maps/TopDownExampleMap.TopDownExampleMap:PersistentLevel' has LevelScriptBlueprint '/Game/TopDownBP/Maps/TopDownExampleMap.TopDownExampleMap:PersistentLevel.TopDownExampleMap' with GeneratedClass '/Game/TopDownBP/Maps/TopDownExampleMap.TopDownExampleMap_C' with ClassGeneratedBy '/Game/TopDownBP/Maps/TopDownExampleMap.TopDownExampleMap:PersistentLevel.TopDownExampleMap'
[2018.03.11-22.38.12:870][160]LogBlueprintUserMessages: Late EndPlayMap Detection: Level '/Game/TopDownBP/Maps/TopDownExampleMap.TopDownExampleMap:PersistentLevel' has LevelScriptBlueprint '/Game/TopDownBP/Maps/TopDownExampleMap.TopDownExampleMap:PersistentLevel.TopDownExampleMap' with GeneratedClass '/Game/TopDownBP/Maps/TopDownExampleMap.TopDownExampleMap_C' with ClassGeneratedBy '/Game/TopDownBP/Maps/TopDownExampleMap.TopDownExampleMap:PersistentLevel.TopDownExampleMap'
[2018.03.11-22.38.37:046][892]LogSlate: Took 0.000304 seconds to synchronously load lazily loaded font '../../../Engine/Content/Slate/Fonts/Roboto-Light.ttf' (159K)
[2018.03.11-22.39.36:542][896]LogHttp: Warning: 0000016A059D1D80: request failed, libcurl error: 6 (Couldn't resolve host name)
[2018.03.11-22.39.36:542][896]LogHttp: Warning: 0000016A059D1D80: libcurl info message cache 0 (Could not resolve host: datarouter.ol.epicgames.com)
[2018.03.11-22.39.36:542][896]LogHttp: Warning: 0000016A059D1D80: libcurl info message cache 1 (Closing connection 14)
[2018.03.11-22.39.44:623][  2]LogSavePackage: Save=34.23ms
[2018.03.11-22.39.44:624][  2]LogSavePackage: Moving '../../../../../../Users/Zac Gilfoyle/Desktop/SHOT_STUDIOS_FINAL-master/SHOT_STUDIOS_FINAL-master/SHOT_STUDIOS_MASTER_Copy/Saved/Spear2E3E6D05481EC0CA6BB378B492AC3C4F.tmp' to '../../../../../../Users/Zac Gilfoyle/Desktop/SHOT_STUDIOS_FINAL-master/SHOT_STUDIOS_FINAL-master/SHOT_STUDIOS_MASTER_Copy/Content/TopDownBP/Spear.uasset'
[2018.03.11-22.39.44:629][  2]LogSavePackage: Display: Finished SavePackage ../../../../../../Users/Zac Gilfoyle/Desktop/SHOT_STUDIOS_FINAL-master/SHOT_STUDIOS_FINAL-master/SHOT_STUDIOS_MASTER_Copy/Content/TopDownBP/Spear.uasset
[2018.03.11-22.39.45:067][ 11]BlueprintLog: New page: Compile Spear
[2018.03.11-22.39.46:649][ 37]LogTemp: Repeating last play command: Selected Viewport
[2018.03.11-22.39.46:671][ 37]LogBlueprintUserMessages: Early PlayInEditor Detection: Level '/Game/TopDownBP/Maps/TopDownExampleMap.TopDownExampleMap:PersistentLevel' has LevelScriptBlueprint '/Game/TopDownBP/Maps/TopDownExampleMap.TopDownExampleMap:PersistentLevel.TopDownExampleMap' with GeneratedClass '/Game/TopDownBP/Maps/TopDownExampleMap.TopDownExampleMap_C' with ClassGeneratedBy '/Game/TopDownBP/Maps/TopDownExampleMap.TopDownExampleMap:PersistentLevel.TopDownExampleMap'
[2018.03.11-22.39.46:671][ 37]LogPlayLevel: PlayLevel: No blueprints needed recompiling
[2018.03.11-22.39.46:672][ 37]PIE: New page: PIE session: TopDownExampleMap (12 Mar 2018 8:39:46 pm)
[2018.03.11-22.39.46:672][ 37]LogPlayLevel: Creating play world package: /Game/TopDownBP/Maps/UEDPIE_0_TopDownExampleMap
[2018.03.11-22.39.46:736][ 37]LogPlayLevel: PIE: StaticDuplicateObject took: (0.064154s)
[2018.03.11-22.39.46:737][ 37]LogAIModule: Creating AISystem for world TopDownExampleMap
[2018.03.11-22.39.46:737][ 37]LogPlayLevel: PIE: World Init took: (0.001248s)
[2018.03.11-22.39.46:737][ 37]LogPlayLevel: PIE: Created PIE world by copying editor world from /Game/TopDownBP/Maps/TopDownExampleMap.TopDownExampleMap to /Game/TopDownBP/Maps/UEDPIE_0_TopDownExampleMap.TopDownExampleMap (0.065881s)
[2018.03.11-22.39.46:762][ 37]LogInit: XAudio2 using 'Speaker/Headphone (Realtek High Definition Audio)' : 2 channels at 48 kHz using 32 bits per sample (channel mask 0x3)
[2018.03.11-22.39.46:789][ 37]LogInit: FAudioDevice initialized.
[2018.03.11-22.39.46:893][ 37]LogLoad: Game class is 'TopDownGameMode_C'
[2018.03.11-22.39.46:900][ 37]LogWorld: Bringing World /Game/TopDownBP/Maps/UEDPIE_0_TopDownExampleMap.TopDownExampleMap up for play (max tick rate 60) at 2018.03.12-09.39.46
[2018.03.11-22.39.46:900][ 37]LogWorld: Bringing up level for play took: 0.006100
[2018.03.11-22.39.46:903][ 37]PIE: Play in editor start time for /Game/TopDownBP/Maps/UEDPIE_0_TopDownExampleMap -0.399
[2018.03.11-22.39.46:903][ 37]LogBlueprintUserMessages: Late PlayInEditor Detection: Level '/Game/TopDownBP/Maps/TopDownExampleMap.TopDownExampleMap:PersistentLevel' has LevelScriptBlueprint '/Game/TopDownBP/Maps/TopDownExampleMap.TopDownExampleMap:PersistentLevel.TopDownExampleMap' with GeneratedClass '/Game/TopDownBP/Maps/TopDownExampleMap.TopDownExampleMap_C' with ClassGeneratedBy '/Game/TopDownBP/Maps/TopDownExampleMap.TopDownExampleMap:PersistentLevel.TopDownExampleMap'
[2018.03.11-22.39.53:544][138]LogBlueprintUserMessages: Early EndPlayMap Detection: Level '/Game/TopDownBP/Maps/TopDownExampleMap.TopDownExampleMap:PersistentLevel' has LevelScriptBlueprint '/Game/TopDownBP/Maps/TopDownExampleMap.TopDownExampleMap:PersistentLevel.TopDownExampleMap' with GeneratedClass '/Game/TopDownBP/Maps/TopDownExampleMap.TopDownExampleMap_C' with ClassGeneratedBy '/Game/TopDownBP/Maps/TopDownExampleMap.TopDownExampleMap:PersistentLevel.TopDownExampleMap'
[2018.03.11-22.39.53:653][138]LogBlueprintUserMessages: Late EndPlayMap Detection: Level '/Game/TopDownBP/Maps/TopDownExampleMap.TopDownExampleMap:PersistentLevel' has LevelScriptBlueprint '/Game/TopDownBP/Maps/TopDownExampleMap.TopDownExampleMap:PersistentLevel.TopDownExampleMap' with GeneratedClass '/Game/TopDownBP/Maps/TopDownExampleMap.TopDownExampleMap_C' with ClassGeneratedBy '/Game/TopDownBP/Maps/TopDownExampleMap.TopDownExampleMap:PersistentLevel.TopDownExampleMap'
[2018.03.11-22.40.18:310][543]LogSavePackage: Save=39.33ms
[2018.03.11-22.40.18:311][543]LogSavePackage: Moving '../../../../../../Users/Zac Gilfoyle/Desktop/SHOT_STUDIOS_FINAL-master/SHOT_STUDIOS_FINAL-master/SHOT_STUDIOS_MASTER_Copy/Saved/Spear3329723C4088B03E54FBFDA56626E954.tmp' to '../../../../../../Users/Zac Gilfoyle/Desktop/SHOT_STUDIOS_FINAL-master/SHOT_STUDIOS_FINAL-master/SHOT_STUDIOS_MASTER_Copy/Content/TopDownBP/Spear.uasset'
[2018.03.11-22.40.18:316][543]LogSavePackage: Display: Finished SavePackage ../../../../../../Users/Zac Gilfoyle/Desktop/SHOT_STUDIOS_FINAL-master/SHOT_STUDIOS_FINAL-master/SHOT_STUDIOS_MASTER_Copy/Content/TopDownBP/Spear.uasset
[2018.03.11-22.40.18:581][550]BlueprintLog: New page: Compile Spear
[2018.03.11-22.40.19:763][571]LogTemp: Repeating last play command: Selected Viewport
[2018.03.11-22.40.19:786][571]LogBlueprintUserMessages: Early PlayInEditor Detection: Level '/Game/TopDownBP/Maps/TopDownExampleMap.TopDownExampleMap:PersistentLevel' has LevelScriptBlueprint '/Game/TopDownBP/Maps/TopDownExampleMap.TopDownExampleMap:PersistentLevel.TopDownExampleMap' with GeneratedClass '/Game/TopDownBP/Maps/TopDownExampleMap.TopDownExampleMap_C' with ClassGeneratedBy '/Game/TopDownBP/Maps/TopDownExampleMap.TopDownExampleMap:PersistentLevel.TopDownExampleMap'
[2018.03.11-22.40.19:786][571]LogPlayLevel: PlayLevel: No blueprints needed recompiling
[2018.03.11-22.40.19:787][571]PIE: New page: PIE session: TopDownExampleMap (12 Mar 2018 8:40:19 pm)
[2018.03.11-22.40.19:787][571]LogPlayLevel: Creating play world package: /Game/TopDownBP/Maps/UEDPIE_0_TopDownExampleMap
[2018.03.11-22.40.19:849][571]LogPlayLevel: PIE: StaticDuplicateObject took: (0.062143s)
[2018.03.11-22.40.19:851][571]LogAIModule: Creating AISystem for world TopDownExampleMap
[2018.03.11-22.40.19:851][571]LogPlayLevel: PIE: World Init took: (0.001405s)
[2018.03.11-22.40.19:851][571]LogPlayLevel: PIE: Created PIE world by copying editor world from /Game/TopDownBP/Maps/TopDownExampleMap.TopDownExampleMap to /Game/TopDownBP/Maps/UEDPIE_0_TopDownExampleMap.TopDownExampleMap (0.064138s)
[2018.03.11-22.40.19:874][571]LogInit: XAudio2 using 'Speaker/Headphone (Realtek High Definition Audio)' : 2 channels at 48 kHz using 32 bits per sample (channel mask 0x3)
[2018.03.11-22.40.19:897][571]LogInit: FAudioDevice initialized.
[2018.03.11-22.40.19:981][571]LogLoad: Game class is 'TopDownGameMode_C'
[2018.03.11-22.40.19:984][571]LogWorld: Bringing World /Game/TopDownBP/Maps/UEDPIE_0_TopDownExampleMap.TopDownExampleMap up for play (max tick rate 60) at 2018.03.12-09.40.19
[2018.03.11-22.40.19:985][571]LogWorld: Bringing up level for play took: 0.003399
[2018.03.11-22.40.19:988][571]PIE: Play in editor start time for /Game/TopDownBP/Maps/UEDPIE_0_TopDownExampleMap 0.686
[2018.03.11-22.40.19:989][571]LogBlueprintUserMessages: Late PlayInEditor Detection: Level '/Game/TopDownBP/Maps/TopDownExampleMap.TopDownExampleMap:PersistentLevel' has LevelScriptBlueprint '/Game/TopDownBP/Maps/TopDownExampleMap.TopDownExampleMap:PersistentLevel.TopDownExampleMap' with GeneratedClass '/Game/TopDownBP/Maps/TopDownExampleMap.TopDownExampleMap_C' with ClassGeneratedBy '/Game/TopDownBP/Maps/TopDownExampleMap.TopDownExampleMap:PersistentLevel.TopDownExampleMap'
[2018.03.11-22.40.29:156][710]LogBlueprintUserMessages: Early EndPlayMap Detection: Level '/Game/TopDownBP/Maps/TopDownExampleMap.TopDownExampleMap:PersistentLevel' has LevelScriptBlueprint '/Game/TopDownBP/Maps/TopDownExampleMap.TopDownExampleMap:PersistentLevel.TopDownExampleMap' with GeneratedClass '/Game/TopDownBP/Maps/TopDownExampleMap.TopDownExampleMap_C' with ClassGeneratedBy '/Game/TopDownBP/Maps/TopDownExampleMap.TopDownExampleMap:PersistentLevel.TopDownExampleMap'
[2018.03.11-22.40.29:261][710]LogBlueprintUserMessages: Late EndPlayMap Detection: Level '/Game/TopDownBP/Maps/TopDownExampleMap.TopDownExampleMap:PersistentLevel' has LevelScriptBlueprint '/Game/TopDownBP/Maps/TopDownExampleMap.TopDownExampleMap:PersistentLevel.TopDownExampleMap' with GeneratedClass '/Game/TopDownBP/Maps/TopDownExampleMap.TopDownExampleMap_C' with ClassGeneratedBy '/Game/TopDownBP/Maps/TopDownExampleMap.TopDownExampleMap:PersistentLevel.TopDownExampleMap'
[2018.03.11-22.40.34:739][821]LogSavePackage: Save=221.36ms
[2018.03.11-22.40.34:739][821]LogSavePackage: Moving '../../../../../../Users/Zac Gilfoyle/Desktop/SHOT_STUDIOS_FINAL-master/SHOT_STUDIOS_FINAL-master/SHOT_STUDIOS_MASTER_Copy/Saved/TopDownExampleMap1458687A4072492D072D55BEFBB4457F.tmp' to '../../../../../../Users/Zac Gilfoyle/Desktop/SHOT_STUDIOS_FINAL-master/SHOT_STUDIOS_FINAL-master/SHOT_STUDIOS_MASTER_Copy/Content/TopDownBP/Maps/TopDownExampleMap.umap'
[2018.03.11-22.40.34:745][821]LogSavePackage: Display: Finished SavePackage ../../../../../../Users/Zac Gilfoyle/Desktop/SHOT_STUDIOS_FINAL-master/SHOT_STUDIOS_FINAL-master/SHOT_STUDIOS_MASTER_Copy/Content/TopDownBP/Maps/TopDownExampleMap.umap
[2018.03.11-22.40.34:931][821]LogSavePackage: Save=141.65ms
[2018.03.11-22.40.34:931][821]LogSavePackage: Moving '../../../../../../Users/Zac Gilfoyle/Desktop/SHOT_STUDIOS_FINAL-master/SHOT_STUDIOS_FINAL-master/SHOT_STUDIOS_MASTER_Copy/Saved/TopDownExampleMap_BuiltData7FD674BE490E471E7C29A2AAA3DFC627.tmp' to '../../../../../../Users/Zac Gilfoyle/Desktop/SHOT_STUDIOS_FINAL-master/SHOT_STUDIOS_FINAL-master/SHOT_STUDIOS_MASTER_Copy/Content/TopDownBP/Maps/TopDownExampleMap_BuiltData.uasset'
[2018.03.11-22.40.34:934][821]LogSavePackage: Display: Finished SavePackage ../../../../../../Users/Zac Gilfoyle/Desktop/SHOT_STUDIOS_FINAL-master/SHOT_STUDIOS_FINAL-master/SHOT_STUDIOS_MASTER_Copy/Content/TopDownBP/Maps/TopDownExampleMap_BuiltData.uasset
[2018.03.11-22.41.01:530][689]LogSavePackage: Save=84.95ms
[2018.03.11-22.41.01:530][689]LogSavePackage: Moving '../../../../../../Users/Zac Gilfoyle/Desktop/SHOT_STUDIOS_FINAL-master/SHOT_STUDIOS_FINAL-master/SHOT_STUDIOS_MASTER_Copy/Saved/TopDownCharacter55A9FC094471B5B63362D5AD550DA3E2.tmp' to '../../../../../../Users/Zac Gilfoyle/Desktop/SHOT_STUDIOS_FINAL-master/SHOT_STUDIOS_FINAL-master/SHOT_STUDIOS_MASTER_Copy/Content/TopDownBP/Blueprints/TopDownCharacter.uasset'
[2018.03.11-22.41.01:536][689]LogSavePackage: Display: Finished SavePackage ../../../../../../Users/Zac Gilfoyle/Desktop/SHOT_STUDIOS_FINAL-master/SHOT_STUDIOS_FINAL-master/SHOT_STUDIOS_MASTER_Copy/Content/TopDownBP/Blueprints/TopDownCharacter.uasset
[2018.03.11-22.41.02:205][708]BlueprintLog: New page: Compile TopDownCharacter
[2018.03.11-22.41.04:405][742]LogSavePackage: Save=229.18ms
[2018.03.11-22.41.04:406][742]LogSavePackage: Moving '../../../../../../Users/Zac Gilfoyle/Desktop/SHOT_STUDIOS_FINAL-master/SHOT_STUDIOS_FINAL-master/SHOT_STUDIOS_MASTER_Copy/Saved/TopDownExampleMapF60A71FC4523CA807F1738BB278650CD.tmp' to '../../../../../../Users/Zac Gilfoyle/Desktop/SHOT_STUDIOS_FINAL-master/SHOT_STUDIOS_FINAL-master/SHOT_STUDIOS_MASTER_Copy/Content/TopDownBP/Maps/TopDownExampleMap.umap'
[2018.03.11-22.41.04:413][742]LogSavePackage: Display: Finished SavePackage ../../../../../../Users/Zac Gilfoyle/Desktop/SHOT_STUDIOS_FINAL-master/SHOT_STUDIOS_FINAL-master/SHOT_STUDIOS_MASTER_Copy/Content/TopDownBP/Maps/TopDownExampleMap.umap
[2018.03.11-22.41.04:592][742]LogSavePackage: Save=135.24ms
[2018.03.11-22.41.04:592][742]LogSavePackage: Moving '../../../../../../Users/Zac Gilfoyle/Desktop/SHOT_STUDIOS_FINAL-master/SHOT_STUDIOS_FINAL-master/SHOT_STUDIOS_MASTER_Copy/Saved/TopDownExampleMap_BuiltDataEE3CF4BB4FBB9794BCBECFBCB8867702.tmp' to '../../../../../../Users/Zac Gilfoyle/Desktop/SHOT_STUDIOS_FINAL-master/SHOT_STUDIOS_FINAL-master/SHOT_STUDIOS_MASTER_Copy/Content/TopDownBP/Maps/TopDownExampleMap_BuiltData.uasset'
[2018.03.11-22.41.04:595][742]LogSavePackage: Display: Finished SavePackage ../../../../../../Users/Zac Gilfoyle/Desktop/SHOT_STUDIOS_FINAL-master/SHOT_STUDIOS_FINAL-master/SHOT_STUDIOS_MASTER_Copy/Content/TopDownBP/Maps/TopDownExampleMap_BuiltData.uasset
[2018.03.11-22.41.05:049][751]LogTemp: Repeating last play command: Selected Viewport
[2018.03.11-22.41.05:086][751]LogBlueprintUserMessages: Early PlayInEditor Detection: Level '/Game/TopDownBP/Maps/TopDownExampleMap.TopDownExampleMap:PersistentLevel' has LevelScriptBlueprint '/Game/TopDownBP/Maps/TopDownExampleMap.TopDownExampleMap:PersistentLevel.TopDownExampleMap' with GeneratedClass '/Game/TopDownBP/Maps/TopDownExampleMap.TopDownExampleMap_C' with ClassGeneratedBy '/Game/TopDownBP/Maps/TopDownExampleMap.TopDownExampleMap:PersistentLevel.TopDownExampleMap'
[2018.03.11-22.41.05:087][751]LogPlayLevel: PlayLevel: No blueprints needed recompiling
[2018.03.11-22.41.05:087][751]PIE: New page: PIE session: TopDownExampleMap (12 Mar 2018 8:41:05 pm)
[2018.03.11-22.41.05:087][751]LogPlayLevel: Creating play world package: /Game/TopDownBP/Maps/UEDPIE_0_TopDownExampleMap
[2018.03.11-22.41.05:135][751]LogPlayLevel: PIE: StaticDuplicateObject took: (0.048079s)
[2018.03.11-22.41.05:136][751]LogAIModule: Creating AISystem for world TopDownExampleMap
[2018.03.11-22.41.05:136][751]LogPlayLevel: PIE: World Init took: (0.001116s)
[2018.03.11-22.41.05:136][751]LogPlayLevel: PIE: Created PIE world by copying editor world from /Game/TopDownBP/Maps/TopDownExampleMap.TopDownExampleMap to /Game/TopDownBP/Maps/UEDPIE_0_TopDownExampleMap.TopDownExampleMap (0.049649s)
[2018.03.11-22.41.05:161][751]LogInit: XAudio2 using 'Speaker/Headphone (Realtek High Definition Audio)' : 2 channels at 48 kHz using 32 bits per sample (channel mask 0x3)
[2018.03.11-22.41.05:185][751]LogInit: FAudioDevice initialized.
[2018.03.11-22.41.05:215][751]LogLoad: Game class is 'TopDownGameMode_C'
[2018.03.11-22.41.05:218][751]LogWorld: Bringing World /Game/TopDownBP/Maps/UEDPIE_0_TopDownExampleMap.TopDownExampleMap up for play (max tick rate 60) at 2018.03.12-09.41.05
[2018.03.11-22.41.05:219][751]LogWorld: Bringing up level for play took: 0.003091
[2018.03.11-22.41.05:220][751]PIE: Play in editor start time for /Game/TopDownBP/Maps/UEDPIE_0_TopDownExampleMap -0.082
[2018.03.11-22.41.05:220][751]LogBlueprintUserMessages: Late PlayInEditor Detection: Level '/Game/TopDownBP/Maps/TopDownExampleMap.TopDownExampleMap:PersistentLevel' has LevelScriptBlueprint '/Game/TopDownBP/Maps/TopDownExampleMap.TopDownExampleMap:PersistentLevel.TopDownExampleMap' with GeneratedClass '/Game/TopDownBP/Maps/TopDownExampleMap.TopDownExampleMap_C' with ClassGeneratedBy '/Game/TopDownBP/Maps/TopDownExampleMap.TopDownExampleMap:PersistentLevel.TopDownExampleMap'
[2018.03.11-22.41.12:662][976]LogBlueprintUserMessages: Early EndPlayMap Detection: Level '/Game/TopDownBP/Maps/TopDownExampleMap.TopDownExampleMap:PersistentLevel' has LevelScriptBlueprint '/Game/TopDownBP/Maps/TopDownExampleMap.TopDownExampleMap:PersistentLevel.TopDownExampleMap' with GeneratedClass '/Game/TopDownBP/Maps/TopDownExampleMap.TopDownExampleMap_C' with ClassGeneratedBy '/Game/TopDownBP/Maps/TopDownExampleMap.TopDownExampleMap:PersistentLevel.TopDownExampleMap'
[2018.03.11-22.41.12:724][976]LogBlueprintUserMessages: Late EndPlayMap Detection: Level '/Game/TopDownBP/Maps/TopDownExampleMap.TopDownExampleMap:PersistentLevel' has LevelScriptBlueprint '/Game/TopDownBP/Maps/TopDownExampleMap.TopDownExampleMap:PersistentLevel.TopDownExampleMap' with GeneratedClass '/Game/TopDownBP/Maps/TopDownExampleMap.TopDownExampleMap_C' with ClassGeneratedBy '/Game/TopDownBP/Maps/TopDownExampleMap.TopDownExampleMap:PersistentLevel.TopDownExampleMap'
[2018.03.11-22.41.23:116][437]LogSavePackage: Save=80.12ms
[2018.03.11-22.41.23:117][437]LogSavePackage: Moving '../../../../../../Users/Zac Gilfoyle/Desktop/SHOT_STUDIOS_FINAL-master/SHOT_STUDIOS_FINAL-master/SHOT_STUDIOS_MASTER_Copy/Saved/TopDownCharacter8ED203784ABC160F52286BBBFA9B7EA4.tmp' to '../../../../../../Users/Zac Gilfoyle/Desktop/SHOT_STUDIOS_FINAL-master/SHOT_STUDIOS_FINAL-master/SHOT_STUDIOS_MASTER_Copy/Content/TopDownBP/Blueprints/TopDownCharacter.uasset'
[2018.03.11-22.41.23:122][437]LogSavePackage: Display: Finished SavePackage ../../../../../../Users/Zac Gilfoyle/Desktop/SHOT_STUDIOS_FINAL-master/SHOT_STUDIOS_FINAL-master/SHOT_STUDIOS_MASTER_Copy/Content/TopDownBP/Blueprints/TopDownCharacter.uasset
[2018.03.11-22.41.23:400][447]BlueprintLog: New page: Compile TopDownCharacter
[2018.03.11-22.41.24:215][458]LogTemp: Repeating last play command: Selected Viewport
[2018.03.11-22.41.24:249][458]LogBlueprintUserMessages: Early PlayInEditor Detection: Level '/Game/TopDownBP/Maps/TopDownExampleMap.TopDownExampleMap:PersistentLevel' has LevelScriptBlueprint '/Game/TopDownBP/Maps/TopDownExampleMap.TopDownExampleMap:PersistentLevel.TopDownExampleMap' with GeneratedClass '/Game/TopDownBP/Maps/TopDownExampleMap.TopDownExampleMap_C' with ClassGeneratedBy '/Game/TopDownBP/Maps/TopDownExampleMap.TopDownExampleMap:PersistentLevel.TopDownExampleMap'
[2018.03.11-22.41.24:249][458]LogPlayLevel: PlayLevel: No blueprints needed recompiling
[2018.03.11-22.41.24:249][458]PIE: New page: PIE session: TopDownExampleMap (12 Mar 2018 8:41:24 pm)
[2018.03.11-22.41.24:249][458]LogPlayLevel: Creating play world package: /Game/TopDownBP/Maps/UEDPIE_0_TopDownExampleMap
[2018.03.11-22.41.24:273][458]LogPlayLevel: PIE: StaticDuplicateObject took: (0.023233s)
[2018.03.11-22.41.24:274][458]LogAIModule: Creating AISystem for world TopDownExampleMap
[2018.03.11-22.41.24:274][458]LogPlayLevel: PIE: World Init took: (0.001087s)
[2018.03.11-22.41.24:275][458]LogPlayLevel: PIE: Created PIE world by copying editor world from /Game/TopDownBP/Maps/TopDownExampleMap.TopDownExampleMap to /Game/TopDownBP/Maps/UEDPIE_0_TopDownExampleMap.TopDownExampleMap (0.024855s)
[2018.03.11-22.41.24:303][458]LogInit: XAudio2 using 'Speaker/Headphone (Realtek High Definition Audio)' : 2 channels at 48 kHz using 32 bits per sample (channel mask 0x3)
[2018.03.11-22.41.24:326][458]LogInit: FAudioDevice initialized.
[2018.03.11-22.41.24:399][458]LogLoad: Game class is 'TopDownGameMode_C'
[2018.03.11-22.41.24:404][458]LogWorld: Bringing World /Game/TopDownBP/Maps/UEDPIE_0_TopDownExampleMap.TopDownExampleMap up for play (max tick rate 60) at 2018.03.12-09.41.24
[2018.03.11-22.41.24:404][458]LogWorld: Bringing up level for play took: 0.003742
[2018.03.11-22.41.24:407][458]PIE: Play in editor start time for /Game/TopDownBP/Maps/UEDPIE_0_TopDownExampleMap 1.105
[2018.03.11-22.41.24:407][458]LogBlueprintUserMessages: Late PlayInEditor Detection: Level '/Game/TopDownBP/Maps/TopDownExampleMap.TopDownExampleMap:PersistentLevel' has LevelScriptBlueprint '/Game/TopDownBP/Maps/TopDownExampleMap.TopDownExampleMap:PersistentLevel.TopDownExampleMap' with GeneratedClass '/Game/TopDownBP/Maps/TopDownExampleMap.TopDownExampleMap_C' with ClassGeneratedBy '/Game/TopDownBP/Maps/TopDownExampleMap.TopDownExampleMap:PersistentLevel.TopDownExampleMap'
[2018.03.11-22.41.27:645][551]LogBlueprintUserMessages: Early EndPlayMap Detection: Level '/Game/TopDownBP/Maps/TopDownExampleMap.TopDownExampleMap:PersistentLevel' has LevelScriptBlueprint '/Game/TopDownBP/Maps/TopDownExampleMap.TopDownExampleMap:PersistentLevel.TopDownExampleMap' with GeneratedClass '/Game/TopDownBP/Maps/TopDownExampleMap.TopDownExampleMap_C' with ClassGeneratedBy '/Game/TopDownBP/Maps/TopDownExampleMap.TopDownExampleMap:PersistentLevel.TopDownExampleMap'
[2018.03.11-22.41.27:721][551]LogBlueprintUserMessages: Late EndPlayMap Detection: Level '/Game/TopDownBP/Maps/TopDownExampleMap.TopDownExampleMap:PersistentLevel' has LevelScriptBlueprint '/Game/TopDownBP/Maps/TopDownExampleMap.TopDownExampleMap:PersistentLevel.TopDownExampleMap' with GeneratedClass '/Game/TopDownBP/Maps/TopDownExampleMap.TopDownExampleMap_C' with ClassGeneratedBy '/Game/TopDownBP/Maps/TopDownExampleMap.TopDownExampleMap:PersistentLevel.TopDownExampleMap'
[2018.03.11-22.41.35:974][816]LogSavePackage: Save=84.16ms
[2018.03.11-22.41.35:974][816]LogSavePackage: Moving '../../../../../../Users/Zac Gilfoyle/Desktop/SHOT_STUDIOS_FINAL-master/SHOT_STUDIOS_FINAL-master/SHOT_STUDIOS_MASTER_Copy/Saved/TopDownCharacter4F077B864F688666F26974B438CA4A5E.tmp' to '../../../../../../Users/Zac Gilfoyle/Desktop/SHOT_STUDIOS_FINAL-master/SHOT_STUDIOS_FINAL-master/SHOT_STUDIOS_MASTER_Copy/Content/TopDownBP/Blueprints/TopDownCharacter.uasset'
[2018.03.11-22.41.35:979][816]LogSavePackage: Display: Finished SavePackage ../../../../../../Users/Zac Gilfoyle/Desktop/SHOT_STUDIOS_FINAL-master/SHOT_STUDIOS_FINAL-master/SHOT_STUDIOS_MASTER_Copy/Content/TopDownBP/Blueprints/TopDownCharacter.uasset
[2018.03.11-22.41.36:600][838]LogHttp: Warning: 00000169B0365600: request failed, libcurl error: 6 (Couldn't resolve host name)
[2018.03.11-22.41.36:600][838]LogHttp: Warning: 00000169B0365600: libcurl info message cache 0 (Could not resolve host: datarouter.ol.epicgames.com)
[2018.03.11-22.41.36:600][838]LogHttp: Warning: 00000169B0365600: libcurl info message cache 1 (Closing connection 15)
[2018.03.11-22.41.37:001][850]LogTemp: Repeating last play command: Selected Viewport
[2018.03.11-22.41.37:037][850]LogBlueprintUserMessages: Early PlayInEditor Detection: Level '/Game/TopDownBP/Maps/TopDownExampleMap.TopDownExampleMap:PersistentLevel' has LevelScriptBlueprint '/Game/TopDownBP/Maps/TopDownExampleMap.TopDownExampleMap:PersistentLevel.TopDownExampleMap' with GeneratedClass '/Game/TopDownBP/Maps/TopDownExampleMap.TopDownExampleMap_C' with ClassGeneratedBy '/Game/TopDownBP/Maps/TopDownExampleMap.TopDownExampleMap:PersistentLevel.TopDownExampleMap'
[2018.03.11-22.41.37:037][850]BlueprintLog: New page: Pre-Play auto-recompile
[2018.03.11-22.41.37:082][850]LogPlayLevel: [PlayLevel] Compiling TopDownCharacter before play...
[2018.03.11-22.41.37:488][850]LogPlayLevel: PlayLevel: Blueprint regeneration took 450 ms (1 blueprints)
[2018.03.11-22.41.37:488][850]PIE: New page: PIE session: TopDownExampleMap (12 Mar 2018 8:41:37 pm)
[2018.03.11-22.41.37:488][850]LogPlayLevel: Creating play world package: /Game/TopDownBP/Maps/UEDPIE_0_TopDownExampleMap
[2018.03.11-22.41.37:506][850]LogPlayLevel: PIE: StaticDuplicateObject took: (0.018627s)
[2018.03.11-22.41.37:507][850]LogAIModule: Creating AISystem for world TopDownExampleMap
[2018.03.11-22.41.37:508][850]LogPlayLevel: PIE: World Init took: (0.000989s)
[2018.03.11-22.41.37:508][850]LogPlayLevel: PIE: Created PIE world by copying editor world from /Game/TopDownBP/Maps/TopDownExampleMap.TopDownExampleMap to /Game/TopDownBP/Maps/UEDPIE_0_TopDownExampleMap.TopDownExampleMap (0.020103s)
[2018.03.11-22.41.37:531][850]LogInit: XAudio2 using 'Speaker/Headphone (Realtek High Definition Audio)' : 2 channels at 48 kHz using 32 bits per sample (channel mask 0x3)
[2018.03.11-22.41.37:554][850]LogInit: FAudioDevice initialized.
[2018.03.11-22.41.37:627][850]LogLoad: Game class is 'TopDownGameMode_C'
[2018.03.11-22.41.37:634][850]LogWorld: Bringing World /Game/TopDownBP/Maps/UEDPIE_0_TopDownExampleMap.TopDownExampleMap up for play (max tick rate 60) at 2018.03.12-09.41.37
[2018.03.11-22.41.37:635][850]LogWorld: Bringing up level for play took: 0.006337
[2018.03.11-22.41.37:638][850]PIE: Play in editor start time for /Game/TopDownBP/Maps/UEDPIE_0_TopDownExampleMap 0.335
[2018.03.11-22.41.37:638][850]LogBlueprintUserMessages: Late PlayInEditor Detection: Level '/Game/TopDownBP/Maps/TopDownExampleMap.TopDownExampleMap:PersistentLevel' has LevelScriptBlueprint '/Game/TopDownBP/Maps/TopDownExampleMap.TopDownExampleMap:PersistentLevel.TopDownExampleMap' with GeneratedClass '/Game/TopDownBP/Maps/TopDownExampleMap.TopDownExampleMap_C' with ClassGeneratedBy '/Game/TopDownBP/Maps/TopDownExampleMap.TopDownExampleMap:PersistentLevel.TopDownExampleMap'
[2018.03.11-22.41.46:491][112]LogBlueprintUserMessages: Early EndPlayMap Detection: Level '/Game/TopDownBP/Maps/TopDownExampleMap.TopDownExampleMap:PersistentLevel' has LevelScriptBlueprint '/Game/TopDownBP/Maps/TopDownExampleMap.TopDownExampleMap:PersistentLevel.TopDownExampleMap' with GeneratedClass '/Game/TopDownBP/Maps/TopDownExampleMap.TopDownExampleMap_C' with ClassGeneratedBy '/Game/TopDownBP/Maps/TopDownExampleMap.TopDownExampleMap:PersistentLevel.TopDownExampleMap'
[2018.03.11-22.41.46:559][112]LogBlueprintUserMessages: Late EndPlayMap Detection: Level '/Game/TopDownBP/Maps/TopDownExampleMap.TopDownExampleMap:PersistentLevel' has LevelScriptBlueprint '/Game/TopDownBP/Maps/TopDownExampleMap.TopDownExampleMap:PersistentLevel.TopDownExampleMap' with GeneratedClass '/Game/TopDownBP/Maps/TopDownExampleMap.TopDownExampleMap_C' with ClassGeneratedBy '/Game/TopDownBP/Maps/TopDownExampleMap.TopDownExampleMap:PersistentLevel.TopDownExampleMap'
[2018.03.11-22.43.36:680][883]LogHttp: Warning: 000001698A34C100: request failed, libcurl error: 6 (Couldn't resolve host name)
[2018.03.11-22.43.36:680][883]LogHttp: Warning: 000001698A34C100: libcurl info message cache 0 (Could not resolve host: datarouter.ol.epicgames.com)
[2018.03.11-22.43.36:680][883]LogHttp: Warning: 000001698A34C100: libcurl info message cache 1 (Closing connection 16)
[2018.03.11-22.45.36:753][489]LogHttp: Warning: 000001698A34FD00: request failed, libcurl error: 6 (Couldn't resolve host name)
[2018.03.11-22.45.36:753][489]LogHttp: Warning: 000001698A34FD00: libcurl info message cache 0 (Could not resolve host: datarouter.ol.epicgames.com)
[2018.03.11-22.45.36:753][489]LogHttp: Warning: 000001698A34FD00: libcurl info message cache 1 (Closing connection 17)
[2018.03.11-22.46.46:203][140]LogTemp: Repeating last play command: Selected Viewport
[2018.03.11-22.46.46:245][140]LogBlueprintUserMessages: Early PlayInEditor Detection: Level '/Game/TopDownBP/Maps/TopDownExampleMap.TopDownExampleMap:PersistentLevel' has LevelScriptBlueprint '/Game/TopDownBP/Maps/TopDownExampleMap.TopDownExampleMap:PersistentLevel.TopDownExampleMap' with GeneratedClass '/Game/TopDownBP/Maps/TopDownExampleMap.TopDownExampleMap_C' with ClassGeneratedBy '/Game/TopDownBP/Maps/TopDownExampleMap.TopDownExampleMap:PersistentLevel.TopDownExampleMap'
[2018.03.11-22.46.46:245][140]LogPlayLevel: PlayLevel: No blueprints needed recompiling
[2018.03.11-22.46.46:245][140]PIE: New page: PIE session: TopDownExampleMap (12 Mar 2018 8:46:46 pm)
[2018.03.11-22.46.46:245][140]LogPlayLevel: Creating play world package: /Game/TopDownBP/Maps/UEDPIE_0_TopDownExampleMap
[2018.03.11-22.46.46:290][140]LogPlayLevel: PIE: StaticDuplicateObject took: (0.045191s)
[2018.03.11-22.46.46:291][140]LogAIModule: Creating AISystem for world TopDownExampleMap
[2018.03.11-22.46.46:292][140]LogPlayLevel: PIE: World Init took: (0.001351s)
[2018.03.11-22.46.46:292][140]LogPlayLevel: PIE: Created PIE world by copying editor world from /Game/TopDownBP/Maps/TopDownExampleMap.TopDownExampleMap to /Game/TopDownBP/Maps/UEDPIE_0_TopDownExampleMap.TopDownExampleMap (0.046987s)
[2018.03.11-22.46.46:321][140]LogInit: XAudio2 using 'Speaker/Headphone (Realtek High Definition Audio)' : 2 channels at 48 kHz using 32 bits per sample (channel mask 0x3)
[2018.03.11-22.46.46:344][140]LogInit: FAudioDevice initialized.
[2018.03.11-22.46.46:420][140]LogLoad: Game class is 'TopDownGameMode_C'
[2018.03.11-22.46.46:425][140]LogWorld: Bringing World /Game/TopDownBP/Maps/UEDPIE_0_TopDownExampleMap.TopDownExampleMap up for play (max tick rate 60) at 2018.03.12-09.46.46
[2018.03.11-22.46.46:425][140]LogWorld: Bringing up level for play took: 0.003709
[2018.03.11-22.46.46:428][140]PIE: Play in editor start time for /Game/TopDownBP/Maps/UEDPIE_0_TopDownExampleMap 1.125
[2018.03.11-22.46.46:428][140]LogBlueprintUserMessages: Late PlayInEditor Detection: Level '/Game/TopDownBP/Maps/TopDownExampleMap.TopDownExampleMap:PersistentLevel' has LevelScriptBlueprint '/Game/TopDownBP/Maps/TopDownExampleMap.TopDownExampleMap:PersistentLevel.TopDownExampleMap' with GeneratedClass '/Game/TopDownBP/Maps/TopDownExampleMap.TopDownExampleMap_C' with ClassGeneratedBy '/Game/TopDownBP/Maps/TopDownExampleMap.TopDownExampleMap:PersistentLevel.TopDownExampleMap'
[2018.03.11-22.46.57:459][307]LogBlueprintUserMessages: Early EndPlayMap Detection: Level '/Game/TopDownBP/Maps/TopDownExampleMap.TopDownExampleMap:PersistentLevel' has LevelScriptBlueprint '/Game/TopDownBP/Maps/TopDownExampleMap.TopDownExampleMap:PersistentLevel.TopDownExampleMap' with GeneratedClass '/Game/TopDownBP/Maps/TopDownExampleMap.TopDownExampleMap_C' with ClassGeneratedBy '/Game/TopDownBP/Maps/TopDownExampleMap.TopDownExampleMap:PersistentLevel.TopDownExampleMap'
[2018.03.11-22.46.57:564][307]LogBlueprintUserMessages: Late EndPlayMap Detection: Level '/Game/TopDownBP/Maps/TopDownExampleMap.TopDownExampleMap:PersistentLevel' has LevelScriptBlueprint '/Game/TopDownBP/Maps/TopDownExampleMap.TopDownExampleMap:PersistentLevel.TopDownExampleMap' with GeneratedClass '/Game/TopDownBP/Maps/TopDownExampleMap.TopDownExampleMap_C' with ClassGeneratedBy '/Game/TopDownBP/Maps/TopDownExampleMap.TopDownExampleMap:PersistentLevel.TopDownExampleMap'
[2018.03.11-22.47.36:819][487]LogHttp: Warning: 0000016A0AD0A800: request failed, libcurl error: 6 (Couldn't resolve host name)
[2018.03.11-22.47.36:819][487]LogHttp: Warning: 0000016A0AD0A800: libcurl info message cache 0 (Could not resolve host: datarouter.ol.epicgames.com)
[2018.03.11-22.47.36:819][487]LogHttp: Warning: 0000016A0AD0A800: libcurl info message cache 1 (Closing connection 18)
[2018.03.11-22.49.36:859][ 92]LogHttp: Warning: 0000016A0AD0BA00: request failed, libcurl error: 6 (Couldn't resolve host name)
[2018.03.11-22.49.36:859][ 92]LogHttp: Warning: 0000016A0AD0BA00: libcurl info message cache 0 (Could not resolve host: datarouter.ol.epicgames.com)
[2018.03.11-22.49.36:859][ 92]LogHttp: Warning: 0000016A0AD0BA00: libcurl info message cache 1 (Closing connection 19)
[2018.03.11-22.51.36:344][807]LogSavePackage: Save=198.80ms
[2018.03.11-22.51.36:344][807]LogSavePackage: Moving '../../../../../../Users/Zac Gilfoyle/Desktop/SHOT_STUDIOS_FINAL-master/SHOT_STUDIOS_FINAL-master/SHOT_STUDIOS_MASTER_Copy/Saved/TopDownExampleMap_Auto11EFB8425417D40E717DBCDACEEE75AB2.tmp' to '../../../../../../Users/Zac Gilfoyle/Desktop/SHOT_STUDIOS_FINAL-master/SHOT_STUDIOS_FINAL-master/SHOT_STUDIOS_MASTER_Copy/Saved/Autosaves/Game/TopDownBP/Maps/TopDownExampleMap_Auto1.umap'
[2018.03.11-22.51.36:346][807]LogSavePackage: Display: Finished SavePackage ../../../../../../Users/Zac Gilfoyle/Desktop/SHOT_STUDIOS_FINAL-master/SHOT_STUDIOS_FINAL-master/SHOT_STUDIOS_MASTER_Copy/Saved/Autosaves/Game/TopDownBP/Maps/TopDownExampleMap_Auto1.umap
[2018.03.11-22.51.36:349][807]LogFileHelpers: Editor autosave (incl. sublevels) for '/Game/TopDownBP/Maps/TopDownExampleMap' took 0.265
[2018.03.11-22.51.36:349][807]LogFileHelpers: Editor autosave (incl. sublevels) for all levels took 0.265
[2018.03.11-22.51.36:932][818]LogHttp: Warning: 0000016A096D3280: request failed, libcurl error: 6 (Couldn't resolve host name)
[2018.03.11-22.51.36:932][818]LogHttp: Warning: 0000016A096D3280: libcurl info message cache 0 (Could not resolve host: datarouter.ol.epicgames.com)
[2018.03.11-22.51.36:932][818]LogHttp: Warning: 0000016A096D3280: libcurl info message cache 1 (Closing connection 20)
[2018.03.11-22.53.36:970][720]LogHttp: Warning: 0000016A08BC6500: request failed, libcurl error: 6 (Couldn't resolve host name)
[2018.03.11-22.53.36:970][720]LogHttp: Warning: 0000016A08BC6500: libcurl info message cache 0 (Could not resolve host: datarouter.ol.epicgames.com)
[2018.03.11-22.53.36:970][720]LogHttp: Warning: 0000016A08BC6500: libcurl info message cache 1 (Closing connection 21)
[2018.03.11-22.54.59:572][495]LogSavePackage: Save=216.62ms
[2018.03.11-22.54.59:572][495]LogSavePackage: Moving '../../../../../../Users/Zac Gilfoyle/Desktop/SHOT_STUDIOS_FINAL-master/SHOT_STUDIOS_FINAL-master/SHOT_STUDIOS_MASTER_Copy/Saved/TopDownExampleMapDFB480194243EAAFCBEC25A98094A109.tmp' to '../../../../../../Users/Zac Gilfoyle/Desktop/SHOT_STUDIOS_FINAL-master/SHOT_STUDIOS_FINAL-master/SHOT_STUDIOS_MASTER_Copy/Content/TopDownBP/Maps/TopDownExampleMap.umap'
[2018.03.11-22.54.59:580][495]LogSavePackage: Display: Finished SavePackage ../../../../../../Users/Zac Gilfoyle/Desktop/SHOT_STUDIOS_FINAL-master/SHOT_STUDIOS_FINAL-master/SHOT_STUDIOS_MASTER_Copy/Content/TopDownBP/Maps/TopDownExampleMap.umap
[2018.03.11-22.54.59:802][495]LogSavePackage: Save=151.55ms
[2018.03.11-22.54.59:802][495]LogSavePackage: Moving '../../../../../../Users/Zac Gilfoyle/Desktop/SHOT_STUDIOS_FINAL-master/SHOT_STUDIOS_FINAL-master/SHOT_STUDIOS_MASTER_Copy/Saved/TopDownExampleMap_BuiltData0730939945762BCDF38CE282A2ADD7D4.tmp' to '../../../../../../Users/Zac Gilfoyle/Desktop/SHOT_STUDIOS_FINAL-master/SHOT_STUDIOS_FINAL-master/SHOT_STUDIOS_MASTER_Copy/Content/TopDownBP/Maps/TopDownExampleMap_BuiltData.uasset'
[2018.03.11-22.54.59:805][495]LogSavePackage: Display: Finished SavePackage ../../../../../../Users/Zac Gilfoyle/Desktop/SHOT_STUDIOS_FINAL-master/SHOT_STUDIOS_FINAL-master/SHOT_STUDIOS_MASTER_Copy/Content/TopDownBP/Maps/TopDownExampleMap_BuiltData.uasset
[2018.03.11-22.55.03:515][576]LogTemp: Repeating last play command: Selected Viewport
[2018.03.11-22.55.03:538][576]LogBlueprintUserMessages: Early PlayInEditor Detection: Level '/Game/TopDownBP/Maps/TopDownExampleMap.TopDownExampleMap:PersistentLevel' has LevelScriptBlueprint '/Game/TopDownBP/Maps/TopDownExampleMap.TopDownExampleMap:PersistentLevel.TopDownExampleMap' with GeneratedClass '/Game/TopDownBP/Maps/TopDownExampleMap.TopDownExampleMap_C' with ClassGeneratedBy '/Game/TopDownBP/Maps/TopDownExampleMap.TopDownExampleMap:PersistentLevel.TopDownExampleMap'
[2018.03.11-22.55.03:538][576]LogPlayLevel: PlayLevel: No blueprints needed recompiling
[2018.03.11-22.55.03:538][576]PIE: New page: PIE session: TopDownExampleMap (12 Mar 2018 8:55:03 pm)
[2018.03.11-22.55.03:538][576]LogPlayLevel: Creating play world package: /Game/TopDownBP/Maps/UEDPIE_0_TopDownExampleMap
[2018.03.11-22.55.03:604][576]LogPlayLevel: PIE: StaticDuplicateObject took: (0.066134s)
[2018.03.11-22.55.03:606][576]LogAIModule: Creating AISystem for world TopDownExampleMap
[2018.03.11-22.55.03:607][576]LogPlayLevel: PIE: World Init took: (0.001902s)
[2018.03.11-22.55.03:607][576]LogPlayLevel: PIE: Created PIE world by copying editor world from /Game/TopDownBP/Maps/TopDownExampleMap.TopDownExampleMap to /Game/TopDownBP/Maps/UEDPIE_0_TopDownExampleMap.TopDownExampleMap (0.068662s)
[2018.03.11-22.55.03:633][576]LogInit: XAudio2 using 'Speaker/Headphone (Realtek High Definition Audio)' : 2 channels at 48 kHz using 32 bits per sample (channel mask 0x3)
[2018.03.11-22.55.03:666][576]LogInit: FAudioDevice initialized.
[2018.03.11-22.55.03:700][576]LogLoad: Game class is 'TopDownGameMode_C'
[2018.03.11-22.55.03:703][576]LogWorld: Bringing World /Game/TopDownBP/Maps/UEDPIE_0_TopDownExampleMap.TopDownExampleMap up for play (max tick rate 0) at 2018.03.12-09.55.03
[2018.03.11-22.55.03:704][576]LogWorld: Bringing up level for play took: 0.003512
[2018.03.11-22.55.03:705][576]PIE: Play in editor start time for /Game/TopDownBP/Maps/UEDPIE_0_TopDownExampleMap 0.403
[2018.03.11-22.55.03:706][576]LogBlueprintUserMessages: Late PlayInEditor Detection: Level '/Game/TopDownBP/Maps/TopDownExampleMap.TopDownExampleMap:PersistentLevel' has LevelScriptBlueprint '/Game/TopDownBP/Maps/TopDownExampleMap.TopDownExampleMap:PersistentLevel.TopDownExampleMap' with GeneratedClass '/Game/TopDownBP/Maps/TopDownExampleMap.TopDownExampleMap_C' with ClassGeneratedBy '/Game/TopDownBP/Maps/TopDownExampleMap.TopDownExampleMap:PersistentLevel.TopDownExampleMap'
[2018.03.11-22.55.28:692][326]LogBlueprintUserMessages: Early EndPlayMap Detection: Level '/Game/TopDownBP/Maps/TopDownExampleMap.TopDownExampleMap:PersistentLevel' has LevelScriptBlueprint '/Game/TopDownBP/Maps/TopDownExampleMap.TopDownExampleMap:PersistentLevel.TopDownExampleMap' with GeneratedClass '/Game/TopDownBP/Maps/TopDownExampleMap.TopDownExampleMap_C' with ClassGeneratedBy '/Game/TopDownBP/Maps/TopDownExampleMap.TopDownExampleMap:PersistentLevel.TopDownExampleMap'
[2018.03.11-22.55.28:763][326]LogBlueprintUserMessages: Late EndPlayMap Detection: Level '/Game/TopDownBP/Maps/TopDownExampleMap.TopDownExampleMap:PersistentLevel' has LevelScriptBlueprint '/Game/TopDownBP/Maps/TopDownExampleMap.TopDownExampleMap:PersistentLevel.TopDownExampleMap' with GeneratedClass '/Game/TopDownBP/Maps/TopDownExampleMap.TopDownExampleMap_C' with ClassGeneratedBy '/Game/TopDownBP/Maps/TopDownExampleMap.TopDownExampleMap:PersistentLevel.TopDownExampleMap'
[2018.03.11-22.55.37:031][556]LogHttp: Warning: 0000016983D00580: request failed, libcurl error: 6 (Couldn't resolve host name)
[2018.03.11-22.55.37:031][556]LogHttp: Warning: 0000016983D00580: libcurl info message cache 0 (Could not resolve host: datarouter.ol.epicgames.com)
[2018.03.11-22.55.37:031][556]LogHttp: Warning: 0000016983D00580: libcurl info message cache 1 (Closing connection 22)
[2018.03.11-22.57.37:636][847]LogHttp: Warning: 0000016A196ABB80: request failed, libcurl error: 6 (Couldn't resolve host name)
[2018.03.11-22.57.37:636][847]LogHttp: Warning: 0000016A196ABB80: libcurl info message cache 0 (Could not resolve host: datarouter.ol.epicgames.com)
[2018.03.11-22.57.37:636][847]LogHttp: Warning: 0000016A196ABB80: libcurl info message cache 1 (Closing connection 23)
