Log file open, 03/12/18 00:04:22
LogWindows: Failed to load 'aqProf.dll' (GetLastError=126)
LogWindows: File 'aqProf.dll' does not exist
LogWindows: Failed to load 'VSPerf140.dll' (GetLastError=126)
LogWindows: File 'VSPerf140.dll' does not exist
LogWindows: Failed to load 'VtuneApi.dll' (GetLastError=126)
LogWindows: File 'VtuneApi.dll' does not exist
LogWindows: Failed to load 'VtuneApi32e.dll' (GetLastError=126)
LogWindows: File 'VtuneApi32e.dll' does not exist
LogInit: Display: Running engine for game: SHOT_STUDIOS_MASTER
LogPlatformFile: Not using cached read wrapper
LogInit: Display: RandInit(-605791100) SRandInit(-605791100).
LogInit: Read version file with build ID '3709383'
LogInit: Overriding engine version to CL 3832480, compatible CL 3709383
LogInit: Registered custom module enumerator with build ID '3709383'
LogTaskGraph: Started task graph with 5 named threads and 8 total threads with 3 sets of task threads.
LogStats: Stats thread started at 7.130070
LogD3D11RHI: Aftermath initialized
LogModuleManager: Display: Found up-to-date module file ../../../Engine/Plugins/2D/Paper2D/Binaries/Win64/UE4Editor-Paper2D.dll (API version 3709383).
LogModuleManager: Display: Found up-to-date module file ../../../Engine/Plugins/2D/Paper2D/Binaries/Win64/UE4Editor-Paper2DEditor.dll (API version 3709383).
LogModuleManager: Display: Found up-to-date module file ../../../Engine/Plugins/2D/Paper2D/Binaries/Win64/UE4Editor-PaperSpriteSheetImporter.dll (API version 3709383).
LogModuleManager: Display: Found up-to-date module file ../../../Engine/Plugins/2D/Paper2D/Binaries/Win64/UE4Editor-PaperTiledImporter.dll (API version 3709383).
LogModuleManager: Display: Found up-to-date module file ../../../Engine/Plugins/2D/Paper2D/Binaries/Win64/UE4Editor-SmartSnapping.dll (API version 3709383).
LogModuleManager: Display: Found up-to-date module file ../../../Engine/Plugins/Blendables/LightPropagationVolume/Binaries/Win64/UE4Editor-LightPropagationVolumeRuntime.dll (API version 3709383).
LogModuleManager: Display: Found up-to-date module file ../../../Engine/Plugins/Blendables/LightPropagationVolume/Binaries/Win64/UE4Editor-LightPropagationVolumeEditor.dll (API version 3709383).
LogModuleManager: Display: Found up-to-date module file ../../../Engine/Plugins/Developer/GitSourceControl/Binaries/Win64/UE4Editor-GitSourceControl.dll (API version 3709383).
LogModuleManager: Display: Found up-to-date module file ../../../Engine/Plugins/Developer/PerforceSourceControl/Binaries/Win64/UE4Editor-PerforceSourceControl.dll (API version 3709383).
LogModuleManager: Display: Found up-to-date module file ../../../Engine/Plugins/Developer/SubversionSourceControl/Binaries/Win64/UE4Editor-SubversionSourceControl.dll (API version 3709383).
LogModuleManager: Display: Found up-to-date module file ../../../Engine/Plugins/Developer/UObjectPlugin/Binaries/Win64/UE4Editor-UObjectPlugin.dll (API version 3709383).
LogModuleManager: Display: Found up-to-date module file ../../../Engine/Plugins/Developer/VisualStudioCodeSourceCodeAccess/Binaries/Win64/UE4Editor-VisualStudioCodeSourceCodeAccess.dll (API version 3709383).
LogModuleManager: Display: Found up-to-date module file ../../../Engine/Plugins/Developer/VisualStudioSourceCodeAccess/Binaries/Win64/UE4Editor-VisualStudioSourceCodeAccess.dll (API version 3709383).
LogModuleManager: Display: Found up-to-date module file ../../../Engine/Plugins/Editor/AssetManagerEditor/Binaries/Win64/UE4Editor-AssetManagerEditor.dll (API version 3709383).
LogModuleManager: Display: Found up-to-date module file ../../../Engine/Plugins/Editor/AudioCapture/Binaries/Win64/UE4Editor-AudioCapture.dll (API version 3709383).
LogModuleManager: Display: Found up-to-date module file ../../../Engine/Plugins/Editor/FacialAnimation/Binaries/Win64/UE4Editor-FacialAnimation.dll (API version 3709383).
LogModuleManager: Display: Found up-to-date module file ../../../Engine/Plugins/Editor/FacialAnimation/Binaries/Win64/UE4Editor-FacialAnimationEditor.dll (API version 3709383).
LogModuleManager: Display: Found up-to-date module file ../../../Engine/Plugins/Editor/GameplayTagsEditor/Binaries/Win64/UE4Editor-GameplayTagsEditor.dll (API version 3709383).
LogModuleManager: Display: Found up-to-date module file ../../../Engine/Plugins/Editor/MobileLauncherProfileWizard/Binaries/Win64/UE4Editor-MobileLauncherProfileWizard.dll (API version 3709383).
LogModuleManager: Display: Found up-to-date module file ../../../Engine/Plugins/Editor/PluginBrowser/Binaries/Win64/UE4Editor-PluginBrowser.dll (API version 3709383).
LogModuleManager: Display: Found up-to-date module file ../../../Engine/Plugins/Editor/SpeedTreeImporter/Binaries/Win64/UE4Editor-SpeedTreeImporter.dll (API version 3709383).
LogModuleManager: Display: Found up-to-date module file ../../../Engine/Plugins/Experimental/AlembicImporter/Binaries/Win64/UE4Editor-AlembicImporter.dll (API version 3709383).
LogModuleManager: Display: Found up-to-date module file ../../../Engine/Plugins/Experimental/AlembicImporter/Binaries/Win64/UE4Editor-AlembicLibrary.dll (API version 3709383).
LogModuleManager: Display: Found up-to-date module file ../../../Engine/Plugins/Experimental/CharacterAI/Binaries/Win64/UE4Editor-CharacterAI.dll (API version 3709383).
LogModuleManager: Display: Found up-to-date module file ../../../Engine/Plugins/Experimental/HTML5Networking/Binaries/Win64/UE4Editor-HTML5Networking.dll (API version 3709383).
LogModuleManager: Display: Found up-to-date module file ../../../Engine/Plugins/Media/AndroidMedia/Binaries/Win64/UE4Editor-AndroidMediaEditor.dll (API version 3709383).
LogModuleManager: Display: Found up-to-date module file ../../../Engine/Plugins/Media/AndroidMedia/Binaries/Win64/UE4Editor-AndroidMediaFactory.dll (API version 3709383).
LogModuleManager: Display: Found up-to-date module file ../../../Engine/Plugins/Media/AvfMedia/Binaries/Win64/UE4Editor-AvfMediaEditor.dll (API version 3709383).
LogModuleManager: Display: Found up-to-date module file ../../../Engine/Plugins/Media/AvfMedia/Binaries/Win64/UE4Editor-AvfMediaFactory.dll (API version 3709383).
LogModuleManager: Display: Found up-to-date module file ../../../Engine/Plugins/Media/AvfMedia/Binaries/Win64/UE4Editor-AvfMediaFactory.dll (API version 3709383).
LogModuleManager: Display: Found up-to-date module file ../../../Engine/Plugins/Media/ImgMedia/Binaries/Win64/UE4Editor-ImgMedia.dll (API version 3709383).
LogModuleManager: Display: Found up-to-date module file ../../../Engine/Plugins/Media/ImgMedia/Binaries/Win64/UE4Editor-ImgMediaEditor.dll (API version 3709383).
LogModuleManager: Display: Found up-to-date module file ../../../Engine/Plugins/Media/ImgMedia/Binaries/Win64/UE4Editor-ImgMediaFactory.dll (API version 3709383).
LogModuleManager: Display: Found up-to-date module file ../../../Engine/Plugins/Media/ImgMedia/Binaries/Win64/UE4Editor-ImgMediaFactory.dll (API version 3709383).
LogModuleManager: Display: Found up-to-date module file ../../../Engine/Plugins/Media/ImgMedia/Binaries/Win64/UE4Editor-OpenExrWrapper.dll (API version 3709383).
LogModuleManager: Display: Found up-to-date module file ../../../Engine/Plugins/Media/MediaCompositing/Binaries/Win64/UE4Editor-MediaCompositing.dll (API version 3709383).
LogModuleManager: Display: Found up-to-date module file ../../../Engine/Plugins/Media/MediaCompositing/Binaries/Win64/UE4Editor-MediaCompositingEditor.dll (API version 3709383).
LogModuleManager: Display: Found up-to-date module file ../../../Engine/Plugins/Media/MediaPlayerEditor/Binaries/Win64/UE4Editor-MediaPlayerEditor.dll (API version 3709383).
LogModuleManager: Display: Found up-to-date module file ../../../Engine/Plugins/Media/WmfMedia/Binaries/Win64/UE4Editor-WmfMedia.dll (API version 3709383).
LogModuleManager: Display: Found up-to-date module file ../../../Engine/Plugins/Media/WmfMedia/Binaries/Win64/UE4Editor-WmfMediaEditor.dll (API version 3709383).
LogModuleManager: Display: Found up-to-date module file ../../../Engine/Plugins/Media/WmfMedia/Binaries/Win64/UE4Editor-WmfMediaFactory.dll (API version 3709383).
LogModuleManager: Display: Found up-to-date module file ../../../Engine/Plugins/Media/WmfMedia/Binaries/Win64/UE4Editor-WmfMediaFactory.dll (API version 3709383).
LogModuleManager: Display: Found up-to-date module file ../../../Engine/Plugins/Messaging/TcpMessaging/Binaries/Win64/UE4Editor-TcpMessaging.dll (API version 3709383).
LogModuleManager: Display: Found up-to-date module file ../../../Engine/Plugins/Messaging/UdpMessaging/Binaries/Win64/UE4Editor-UdpMessaging.dll (API version 3709383).
LogModuleManager: Display: Found up-to-date module file ../../../Engine/Plugins/MovieScene/ActorSequence/Binaries/Win64/UE4Editor-ActorSequence.dll (API version 3709383).
LogModuleManager: Display: Found up-to-date module file ../../../Engine/Plugins/MovieScene/LevelSequenceEditor/Binaries/Win64/UE4Editor-LevelSequenceEditor.dll (API version 3709383).
LogModuleManager: Display: Found up-to-date module file ../../../Engine/Plugins/MovieScene/MatineeToLevelSequence/Binaries/Win64/UE4Editor-MatineeToLevelSequence.dll (API version 3709383).
LogModuleManager: Display: Found up-to-date module file ../../../Engine/Plugins/Online/OnlineSubsystem/Binaries/Win64/UE4Editor-OnlineSubsystem.dll (API version 3709383).
LogModuleManager: Display: Found up-to-date module file ../../../Engine/Plugins/Runtime/AndroidPermission/Binaries/Win64/UE4Editor-AndroidPermission.dll (API version 3709383).
LogModuleManager: Display: Found up-to-date module file ../../../Engine/Plugins/Online/OnlineSubsystemNull/Binaries/Win64/UE4Editor-OnlineSubsystemNull.dll (API version 3709383).
LogModuleManager: Display: Found up-to-date module file ../../../Engine/Plugins/Online/OnlineSubsystemUtils/Binaries/Win64/UE4Editor-OnlineSubsystemUtils.dll (API version 3709383).
LogModuleManager: Display: Found up-to-date module file ../../../Engine/Plugins/Online/OnlineSubsystemUtils/Binaries/Win64/UE4Editor-OnlineBlueprintSupport.dll (API version 3709383).
LogModuleManager: Display: Found up-to-date module file ../../../Engine/Plugins/Runtime/AndroidDeviceProfileSelector/Binaries/Win64/UE4Editor-AndroidDeviceProfileSelector.dll (API version 3709383).
LogModuleManager: Display: Found up-to-date module file ../../../Engine/Plugins/Runtime/AppleARKit/Binaries/Win64/UE4Editor-AppleARKit.dll (API version 3709383).
LogModuleManager: Display: Found up-to-date module file ../../../Engine/Plugins/Runtime/ArchVisCharacter/Binaries/Win64/UE4Editor-ArchVisCharacter.dll (API version 3709383).
LogModuleManager: Display: Found up-to-date module file ../../../Engine/Plugins/Runtime/CableComponent/Binaries/Win64/UE4Editor-CableComponent.dll (API version 3709383).
LogModuleManager: Display: Found up-to-date module file ../../../Engine/Plugins/Runtime/CustomMeshComponent/Binaries/Win64/UE4Editor-CustomMeshComponent.dll (API version 3709383).
LogModuleManager: Display: Found up-to-date module file ../../../Engine/Plugins/Runtime/ExampleDeviceProfileSelector/Binaries/Win64/UE4Editor-ExampleDeviceProfileSelector.dll (API version 3709383).
LogModuleManager: Display: Found up-to-date module file ../../../Engine/Plugins/Runtime/ImmediatePhysics/Binaries/Win64/UE4Editor-ImmediatePhysics.dll (API version 3709383).
LogModuleManager: Display: Found up-to-date module file ../../../Engine/Plugins/Runtime/ImmediatePhysics/Binaries/Win64/UE4Editor-ImmediatePhysicsEditor.dll (API version 3709383).
LogModuleManager: Display: Found up-to-date module file ../../../Engine/Plugins/Runtime/LocationServicesBPLibrary/Binaries/Win64/UE4Editor-LocationServicesBPLibrary.dll (API version 3709383).
LogModuleManager: Display: Found up-to-date module file ../../../Engine/Plugins/Runtime/MobilePatchingUtils/Binaries/Win64/UE4Editor-MobilePatchingUtils.dll (API version 3709383).
LogModuleManager: Display: Found up-to-date module file ../../../Engine/Plugins/Runtime/Oculus/OculusVR/Binaries/Win64/UE4Editor-OculusHMD.dll (API version 3709383).
LogModuleManager: Display: Found up-to-date module file ../../../Engine/Plugins/Runtime/Oculus/OculusVR/Binaries/Win64/UE4Editor-OculusInput.dll (API version 3709383).
LogModuleManager: Display: Found up-to-date module file ../../../Engine/Plugins/Runtime/Oculus/OculusVR/Binaries/Win64/UE4Editor-OculusEditor.dll (API version 3709383).
LogModuleManager: Display: Found up-to-date module file ../../../Engine/Plugins/Runtime/PhysXVehicles/Binaries/Win64/UE4Editor-PhysXVehicles.dll (API version 3709383).
LogModuleManager: Display: Found up-to-date module file ../../../Engine/Plugins/Runtime/PhysXVehicles/Binaries/Win64/UE4Editor-PhysXVehiclesEditor.dll (API version 3709383).
LogModuleManager: Display: Found up-to-date module file ../../../Engine/Plugins/Runtime/ProceduralMeshComponent/Binaries/Win64/UE4Editor-ProceduralMeshComponent.dll (API version 3709383).
LogModuleManager: Display: Found up-to-date module file ../../../Engine/Plugins/Runtime/ProceduralMeshComponent/Binaries/Win64/UE4Editor-ProceduralMeshComponentEditor.dll (API version 3709383).
LogModuleManager: Display: Found up-to-date module file ../../../Engine/Plugins/Runtime/RuntimePhysXCooking/Binaries/Win64/UE4Editor-RuntimePhysXCooking.dll (API version 3709383).
LogModuleManager: Display: Found up-to-date module file ../../../Engine/Plugins/Runtime/Steam/SteamVR/Binaries/Win64/UE4Editor-SteamVR.dll (API version 3709383).
LogModuleManager: Display: Found up-to-date module file ../../../Engine/Plugins/Runtime/Steam/SteamVR/Binaries/Win64/UE4Editor-SteamVRController.dll (API version 3709383).
LogModuleManager: Display: Found up-to-date module file ../../../Engine/Plugins/Runtime/WindowsMoviePlayer/Binaries/Win64/UE4Editor-WindowsMoviePlayer.dll (API version 3709383).
LogPluginManager: Mounting plugin Paper2D
LogPluginManager: Mounting plugin LightPropagationVolume
LogPluginManager: Mounting plugin CodeLiteSourceCodeAccess
LogPluginManager: Mounting plugin GitSourceControl
LogPluginManager: Mounting plugin KDevelopSourceCodeAccess
LogPluginManager: Mounting plugin NullSourceCodeAccess
LogPluginManager: Mounting plugin PerforceSourceControl
LogPluginManager: Mounting plugin SubversionSourceControl
LogPluginManager: Mounting plugin UObjectPlugin
LogPluginManager: Mounting plugin VisualStudioCodeSourceCodeAccess
LogPluginManager: Mounting plugin VisualStudioSourceCodeAccess
LogPluginManager: Mounting plugin XCodeSourceCodeAccess
LogPluginManager: Mounting plugin AssetManagerEditor
LogPluginManager: Mounting plugin AudioCapture
LogPluginManager: Mounting plugin FacialAnimation
LogPluginManager: Mounting plugin GameplayTagsEditor
LogPluginManager: Mounting plugin MobileLauncherProfileWizard
LogPluginManager: Mounting plugin PluginBrowser
LogPluginManager: Mounting plugin SpeedTreeImporter
LogPluginManager: Mounting plugin AlembicImporter
LogPluginManager: Mounting plugin CharacterAI
LogPluginManager: Mounting plugin HTML5Networking
LogPluginManager: Mounting plugin AndroidMedia
LogPluginManager: Mounting plugin AvfMedia
LogPluginManager: Mounting plugin ImgMedia
LogPluginManager: Mounting plugin MediaCompositing
LogPluginManager: Mounting plugin MediaPlayerEditor
LogPluginManager: Mounting plugin WmfMedia
LogPluginManager: Mounting plugin TcpMessaging
LogPluginManager: Mounting plugin UdpMessaging
LogPluginManager: Mounting plugin ActorSequence
LogPluginManager: Mounting plugin LevelSequenceEditor
LogPluginManager: Mounting plugin MatineeToLevelSequence
LogPluginManager: Mounting plugin OnlineSubsystemGooglePlay
LogPluginManager: Mounting plugin OnlineSubsystemIOS
LogPluginManager: Mounting plugin OnlineSubsystem
LogPluginManager: Mounting plugin OnlineSubsystemNull
LogPluginManager: Mounting plugin OnlineSubsystemUtils
LogPluginManager: Mounting plugin AndroidDeviceProfileSelector
LogPluginManager: Mounting plugin AndroidMoviePlayer
LogPluginManager: Mounting plugin AndroidPermission
LogPluginManager: Mounting plugin AppleARKit
LogPluginManager: Mounting plugin AppleMoviePlayer
LogPluginManager: Mounting plugin ArchVisCharacter
LogPluginManager: Mounting plugin CableComponent
LogPluginManager: Mounting plugin CustomMeshComponent
LogPluginManager: Mounting plugin ExampleDeviceProfileSelector
LogPluginManager: Mounting plugin GoogleCloudMessaging
LogPluginManager: Mounting plugin ImmediatePhysics
LogPluginManager: Mounting plugin IOSDeviceProfileSelector
LogPluginManager: Mounting plugin LinuxDeviceProfileSelector
LogPluginManager: Mounting plugin LocationServicesBPLibrary
LogPluginManager: Mounting plugin MobilePatchingUtils
LogPluginManager: Mounting plugin OculusVR
LogPluginManager: Plugin shader directory ../../../Engine/Plugins/Runtime/Oculus/OculusVR/Shaders found
LogPluginManager: Mapping shader source directory ../../../Engine/Plugins/Runtime/Oculus/OculusVR/Shaders to virtual directory /Plugin/OculusVR
LogPluginManager: Mounting plugin PhysXVehicles
LogPluginManager: Mounting plugin ProceduralMeshComponent
LogPluginManager: Mounting plugin RuntimePhysXCooking
LogPluginManager: Mounting plugin SteamVR
LogPluginManager: Mounting plugin WindowsMoviePlayer
LogInit: Using libcurl 7.47.1
LogInit:  - built for x86_64-pc-win32
LogInit:  - supports SSL with OpenSSL/1.0.2g
LogInit:  - supports HTTP deflate (compression) using libz 1.2.8
LogInit:  - other features:
LogInit:      CURL_VERSION_SSL
LogInit:      CURL_VERSION_LIBZ
LogInit:      CURL_VERSION_IPV6
LogInit:      CURL_VERSION_ASYNCHDNS
LogInit:      CURL_VERSION_LARGEFILE
LogInit:      CURL_VERSION_IDN
LogInit:  CurlRequestOptions (configurable via config and command line):
LogInit:  - bVerifyPeer = false  - Libcurl will NOT verify peer certificate
LogInit:  - bUseHttpProxy = false  - Libcurl will NOT use HTTP proxy
LogInit:  - bDontReuseConnections = false  - Libcurl will reuse connections
LogInit:  - CertBundlePath = nullptr  - Libcurl will use whatever was configured at build time.
LogInit: Build: ++UE4+Release-4.18-CL-3832480
LogInit: Engine Version: 4.18.3-3832480+++UE4+Release-4.18
LogInit: Compatible Engine Version: 4.18.0-3709383+++UE4+Release-4.18
LogInit: Net CL: 3709383
LogDevObjectVersion: Number of dev versions registered: 16
LogDevObjectVersion:   Dev-Blueprints (B0D832E4-1F89-4F0D-ACCF-7EB736FD4AA2): 10
LogDevObjectVersion:   Dev-Build (E1C64328-A22C-4D53-A36C-8E866417BD8C): 0
LogDevObjectVersion:   Dev-Core (375EC13C-06E4-48FB-B500-84F0262A717E): 2
LogDevObjectVersion:   Dev-Editor (E4B068ED-F494-42E9-A231-DA0B2E46BB41): 20
LogDevObjectVersion:   Dev-Framework (CFFC743F-43B0-4480-9391-14DF171D2073): 30
LogDevObjectVersion:   Dev-Mobile (B02B49B5-BB20-44E9-A304-32B752E40360): 0
LogDevObjectVersion:   Dev-Networking (A4E4105C-59A1-49B5-A7C5-40C4547EDFEE): 0
LogDevObjectVersion:   Dev-Online (39C831C9-5AE6-47DC-9A44-9C173E1C8E7C): 0
LogDevObjectVersion:   Dev-Physics (78F01B33-EBEA-4F98-B9B4-84EACCB95AA2): 0
LogDevObjectVersion:   Dev-Platform (6631380F-2D4D-43E0-8009-CF276956A95A): 0
LogDevObjectVersion:   Dev-Rendering (12F88B9F-8875-4AFC-A67C-D90C383ABD29): 20
LogDevObjectVersion:   Dev-Sequencer (7B5AE74C-D270-4C10-A958-57980B212A5A): 4
LogDevObjectVersion:   Dev-VR (D7296918-1DD6-4BDD-9DE2-64A83CC13884): 0
LogDevObjectVersion:   Dev-LoadTimes (C2A15278-BFE7-4AFE-6C17-90FF531DF755): 1
LogDevObjectVersion:   Private-Geometry (6EACA3D4-40EC-4CC1-B786-8BED09428FC5): 1
LogDevObjectVersion:   Dev-AnimPhys (29E575DD-E0A3-4627-9D10-D276232CDCEA): 12
LogInit: Compiled (64-bit): Jan 12 2018 02:04:55
LogInit: Compiled with Visual C++: 19.00.24215.01
LogInit: Build Configuration: Development
LogInit: Branch Name: ++UE4+Release-4.18
LogInit: Command line:  
LogInit: Base directory: C:/Program Files/Epic Games/UE_4.18/Engine/Binaries/Win64/
LogInit: Installed Engine Build: 1
LogInit: Presizing for max 8388607 objects, including 0 objects not considered by GC, pre-allocating 0 bytes for permanent pool.
LogInit: Object subsystem initialized
[2018.03.11-13.04.29:051][  0]LogInit: Selected Device Profile: [Windows]
[2018.03.11-13.04.29:051][  0]LogInit: Applying CVar settings loaded from the selected device profile: [Windows]
[2018.03.11-13.04.29:351][  0]LogInit: Computer: DESKTOP-VCTKPF9
[2018.03.11-13.04.29:351][  0]LogInit: User: veeking
[2018.03.11-13.04.29:351][  0]LogInit: CPU Page size=4096, Cores=2
[2018.03.11-13.04.29:351][  0]LogInit: High frequency timer resolution =3.613281 MHz
[2018.03.11-13.04.29:351][  0]LogMemory: Memory total: Physical=8.0GB (8GB approx)
[2018.03.11-13.04.29:351][  0]LogMemory: Platform Memory Stats for Windows
[2018.03.11-13.04.29:352][  0]LogMemory: Process Physical Memory: 272.44 MB used, 272.44 MB peak
[2018.03.11-13.04.29:352][  0]LogMemory: Process Virtual Memory: 269.23 MB used, 269.23 MB peak
[2018.03.11-13.04.29:352][  0]LogMemory: Physical Memory: 3432.80 MB used,  4710.54 MB free, 8143.34 MB total
[2018.03.11-13.04.29:352][  0]LogMemory: Virtual Memory: 678.08 MB used,  4710.54 MB free, 134217728.00 MB total
[2018.03.11-13.04.31:633][  0]LogInit: Using OS detected language (en-US).
[2018.03.11-13.04.31:634][  0]LogInit: Using OS detected locale (en-US).
[2018.03.11-13.04.32:245][  0]LogTextLocalizationManager: No specific localization for 'en-US' exists, so the 'en' localization will be used.
[2018.03.11-13.04.33:083][  0]LogInit: Setting process to per monitor DPI aware
[2018.03.11-13.04.39:803][  0]LogD3D11RHI: D3D11 adapters:
[2018.03.11-13.04.39:848][  0]LogD3D11RHI:    0. 'AMD Radeon R9 200 Series' (Feature Level 11_0)
[2018.03.11-13.04.39:848][  0]LogD3D11RHI:       2028/0/4071 MB DedicatedVideo/DedicatedSystem/SharedSystem, Outputs:2, VendorId:0x1002
[2018.03.11-13.04.39:908][  0]LogD3D11RHI:    1. 'Microsoft Basic Render Driver' (Feature Level 11_0)
[2018.03.11-13.04.39:908][  0]LogD3D11RHI:       0/0/4071 MB DedicatedVideo/DedicatedSystem/SharedSystem, Outputs:0, VendorId:0x1414
[2018.03.11-13.04.39:908][  0]LogD3D11RHI: Chosen D3D11 Adapter: 0
[2018.03.11-13.04.39:916][  0]LogD3D11RHI: Creating new Direct3DDevice
[2018.03.11-13.04.39:916][  0]LogD3D11RHI:     GPU DeviceId: 0x6810 (for the marketing name, search the web for "GPU Device Id")
[2018.03.11-13.04.39:916][  0]LogWindows: EnumDisplayDevices:
[2018.03.11-13.04.39:916][  0]LogWindows:    0. 'AMD Radeon R9 200 Series' (P:1 D:1)
[2018.03.11-13.04.39:917][  0]LogWindows:    1. 'AMD Radeon R9 200 Series' (P:0 D:1)
[2018.03.11-13.04.39:917][  0]LogWindows:    2. 'AMD Radeon R9 200 Series' (P:0 D:0)
[2018.03.11-13.04.39:917][  0]LogWindows:    3. 'AMD Radeon R9 200 Series' (P:0 D:0)
[2018.03.11-13.04.39:917][  0]LogWindows:    4. 'AMD Radeon R9 200 Series' (P:0 D:0)
[2018.03.11-13.04.39:918][  0]LogWindows:    5. 'AMD Radeon R9 200 Series' (P:0 D:0)
[2018.03.11-13.04.39:918][  0]LogWindows: DebugString: GetVideoDriverDetailsInvalid PrimaryIsNotTheChoosenAdapter GetVideoDriverDetailsInvalid PrimaryIsNotTheChoosenAdapter GetVideoDriverDetailsInvalid PrimaryIsNotTheChoosenAdapter GetVideoDriverDetailsInvalid PrimaryIsNotTheChoosenAdapter GetVideoDriverDetailsInvalid PrimaryIsNotTheChoosenAdapter GetVideoDriverDetailsInvalid PrimaryIsNotTheChoosenAdapter FoundDriverCount:0 
[2018.03.11-13.04.39:918][  0]LogD3D11RHI:     Adapter Name: AMD Radeon R9 200 Series
[2018.03.11-13.04.39:918][  0]LogD3D11RHI:   Driver Version: Unknown (internal:Unknown, unified:Unknown)
[2018.03.11-13.04.39:918][  0]LogD3D11RHI:      Driver Date: Unknown
[2018.03.11-13.04.39:918][  0]LogRHI: Texture pool is 1419 MB (70% of 2028 MB)
[2018.03.11-13.04.40:013][  0]LogD3D11RHI: Async texture creation enabled
[2018.03.11-13.04.40:248][  0]LogD3D11RHI: GPU Timing Frequency: 27.000000 (Debug: 2 1)
[2018.03.11-13.04.40:327][  0]LogShaderCompilers: Guid format shader working directory is -35 characters bigger than the processId version (../../../../../../Users/veeki/Desktop/SHOT_STUDIOS_FINAL/SHOT_STUDIOS_MASTER_Copy/Intermediate/Shaders/WorkingDirectory/3856/).
[2018.03.11-13.04.40:327][  0]LogShaderCompilers: Cleaned the shader compiler working directory 'C:/Users/veeki/AppData/Local/Temp/UnrealShaderWorkingDir/A8ED6AA147D892E0AFE6ACB7B92EC241/'.
[2018.03.11-13.04.40:354][  0]LogShaderCompilers: Display: Using Local Shader Compiler.
[2018.03.11-13.04.46:578][  0]LogTemp: Display: Loaded TP AllDesktopTargetPlatform
[2018.03.11-13.04.46:642][  0]LogTemp: Display: Loaded TP MacClientTargetPlatform
[2018.03.11-13.04.46:712][  0]LogTemp: Display: Loaded TP MacNoEditorTargetPlatform
[2018.03.11-13.04.46:775][  0]LogTemp: Display: Loaded TP MacServerTargetPlatform
[2018.03.11-13.04.46:903][  0]LogTemp: Display: Loaded TP MacTargetPlatform
[2018.03.11-13.04.47:003][  0]LogTemp: Display: Loaded TP WindowsClientTargetPlatform
[2018.03.11-13.04.47:065][  0]LogTemp: Display: Loaded TP WindowsNoEditorTargetPlatform
[2018.03.11-13.04.47:128][  0]LogTemp: Display: Loaded TP WindowsServerTargetPlatform
[2018.03.11-13.04.47:181][  0]LogTemp: Display: Loaded TP WindowsTargetPlatform
[2018.03.11-13.04.47:244][  0]LogTemp: Display: Loaded TP Android_ASTCTargetPlatform
[2018.03.11-13.04.47:306][  0]LogTemp: Display: Loaded TP Android_ATCTargetPlatform
[2018.03.11-13.04.47:366][  0]LogTemp: Display: Loaded TP Android_DXTTargetPlatform
[2018.03.11-13.04.47:427][  0]LogTemp: Display: Loaded TP Android_ETC1TargetPlatform
[2018.03.11-13.04.47:484][  0]LogTemp: Display: Loaded TP Android_ETC2TargetPlatform
[2018.03.11-13.04.47:608][  0]LogTemp: Display: Loaded TP Android_MultiTargetPlatform
[2018.03.11-13.04.47:608][  0]LogTemp: Display: Loaded TP Android_PVRTCTargetPlatform
[2018.03.11-13.04.47:711][  0]LogTemp: Display: Loaded TP AndroidTargetPlatform
[2018.03.11-13.04.47:761][  0]LogTemp: Display: Loaded TP HTML5TargetPlatform
[2018.03.11-13.04.47:919][  0]LogTemp: Display: Loaded TP IOSTargetPlatform
[2018.03.11-13.04.47:945][  0]LogTemp: Display: Loaded TP TVOSTargetPlatform
[2018.03.11-13.04.48:003][  0]LogTemp: Display: Loaded TP LinuxClientTargetPlatform
[2018.03.11-13.04.48:062][  0]LogTemp: Display: Loaded TP LinuxNoEditorTargetPlatform
[2018.03.11-13.04.48:123][  0]LogTemp: Display: Loaded TP LinuxServerTargetPlatform
[2018.03.11-13.04.48:213][  0]LogTemp: Display: Loaded TP LinuxTargetPlatform
[2018.03.11-13.04.48:213][  0]LogTargetPlatformManager: Display: Building Assets For Windows
[2018.03.11-13.04.49:462][  0]LogDerivedDataCache: Display: Max Cache Size: 512 MB
[2018.03.11-13.04.50:372][  0]LogDerivedDataCache: Loaded boot cache 0.89s 78MB C:/Users/veeki/AppData/Local/UnrealEngine/4.18/DerivedDataCache/Boot.ddc.
[2018.03.11-13.04.50:372][  0]LogDerivedDataCache: Display: Loaded Boot cache: C:/Users/veeki/AppData/Local/UnrealEngine/4.18/DerivedDataCache/Boot.ddc
[2018.03.11-13.04.50:372][  0]LogDerivedDataCache: FDerivedDataBackendGraph:  Pak pak cache file ../../../../../../Users/veeki/Desktop/SHOT_STUDIOS_FINAL/SHOT_STUDIOS_MASTER_Copy/DerivedDataCache/DDC.ddp not found, will not use a pak cache.
[2018.03.11-13.04.50:372][  0]LogDerivedDataCache: Unable to find inner node Pak for hierarchical cache Hierarchy.
[2018.03.11-13.04.50:373][  0]LogDerivedDataCache: FDerivedDataBackendGraph:  CompressedPak pak cache file ../../../../../../Users/veeki/Desktop/SHOT_STUDIOS_FINAL/SHOT_STUDIOS_MASTER_Copy/DerivedDataCache/Compressed.ddp not found, will not use a pak cache.
[2018.03.11-13.04.50:373][  0]LogDerivedDataCache: Unable to find inner node CompressedPak for hierarchical cache Hierarchy.
[2018.03.11-13.04.50:464][  0]LogDerivedDataCache: Display: Pak cache opened for reading ../../../Engine/DerivedDataCache/Compressed.ddp.
[2018.03.11-13.04.50:477][  0]LogDerivedDataCache: Using Local data cache path C:/Users/veeki/AppData/Local/UnrealEngine/Common/DerivedDataCache: Writable
[2018.03.11-13.04.50:543][  0]LogMaterial: Verifying Global Shaders for PCD3D_SM5
[2018.03.11-13.04.50:594][  0]LogSlate: Using Freetype 2.6.0
[2018.03.11-13.04.50:672][  0]LogSlate: SlateFontCache - WITH_FREETYPE: 1, WITH_HARFBUZZ: 1
[2018.03.11-13.04.50:678][  0]LogSlate: SlateFontCache - WITH_FREETYPE: 1, WITH_HARFBUZZ: 1
[2018.03.11-13.04.58:165][  0]LogInit: Selected Device Profile: [Windows]
[2018.03.11-13.05.00:190][  0]LogSimplygon: Simplygon DLL not present - disabling.
[2018.03.11-13.05.00:317][  0]LogMeshReduction: Using SimplygonSwarm for distributed automatic mesh merging
[2018.03.11-13.05.00:318][  0]LogMeshReduction: Using QuadricMeshReduction for automatic static mesh reduction
[2018.03.11-13.05.00:318][  0]LogMeshReduction: No automatic skeletal mesh reduction module available
[2018.03.11-13.05.00:318][  0]LogMeshReduction: No automatic mesh merging module available
[2018.03.11-13.05.00:318][  0]LogMeshMerging: No automatic mesh merging module available
[2018.03.11-13.05.00:791][  0]LogNetVersion: SHOT_STUDIOS_MASTER , NetCL: 3709383, EngineNetVer: 2, GameNetVer: 0 (Checksum: 2059099905)
[2018.03.11-13.05.02:477][  0]LogAssetRegistry: FAssetRegistry took 0.0283 seconds to start up
[2018.03.11-13.05.11:313][  0]LogPackageLocalizationCache: Processed 7 localized package path(s) for 2 prioritized culture(s) in 0.231927 seconds
[2018.03.11-13.05.11:355][  0]LogUObjectArray: 35870 objects as part of root set at end of initial load.
[2018.03.11-13.05.11:355][  0]LogUObjectAllocator: 7363696 out of 0 bytes used by permanent object pool.
[2018.03.11-13.05.11:355][  0]LogUObjectArray: CloseDisregardForGC: 0/0 objects in disregard for GC pool
[2018.03.11-13.05.11:483][  0]LogInit: WinSock: version 1.1 (2.2), MaxSocks=32767, MaxUdp=65467
[2018.03.11-13.05.43:491][  0]LogTcpMessaging: Initializing TcpMessaging bridge
[2018.03.11-13.05.43:568][  0]LogUdpMessaging: Initializing bridge on interface 0.0.0.0:0 to multicast group 230.0.0.1:6666.
[2018.03.11-13.05.45:887][  0]LogMaterial: Uniform references updated for custom material expression Custom.
[2018.03.11-13.05.47:467][  0]SourceControl: Source control is disabled
[2018.03.11-13.05.47:474][  0]SourceControl: Source control is disabled
[2018.03.11-13.05.47:587][  0]SourceControl: Source control is disabled
[2018.03.11-13.05.47:663][  0]SourceControl: Source control is disabled
[2018.03.11-13.05.49:700][  0]LogAndroidPermission: UAndroidPermissionCallbackProxy::GetInstance
[2018.03.11-13.05.50:198][  0]LogOcInput: OculusInput pre-init called
[2018.03.11-13.05.51:582][  0]LogEngine: Initializing Engine...
[2018.03.11-13.05.51:614][  0]LogHMD: Failed to initialize OpenVR with code 110
[2018.03.11-13.05.53:160][  0]LogStats: UGameplayTagsManager::ConstructGameplayTagTree: Construct from data asset -  0.000 s
[2018.03.11-13.05.53:160][  0]LogStats: UGameplayTagsManager::ConstructGameplayTagTree: GameplayTagTreeChangedEvent.Broadcast -  0.000 s
[2018.03.11-13.05.54:260][  0]LogAIModule: Creating AISystem for world Untitled
[2018.03.11-13.05.55:511][  0]LogInit: XAudio2 using 'Headphones (High Definition Audio Device)' : 2 channels at 44.1 kHz using 16 bits per sample (channel mask 0x3)
[2018.03.11-13.05.55:538][  0]LogInit: FAudioDevice initialized.
[2018.03.11-13.05.56:018][  0]LogDerivedDataCache: Saved boot cache 0.46s 78MB C:/Users/veeki/AppData/Local/UnrealEngine/4.18/DerivedDataCache/Boot.ddc.
[2018.03.11-13.05.56:049][  0]LogInit: Texture streaming: Enabled
[2018.03.11-13.05.56:476][  0]LogEngineSessionManager: EngineSessionManager initialized
[2018.03.11-13.05.57:748][  0]LogInit: Transaction tracking system initialized
[2018.03.11-13.05.59:373][  0]BlueprintLog: New page: Editor Load
[2018.03.11-13.06.03:977][  0]LocalizationService: Localization service is disabled
[2018.03.11-13.06.07:007][  0]LogConsoleResponse: Display: 
[2018.03.11-13.06.13:256][  0]LogFileCache: Scanning file cache for directory 'C:/Users/veeki/Desktop/SHOT_STUDIOS_FINAL/SHOT_STUDIOS_MASTER_Copy/Content/' took 0.13s
[2018.03.11-13.06.13:256][  0]LogCook: Display: Max memory allowance for cook 16384mb min free memory 0mb
[2018.03.11-13.06.13:257][  0]LogCook: Display: Mobile HDR setting 1
[2018.03.11-13.06.13:278][  0]LogGameplayTags: Display: UGameplayTagsManager::DoneAddingNativeTags. DelegateIsBound: 0
[2018.03.11-13.06.19:387][  0]SourceControl: Source control is disabled
[2018.03.11-13.06.19:473][  0]Cmd: MAP LOAD FILE="../../../../../../Users/veeki/Desktop/SHOT_STUDIOS_FINAL/SHOT_STUDIOS_MASTER_Copy/Content/TopDownBP/Maps/TopDownExampleMap.umap" TEMPLATE=0 SHOWPROGRESS=1 FEATURELEVEL=3
[2018.03.11-13.06.19:482][  0]LightingResults: New page: Lighting Build
[2018.03.11-13.06.20:165][  0]MapCheck: New page: Map Check
[2018.03.11-13.06.20:165][  0]LightingResults: New page: Lighting Build
[2018.03.11-13.06.23:908][  0]LogBlueprint: Warning: [Compiler Ue4ASP_Character] InputAction Event references unknown Action 'Crouch' for  InputAction Crouch
[2018.03.11-13.06.23:908][  0]LogBlueprint: Warning: [Compiler Ue4ASP_Character] InputAction Event references unknown Action 'Jump' for  InputAction Jump
[2018.03.11-13.06.23:908][  0]LogBlueprint: Warning: [Compiler Ue4ASP_Character] Input Axis Event references unknown Axis 'LookUp' for  InputAxis LookUp
[2018.03.11-13.06.23:908][  0]LogBlueprint: Warning: [Compiler Ue4ASP_Character] Input Axis Event references unknown Axis 'Turn' for  InputAxis Turn
[2018.03.11-13.06.23:942][  0]LogBlueprint: Warning: [Compiler Ue4ASP_Character] [0143.76] Compile of Ue4ASP_Character successful, but with 4 Warning(s) [in 95 ms] (/Game/AnimStarterPack/Ue4ASP_Character.Ue4ASP_Character)
[2018.03.11-13.06.27:452][  0]LogAIModule: Creating AISystem for world TopDownExampleMap
[2018.03.11-13.06.28:861][  0]LogEditorServer: Finished looking for orphan Actors (0.000 secs)
[2018.03.11-13.06.29:107][  0]Cmd: MAP CHECKDEP NOCLEARLOG
[2018.03.11-13.06.29:223][  0]MapCheck: Map check complete: 0 Error(s), 0 Warning(s), took 109.848ms to complete.
[2018.03.11-13.06.29:223][  0]LogFileHelpers: Loading map 'TopDownExampleMap' took 9.784
[2018.03.11-13.06.32:127][  0]LogCollectionManager: Loaded 0 collections in 0.002690 seconds
[2018.03.11-13.06.32:313][  0]LogFileCache: Scanning file cache for directory 'C:/Users/veeki/Desktop/SHOT_STUDIOS_FINAL/SHOT_STUDIOS_MASTER_Copy/Saved/Collections/' took 0.01s
[2018.03.11-13.06.32:313][  0]LogFileCache: Scanning file cache for directory 'C:/Users/veeki/Desktop/SHOT_STUDIOS_FINAL/SHOT_STUDIOS_MASTER_Copy/Content/Developers/veeking/Collections/' took 0.01s
[2018.03.11-13.06.32:313][  0]LogFileCache: Scanning file cache for directory 'C:/Users/veeki/Desktop/SHOT_STUDIOS_FINAL/SHOT_STUDIOS_MASTER_Copy/Content/Collections/' took 0.01s
[2018.03.11-13.06.32:313][  0]LogCollectionManager: Rebuilt the GUID cache for 0 collections in 0.000001 seconds
[2018.03.11-13.06.32:326][  0]LogContentBrowser: Native class hierarchy populated in 0.0113 seconds. Added 2363 classes and 519 folders.
[2018.03.11-13.06.32:614][  0]LogContentBrowser: Native class hierarchy updated for 'WidgetCarousel' in 0.0003 seconds. Added 0 classes and 0 folders.
[2018.03.11-13.06.34:317][  0]LogContentBrowser: Native class hierarchy updated for 'AddContentDialog' in 0.0002 seconds. Added 0 classes and 0 folders.
[2018.03.11-13.06.34:482][  0]LogContentBrowser: Native class hierarchy updated for 'SceneOutliner' in 0.0003 seconds. Added 1 classes and 2 folders.
[2018.03.11-13.06.35:131][  0]LogSlate: Took 0.025467 seconds to synchronously load lazily loaded font '../../../Engine/Content/Slate/Fonts/Roboto-Regular.ttf' (155K)
[2018.03.11-13.06.35:168][  0]LogSlate: Took 0.022129 seconds to synchronously load lazily loaded font '../../../Engine/Content/Slate/Fonts/Roboto-Bold.ttf' (160K)
[2018.03.11-13.06.35:442][  0]LogSlate: Took 0.016585 seconds to synchronously load lazily loaded font '../../../Engine/Content/Editor/Slate/Fonts/FontAwesome.ttf' (139K)
[2018.03.11-13.06.36:212][  0]LogRenderer: Reallocating scene render targets to support 744x416 Format 10 NumSamples 1 (Frame:1).
[2018.03.11-13.06.37:189][  0]LogContentBrowser: Native class hierarchy updated for 'HierarchicalLODOutliner' in 0.0003 seconds. Added 1 classes and 2 folders.
[2018.03.11-13.06.37:189][  0]LogLoad: (Engine Initialization) Total time: 157.04 seconds
[2018.03.11-13.06.37:189][  0]LogLoad: (Engine Initialization) Total Blueprint compile time: 0.00 seconds
[2018.03.11-13.06.37:220][  0]LogExternalProfiler: No external profilers were discovered.  External profiling features will not be available.
[2018.03.11-13.06.38:073][  0]LogContentStreaming: Texture pool size now 1000 MB
[2018.03.11-13.06.38:453][  0]LogSlate: Took 0.021792 seconds to synchronously load lazily loaded font '../../../Engine/Content/Slate/Fonts/Roboto-Light.ttf' (159K)
[2018.03.11-13.06.39:005][  2]LogAssetRegistry: Asset discovery search completed in 96.5502 seconds
[2018.03.11-13.06.39:025][  2]LogCollectionManager: Rebuilt the object cache for 0 collections in 0.000001 seconds (found 0 objects)
[2018.03.11-13.06.39:025][  2]LogCollectionManager: Fixed up redirectors for 0 collections in 0.015289 seconds (updated 0 objects)
[2018.03.11-13.07.21:650][130]LogTemp: Repeating last play command: Selected Viewport
[2018.03.11-13.07.21:843][130]LogBlueprintUserMessages: Early PlayInEditor Detection: Level '/Game/TopDownBP/Maps/TopDownExampleMap.TopDownExampleMap:PersistentLevel' has LevelScriptBlueprint '/Game/TopDownBP/Maps/TopDownExampleMap.TopDownExampleMap:PersistentLevel.TopDownExampleMap' with GeneratedClass '/Game/TopDownBP/Maps/TopDownExampleMap.TopDownExampleMap_C' with ClassGeneratedBy '/Game/TopDownBP/Maps/TopDownExampleMap.TopDownExampleMap:PersistentLevel.TopDownExampleMap'
[2018.03.11-13.07.21:858][130]LogPlayLevel: PlayLevel: No blueprints needed recompiling
[2018.03.11-13.07.21:976][130]PIE: New page: PIE session: TopDownExampleMap (Mar 12, 2018, 11:07:21 AM)
[2018.03.11-13.07.21:994][130]LogPlayLevel: Creating play world package: /Game/TopDownBP/Maps/UEDPIE_0_TopDownExampleMap
[2018.03.11-13.07.22:150][130]LogPlayLevel: PIE: StaticDuplicateObject took: (0.156288s)
[2018.03.11-13.07.22:151][130]LogAIModule: Creating AISystem for world TopDownExampleMap
[2018.03.11-13.07.22:171][130]LogPlayLevel: PIE: World Init took: (0.020154s)
[2018.03.11-13.07.22:190][130]LogPlayLevel: PIE: Created PIE world by copying editor world from /Game/TopDownBP/Maps/TopDownExampleMap.TopDownExampleMap to /Game/TopDownBP/Maps/UEDPIE_0_TopDownExampleMap.TopDownExampleMap (0.195560s)
[2018.03.11-13.07.22:290][130]LogInit: XAudio2 using 'Headphones (High Definition Audio Device)' : 2 channels at 44.1 kHz using 16 bits per sample (channel mask 0x3)
[2018.03.11-13.07.22:295][130]LogInit: FAudioDevice initialized.
[2018.03.11-13.07.22:409][130]LogLoad: Game class is 'TopDownGameMode_C'
[2018.03.11-13.07.22:512][130]LogWorld: Bringing World /Game/TopDownBP/Maps/UEDPIE_0_TopDownExampleMap.TopDownExampleMap up for play (max tick rate 0) at 2018.03.12-00.07.22
[2018.03.11-13.07.22:671][130]LogWorld: Bringing up level for play took: 0.169365
[2018.03.11-13.07.22:929][130]LogContentBrowser: Native class hierarchy updated for 'MovieSceneCapture' in 0.0116 seconds. Added 11 classes and 0 folders.
[2018.03.11-13.07.23:021][130]PIE: Play in editor start time for /Game/TopDownBP/Maps/UEDPIE_0_TopDownExampleMap 1.622
[2018.03.11-13.07.23:022][130]LogBlueprintUserMessages: Late PlayInEditor Detection: Level '/Game/TopDownBP/Maps/TopDownExampleMap.TopDownExampleMap:PersistentLevel' has LevelScriptBlueprint '/Game/TopDownBP/Maps/TopDownExampleMap.TopDownExampleMap:PersistentLevel.TopDownExampleMap' with GeneratedClass '/Game/TopDownBP/Maps/TopDownExampleMap.TopDownExampleMap_C' with ClassGeneratedBy '/Game/TopDownBP/Maps/TopDownExampleMap.TopDownExampleMap:PersistentLevel.TopDownExampleMap'
[2018.03.11-13.07.29:735][884]LogBlueprintUserMessages: Early EndPlayMap Detection: Level '/Game/TopDownBP/Maps/TopDownExampleMap.TopDownExampleMap:PersistentLevel' has LevelScriptBlueprint '/Game/TopDownBP/Maps/TopDownExampleMap.TopDownExampleMap:PersistentLevel.TopDownExampleMap' with GeneratedClass '/Game/TopDownBP/Maps/TopDownExampleMap.TopDownExampleMap_C' with ClassGeneratedBy '/Game/TopDownBP/Maps/TopDownExampleMap.TopDownExampleMap:PersistentLevel.TopDownExampleMap'
[2018.03.11-13.07.29:886][884]LogBlueprintUserMessages: Late EndPlayMap Detection: Level '/Game/TopDownBP/Maps/TopDownExampleMap.TopDownExampleMap:PersistentLevel' has LevelScriptBlueprint '/Game/TopDownBP/Maps/TopDownExampleMap.TopDownExampleMap:PersistentLevel.TopDownExampleMap' with GeneratedClass '/Game/TopDownBP/Maps/TopDownExampleMap.TopDownExampleMap_C' with ClassGeneratedBy '/Game/TopDownBP/Maps/TopDownExampleMap.TopDownExampleMap:PersistentLevel.TopDownExampleMap'
[2018.03.11-13.07.30:613][945]LogTemp: Repeating last play command: Selected Viewport
[2018.03.11-13.07.30:634][945]LogBlueprintUserMessages: Early PlayInEditor Detection: Level '/Game/TopDownBP/Maps/TopDownExampleMap.TopDownExampleMap:PersistentLevel' has LevelScriptBlueprint '/Game/TopDownBP/Maps/TopDownExampleMap.TopDownExampleMap:PersistentLevel.TopDownExampleMap' with GeneratedClass '/Game/TopDownBP/Maps/TopDownExampleMap.TopDownExampleMap_C' with ClassGeneratedBy '/Game/TopDownBP/Maps/TopDownExampleMap.TopDownExampleMap:PersistentLevel.TopDownExampleMap'
[2018.03.11-13.07.30:634][945]LogPlayLevel: PlayLevel: No blueprints needed recompiling
[2018.03.11-13.07.30:635][945]PIE: New page: PIE session: TopDownExampleMap (Mar 12, 2018, 11:07:30 AM)
[2018.03.11-13.07.30:635][945]LogPlayLevel: Creating play world package: /Game/TopDownBP/Maps/UEDPIE_0_TopDownExampleMap
[2018.03.11-13.07.30:660][945]LogPlayLevel: PIE: StaticDuplicateObject took: (0.025205s)
[2018.03.11-13.07.30:660][945]LogAIModule: Creating AISystem for world TopDownExampleMap
[2018.03.11-13.07.30:661][945]LogPlayLevel: PIE: World Init took: (0.000746s)
[2018.03.11-13.07.30:661][945]LogPlayLevel: PIE: Created PIE world by copying editor world from /Game/TopDownBP/Maps/TopDownExampleMap.TopDownExampleMap to /Game/TopDownBP/Maps/UEDPIE_0_TopDownExampleMap.TopDownExampleMap (0.026363s)
[2018.03.11-13.07.30:684][945]LogInit: XAudio2 using 'Headphones (High Definition Audio Device)' : 2 channels at 44.1 kHz using 16 bits per sample (channel mask 0x3)
[2018.03.11-13.07.30:688][945]LogInit: FAudioDevice initialized.
[2018.03.11-13.07.30:719][945]LogLoad: Game class is 'TopDownGameMode_C'
[2018.03.11-13.07.30:724][945]LogWorld: Bringing World /Game/TopDownBP/Maps/UEDPIE_0_TopDownExampleMap.TopDownExampleMap up for play (max tick rate 0) at 2018.03.12-00.07.30
[2018.03.11-13.07.30:724][945]LogWorld: Bringing up level for play took: 0.004380
[2018.03.11-13.07.30:725][945]PIE: Play in editor start time for /Game/TopDownBP/Maps/UEDPIE_0_TopDownExampleMap -0.674
[2018.03.11-13.07.30:726][945]LogBlueprintUserMessages: Late PlayInEditor Detection: Level '/Game/TopDownBP/Maps/TopDownExampleMap.TopDownExampleMap:PersistentLevel' has LevelScriptBlueprint '/Game/TopDownBP/Maps/TopDownExampleMap.TopDownExampleMap:PersistentLevel.TopDownExampleMap' with GeneratedClass '/Game/TopDownBP/Maps/TopDownExampleMap.TopDownExampleMap_C' with ClassGeneratedBy '/Game/TopDownBP/Maps/TopDownExampleMap.TopDownExampleMap:PersistentLevel.TopDownExampleMap'
[2018.03.11-13.08.12:750][783]LogBlueprintUserMessages: Early EndPlayMap Detection: Level '/Game/TopDownBP/Maps/TopDownExampleMap.TopDownExampleMap:PersistentLevel' has LevelScriptBlueprint '/Game/TopDownBP/Maps/TopDownExampleMap.TopDownExampleMap:PersistentLevel.TopDownExampleMap' with GeneratedClass '/Game/TopDownBP/Maps/TopDownExampleMap.TopDownExampleMap_C' with ClassGeneratedBy '/Game/TopDownBP/Maps/TopDownExampleMap.TopDownExampleMap:PersistentLevel.TopDownExampleMap'
[2018.03.11-13.08.12:783][783]LogBlueprintUserMessages: Late EndPlayMap Detection: Level '/Game/TopDownBP/Maps/TopDownExampleMap.TopDownExampleMap:PersistentLevel' has LevelScriptBlueprint '/Game/TopDownBP/Maps/TopDownExampleMap.TopDownExampleMap:PersistentLevel.TopDownExampleMap' with GeneratedClass '/Game/TopDownBP/Maps/TopDownExampleMap.TopDownExampleMap_C' with ClassGeneratedBy '/Game/TopDownBP/Maps/TopDownExampleMap.TopDownExampleMap:PersistentLevel.TopDownExampleMap'
[2018.03.11-13.08.26:615][772]LogSlate: Took 0.000192 seconds to synchronously load lazily loaded font '../../../Engine/Content/Slate/Fonts/Roboto-Light.ttf' (159K)
[2018.03.11-13.08.26:876][772]LogContentBrowser: Native class hierarchy updated for 'SkeletonEditor' in 0.0003 seconds. Added 1 classes and 2 folders.
[2018.03.11-13.08.27:184][772]LogSlate: Took 0.000180 seconds to synchronously load lazily loaded font '../../../Engine/Content/Slate/Fonts/Roboto-Regular.ttf' (155K)
[2018.03.11-13.08.27:572][772]LogActorComponent: RegisterComponentWithWorld: (/Engine/Transient.World_7:PersistentLevel.Actor_0.DebugSkelMeshComponent_0) Already registered. Aborting.
[2018.03.11-13.08.28:268][772]LogContentBrowser: Native class hierarchy updated for 'BlueprintGraph' in 0.0006 seconds. Added 116 classes and 0 folders.
[2018.03.11-13.08.29:667][772]LogSkeletalMesh: USkeletalMeshComponent::InitArticulated : Bodies already created (/Engine/Transient.World_7:PersistentLevel.Actor_0.DebugSkelMeshComponent_0) - call TermArticulated first.
[2018.03.11-13.08.31:216][772]LogSlate: Took 0.024426 seconds to synchronously load lazily loaded font '../../../Engine/Content/Editor/Slate/Fonts/Roboto-BoldCondensed.ttf' (158K)
[2018.03.11-13.08.31:375][772]LogContentBrowser: Native class hierarchy updated for 'ClothingSystemEditorInterface' in 0.0002 seconds. Added 1 classes and 0 folders.
[2018.03.11-13.08.31:938][772]LogContentBrowser: Verbose: The majority of assets in the view are of type: AnimSequence
[2018.03.11-13.08.32:035][773]LogSlate: Took 0.017472 seconds to synchronously load lazily loaded font '../../../Engine/Content/Editor/Slate/Fonts/Roboto-Italic.ttf' (157K)
[2018.03.11-13.08.46:596][298]LogActorComponent: RegisterComponentWithWorld: (/Engine/Transient.World_9:PersistentLevel.Actor_1.DebugSkelMeshComponent_2) Already registered. Aborting.
[2018.03.11-13.08.46:696][298]LogSkeletalMesh: USkeletalMeshComponent::InitArticulated : Bodies already created (/Engine/Transient.World_9:PersistentLevel.Actor_1.DebugSkelMeshComponent_2) - call TermArticulated first.
[2018.03.11-13.08.47:238][298]LogRenderer: Reallocating scene render targets to support 912x420 Format 10 NumSamples 1 (Frame:1).
[2018.03.11-13.08.47:238][298]LogContentBrowser: Verbose: The majority of assets in the view are of type: AnimSequence
[2018.03.11-13.12.21:597][530]BlueprintLog: New page: Compile Knight_AnimBP
[2018.03.11-13.12.21:667][530]LogBlueprint: Warning: [Compiler Knight_AnimBP] Idle to Sword_Attack  will never be taken, please connect something to  Can Enter Transition
[2018.03.11-13.12.21:667][530]LogBlueprint: Warning: [Compiler Knight_AnimBP] Sword_Attack to Idle  will never be taken, please connect something to  Can Enter Transition
[2018.03.11-13.12.22:046][530]LogBlueprint: Warning: [Compiler Knight_AnimBP] [0501.89] Compile of Knight_AnimBP successful, but with 2 Warning(s) [in 449 ms] (/Game/TopDownBP/Character/Knight_Character/Knight_AnimBP.Knight_AnimBP)
[2018.03.11-13.12.26:256][ 26]LogTemp: Repeating last play command: Selected Viewport
[2018.03.11-13.12.26:276][ 26]LogBlueprintUserMessages: Early PlayInEditor Detection: Level '/Game/TopDownBP/Maps/TopDownExampleMap.TopDownExampleMap:PersistentLevel' has LevelScriptBlueprint '/Game/TopDownBP/Maps/TopDownExampleMap.TopDownExampleMap:PersistentLevel.TopDownExampleMap' with GeneratedClass '/Game/TopDownBP/Maps/TopDownExampleMap.TopDownExampleMap_C' with ClassGeneratedBy '/Game/TopDownBP/Maps/TopDownExampleMap.TopDownExampleMap:PersistentLevel.TopDownExampleMap'
[2018.03.11-13.12.26:276][ 26]LogPlayLevel: PlayLevel: No blueprints needed recompiling
[2018.03.11-13.12.26:276][ 26]PIE: New page: PIE session: TopDownExampleMap (Mar 12, 2018, 11:12:26 AM)
[2018.03.11-13.12.26:276][ 26]LogPlayLevel: Creating play world package: /Game/TopDownBP/Maps/UEDPIE_0_TopDownExampleMap
[2018.03.11-13.12.26:344][ 26]LogPlayLevel: PIE: StaticDuplicateObject took: (0.067795s)
[2018.03.11-13.12.26:344][ 26]LogAIModule: Creating AISystem for world TopDownExampleMap
[2018.03.11-13.12.26:344][ 26]LogPlayLevel: PIE: World Init took: (0.000847s)
[2018.03.11-13.12.26:345][ 26]LogPlayLevel: PIE: Created PIE world by copying editor world from /Game/TopDownBP/Maps/TopDownExampleMap.TopDownExampleMap to /Game/TopDownBP/Maps/UEDPIE_0_TopDownExampleMap.TopDownExampleMap (0.068990s)
[2018.03.11-13.12.26:388][ 26]LogInit: XAudio2 using 'Headphones (High Definition Audio Device)' : 2 channels at 44.1 kHz using 16 bits per sample (channel mask 0x3)
[2018.03.11-13.12.26:393][ 26]LogInit: FAudioDevice initialized.
[2018.03.11-13.12.26:504][ 26]LogLoad: Game class is 'TopDownGameMode_C'
[2018.03.11-13.12.26:508][ 26]LogWorld: Bringing World /Game/TopDownBP/Maps/UEDPIE_0_TopDownExampleMap.TopDownExampleMap up for play (max tick rate 0) at 2018.03.12-00.12.26
[2018.03.11-13.12.26:508][ 26]LogWorld: Bringing up level for play took: 0.003436
[2018.03.11-13.12.26:512][ 26]PIE: Play in editor start time for /Game/TopDownBP/Maps/UEDPIE_0_TopDownExampleMap 1.112
[2018.03.11-13.12.26:512][ 26]LogBlueprintUserMessages: Late PlayInEditor Detection: Level '/Game/TopDownBP/Maps/TopDownExampleMap.TopDownExampleMap:PersistentLevel' has LevelScriptBlueprint '/Game/TopDownBP/Maps/TopDownExampleMap.TopDownExampleMap:PersistentLevel.TopDownExampleMap' with GeneratedClass '/Game/TopDownBP/Maps/TopDownExampleMap.TopDownExampleMap_C' with ClassGeneratedBy '/Game/TopDownBP/Maps/TopDownExampleMap.TopDownExampleMap:PersistentLevel.TopDownExampleMap'
[2018.03.11-13.12.26:543][ 26]LogRenderer: Reallocating scene render targets to support 1024x576 Format 10 NumSamples 1 (Frame:1).
[2018.03.11-13.12.43:623][299]LogBlueprintUserMessages: Early EndPlayMap Detection: Level '/Game/TopDownBP/Maps/TopDownExampleMap.TopDownExampleMap:PersistentLevel' has LevelScriptBlueprint '/Game/TopDownBP/Maps/TopDownExampleMap.TopDownExampleMap:PersistentLevel.TopDownExampleMap' with GeneratedClass '/Game/TopDownBP/Maps/TopDownExampleMap.TopDownExampleMap_C' with ClassGeneratedBy '/Game/TopDownBP/Maps/TopDownExampleMap.TopDownExampleMap:PersistentLevel.TopDownExampleMap'
[2018.03.11-13.12.43:677][299]LogBlueprintUserMessages: Late EndPlayMap Detection: Level '/Game/TopDownBP/Maps/TopDownExampleMap.TopDownExampleMap:PersistentLevel' has LevelScriptBlueprint '/Game/TopDownBP/Maps/TopDownExampleMap.TopDownExampleMap:PersistentLevel.TopDownExampleMap' with GeneratedClass '/Game/TopDownBP/Maps/TopDownExampleMap.TopDownExampleMap_C' with ClassGeneratedBy '/Game/TopDownBP/Maps/TopDownExampleMap.TopDownExampleMap:PersistentLevel.TopDownExampleMap'
[2018.03.11-13.13.28:497][587]BlueprintLog: New page: Compile Knight_AnimBP
[2018.03.11-13.13.30:211][763]LogTemp: Repeating last play command: Selected Viewport
[2018.03.11-13.13.30:237][763]LogBlueprintUserMessages: Early PlayInEditor Detection: Level '/Game/TopDownBP/Maps/TopDownExampleMap.TopDownExampleMap:PersistentLevel' has LevelScriptBlueprint '/Game/TopDownBP/Maps/TopDownExampleMap.TopDownExampleMap:PersistentLevel.TopDownExampleMap' with GeneratedClass '/Game/TopDownBP/Maps/TopDownExampleMap.TopDownExampleMap_C' with ClassGeneratedBy '/Game/TopDownBP/Maps/TopDownExampleMap.TopDownExampleMap:PersistentLevel.TopDownExampleMap'
[2018.03.11-13.13.30:238][763]LogPlayLevel: PlayLevel: No blueprints needed recompiling
[2018.03.11-13.13.30:238][763]PIE: New page: PIE session: TopDownExampleMap (Mar 12, 2018, 11:13:30 AM)
[2018.03.11-13.13.30:238][763]LogPlayLevel: Creating play world package: /Game/TopDownBP/Maps/UEDPIE_0_TopDownExampleMap
[2018.03.11-13.13.30:257][763]LogPlayLevel: PIE: StaticDuplicateObject took: (0.019440s)
[2018.03.11-13.13.30:258][763]LogAIModule: Creating AISystem for world TopDownExampleMap
[2018.03.11-13.13.30:258][763]LogPlayLevel: PIE: World Init took: (0.000868s)
[2018.03.11-13.13.30:258][763]LogPlayLevel: PIE: Created PIE world by copying editor world from /Game/TopDownBP/Maps/TopDownExampleMap.TopDownExampleMap to /Game/TopDownBP/Maps/UEDPIE_0_TopDownExampleMap.TopDownExampleMap (0.020643s)
[2018.03.11-13.13.30:289][763]LogInit: XAudio2 using 'Headphones (High Definition Audio Device)' : 2 channels at 44.1 kHz using 16 bits per sample (channel mask 0x3)
[2018.03.11-13.13.30:294][763]LogInit: FAudioDevice initialized.
[2018.03.11-13.13.30:326][763]LogLoad: Game class is 'TopDownGameMode_C'
[2018.03.11-13.13.30:330][763]LogWorld: Bringing World /Game/TopDownBP/Maps/UEDPIE_0_TopDownExampleMap.TopDownExampleMap up for play (max tick rate 0) at 2018.03.12-00.13.30
[2018.03.11-13.13.30:331][763]LogWorld: Bringing up level for play took: 0.004394
[2018.03.11-13.13.30:334][763]PIE: Play in editor start time for /Game/TopDownBP/Maps/UEDPIE_0_TopDownExampleMap 0.934
[2018.03.11-13.13.30:334][763]LogBlueprintUserMessages: Late PlayInEditor Detection: Level '/Game/TopDownBP/Maps/TopDownExampleMap.TopDownExampleMap:PersistentLevel' has LevelScriptBlueprint '/Game/TopDownBP/Maps/TopDownExampleMap.TopDownExampleMap:PersistentLevel.TopDownExampleMap' with GeneratedClass '/Game/TopDownBP/Maps/TopDownExampleMap.TopDownExampleMap_C' with ClassGeneratedBy '/Game/TopDownBP/Maps/TopDownExampleMap.TopDownExampleMap:PersistentLevel.TopDownExampleMap'
[2018.03.11-13.13.57:016][941]LogBlueprintUserMessages: Early EndPlayMap Detection: Level '/Game/TopDownBP/Maps/TopDownExampleMap.TopDownExampleMap:PersistentLevel' has LevelScriptBlueprint '/Game/TopDownBP/Maps/TopDownExampleMap.TopDownExampleMap:PersistentLevel.TopDownExampleMap' with GeneratedClass '/Game/TopDownBP/Maps/TopDownExampleMap.TopDownExampleMap_C' with ClassGeneratedBy '/Game/TopDownBP/Maps/TopDownExampleMap.TopDownExampleMap:PersistentLevel.TopDownExampleMap'
[2018.03.11-13.13.57:053][941]LogBlueprintUserMessages: Late EndPlayMap Detection: Level '/Game/TopDownBP/Maps/TopDownExampleMap.TopDownExampleMap:PersistentLevel' has LevelScriptBlueprint '/Game/TopDownBP/Maps/TopDownExampleMap.TopDownExampleMap:PersistentLevel.TopDownExampleMap' with GeneratedClass '/Game/TopDownBP/Maps/TopDownExampleMap.TopDownExampleMap_C' with ClassGeneratedBy '/Game/TopDownBP/Maps/TopDownExampleMap.TopDownExampleMap:PersistentLevel.TopDownExampleMap'
[2018.03.11-13.13.58:514][107]LogTemp: Repeating last play command: Selected Viewport
[2018.03.11-13.13.58:535][107]LogBlueprintUserMessages: Early PlayInEditor Detection: Level '/Game/TopDownBP/Maps/TopDownExampleMap.TopDownExampleMap:PersistentLevel' has LevelScriptBlueprint '/Game/TopDownBP/Maps/TopDownExampleMap.TopDownExampleMap:PersistentLevel.TopDownExampleMap' with GeneratedClass '/Game/TopDownBP/Maps/TopDownExampleMap.TopDownExampleMap_C' with ClassGeneratedBy '/Game/TopDownBP/Maps/TopDownExampleMap.TopDownExampleMap:PersistentLevel.TopDownExampleMap'
[2018.03.11-13.13.58:535][107]LogPlayLevel: PlayLevel: No blueprints needed recompiling
[2018.03.11-13.13.58:535][107]PIE: New page: PIE session: TopDownExampleMap (Mar 12, 2018, 11:13:58 AM)
[2018.03.11-13.13.58:535][107]LogPlayLevel: Creating play world package: /Game/TopDownBP/Maps/UEDPIE_0_TopDownExampleMap
[2018.03.11-13.13.58:554][107]LogPlayLevel: PIE: StaticDuplicateObject took: (0.018237s)
[2018.03.11-13.13.58:554][107]LogAIModule: Creating AISystem for world TopDownExampleMap
[2018.03.11-13.13.58:555][107]LogPlayLevel: PIE: World Init took: (0.000872s)
[2018.03.11-13.13.58:555][107]LogPlayLevel: PIE: Created PIE world by copying editor world from /Game/TopDownBP/Maps/TopDownExampleMap.TopDownExampleMap to /Game/TopDownBP/Maps/UEDPIE_0_TopDownExampleMap.TopDownExampleMap (0.019478s)
[2018.03.11-13.13.58:583][107]LogInit: XAudio2 using 'Headphones (High Definition Audio Device)' : 2 channels at 44.1 kHz using 16 bits per sample (channel mask 0x3)
[2018.03.11-13.13.58:588][107]LogInit: FAudioDevice initialized.
[2018.03.11-13.13.58:619][107]LogLoad: Game class is 'TopDownGameMode_C'
[2018.03.11-13.13.58:623][107]LogWorld: Bringing World /Game/TopDownBP/Maps/UEDPIE_0_TopDownExampleMap.TopDownExampleMap up for play (max tick rate 0) at 2018.03.12-00.13.58
[2018.03.11-13.13.58:623][107]LogWorld: Bringing up level for play took: 0.003227
[2018.03.11-13.13.58:625][107]PIE: Play in editor start time for /Game/TopDownBP/Maps/UEDPIE_0_TopDownExampleMap -0.776
[2018.03.11-13.13.58:625][107]LogBlueprintUserMessages: Late PlayInEditor Detection: Level '/Game/TopDownBP/Maps/TopDownExampleMap.TopDownExampleMap:PersistentLevel' has LevelScriptBlueprint '/Game/TopDownBP/Maps/TopDownExampleMap.TopDownExampleMap:PersistentLevel.TopDownExampleMap' with GeneratedClass '/Game/TopDownBP/Maps/TopDownExampleMap.TopDownExampleMap_C' with ClassGeneratedBy '/Game/TopDownBP/Maps/TopDownExampleMap.TopDownExampleMap:PersistentLevel.TopDownExampleMap'
[2018.03.11-13.14.00:121][279]LogBlueprintUserMessages: Early EndPlayMap Detection: Level '/Game/TopDownBP/Maps/TopDownExampleMap.TopDownExampleMap:PersistentLevel' has LevelScriptBlueprint '/Game/TopDownBP/Maps/TopDownExampleMap.TopDownExampleMap:PersistentLevel.TopDownExampleMap' with GeneratedClass '/Game/TopDownBP/Maps/TopDownExampleMap.TopDownExampleMap_C' with ClassGeneratedBy '/Game/TopDownBP/Maps/TopDownExampleMap.TopDownExampleMap:PersistentLevel.TopDownExampleMap'
[2018.03.11-13.14.00:158][279]LogBlueprintUserMessages: Late EndPlayMap Detection: Level '/Game/TopDownBP/Maps/TopDownExampleMap.TopDownExampleMap:PersistentLevel' has LevelScriptBlueprint '/Game/TopDownBP/Maps/TopDownExampleMap.TopDownExampleMap:PersistentLevel.TopDownExampleMap' with GeneratedClass '/Game/TopDownBP/Maps/TopDownExampleMap.TopDownExampleMap_C' with ClassGeneratedBy '/Game/TopDownBP/Maps/TopDownExampleMap.TopDownExampleMap:PersistentLevel.TopDownExampleMap'
[2018.03.11-13.14.49:363][129]BlueprintLog: New page: Compile Knight_AnimBP
[2018.03.11-13.14.50:973][297]LogTemp: Repeating last play command: Selected Viewport
[2018.03.11-13.14.50:993][297]LogBlueprintUserMessages: Early PlayInEditor Detection: Level '/Game/TopDownBP/Maps/TopDownExampleMap.TopDownExampleMap:PersistentLevel' has LevelScriptBlueprint '/Game/TopDownBP/Maps/TopDownExampleMap.TopDownExampleMap:PersistentLevel.TopDownExampleMap' with GeneratedClass '/Game/TopDownBP/Maps/TopDownExampleMap.TopDownExampleMap_C' with ClassGeneratedBy '/Game/TopDownBP/Maps/TopDownExampleMap.TopDownExampleMap:PersistentLevel.TopDownExampleMap'
[2018.03.11-13.14.50:993][297]LogPlayLevel: PlayLevel: No blueprints needed recompiling
[2018.03.11-13.14.50:993][297]PIE: New page: PIE session: TopDownExampleMap (Mar 12, 2018, 11:14:50 AM)
[2018.03.11-13.14.50:994][297]LogPlayLevel: Creating play world package: /Game/TopDownBP/Maps/UEDPIE_0_TopDownExampleMap
[2018.03.11-13.14.51:013][297]LogPlayLevel: PIE: StaticDuplicateObject took: (0.019662s)
[2018.03.11-13.14.51:014][297]LogAIModule: Creating AISystem for world TopDownExampleMap
[2018.03.11-13.14.51:014][297]LogPlayLevel: PIE: World Init took: (0.000933s)
[2018.03.11-13.14.51:015][297]LogPlayLevel: PIE: Created PIE world by copying editor world from /Game/TopDownBP/Maps/TopDownExampleMap.TopDownExampleMap to /Game/TopDownBP/Maps/UEDPIE_0_TopDownExampleMap.TopDownExampleMap (0.020979s)
[2018.03.11-13.14.51:049][297]LogInit: XAudio2 using 'Headphones (High Definition Audio Device)' : 2 channels at 44.1 kHz using 16 bits per sample (channel mask 0x3)
[2018.03.11-13.14.51:053][297]LogInit: FAudioDevice initialized.
[2018.03.11-13.14.51:086][297]LogLoad: Game class is 'TopDownGameMode_C'
[2018.03.11-13.14.51:089][297]LogWorld: Bringing World /Game/TopDownBP/Maps/UEDPIE_0_TopDownExampleMap.TopDownExampleMap up for play (max tick rate 0) at 2018.03.12-00.14.51
[2018.03.11-13.14.51:090][297]LogWorld: Bringing up level for play took: 0.002974
[2018.03.11-13.14.51:091][297]PIE: Play in editor start time for /Game/TopDownBP/Maps/UEDPIE_0_TopDownExampleMap -0.309
[2018.03.11-13.14.51:091][297]LogBlueprintUserMessages: Late PlayInEditor Detection: Level '/Game/TopDownBP/Maps/TopDownExampleMap.TopDownExampleMap:PersistentLevel' has LevelScriptBlueprint '/Game/TopDownBP/Maps/TopDownExampleMap.TopDownExampleMap:PersistentLevel.TopDownExampleMap' with GeneratedClass '/Game/TopDownBP/Maps/TopDownExampleMap.TopDownExampleMap_C' with ClassGeneratedBy '/Game/TopDownBP/Maps/TopDownExampleMap.TopDownExampleMap:PersistentLevel.TopDownExampleMap'
[2018.03.11-13.15.01:205][497]LogBlueprintUserMessages: Early EndPlayMap Detection: Level '/Game/TopDownBP/Maps/TopDownExampleMap.TopDownExampleMap:PersistentLevel' has LevelScriptBlueprint '/Game/TopDownBP/Maps/TopDownExampleMap.TopDownExampleMap:PersistentLevel.TopDownExampleMap' with GeneratedClass '/Game/TopDownBP/Maps/TopDownExampleMap.TopDownExampleMap_C' with ClassGeneratedBy '/Game/TopDownBP/Maps/TopDownExampleMap.TopDownExampleMap:PersistentLevel.TopDownExampleMap'
[2018.03.11-13.15.01:241][497]LogBlueprintUserMessages: Late EndPlayMap Detection: Level '/Game/TopDownBP/Maps/TopDownExampleMap.TopDownExampleMap:PersistentLevel' has LevelScriptBlueprint '/Game/TopDownBP/Maps/TopDownExampleMap.TopDownExampleMap:PersistentLevel.TopDownExampleMap' with GeneratedClass '/Game/TopDownBP/Maps/TopDownExampleMap.TopDownExampleMap_C' with ClassGeneratedBy '/Game/TopDownBP/Maps/TopDownExampleMap.TopDownExampleMap:PersistentLevel.TopDownExampleMap'
[2018.03.11-13.15.03:907][707]LogSavePackage: Save=239.72ms
[2018.03.11-13.15.03:907][707]LogSavePackage: Moving '../../../../../../Users/veeki/Desktop/SHOT_STUDIOS_FINAL/SHOT_STUDIOS_MASTER_Copy/Saved/Knight_AnimBP54514B98413B32160DE1B2B5184715FB.tmp' to '../../../../../../Users/veeki/Desktop/SHOT_STUDIOS_FINAL/SHOT_STUDIOS_MASTER_Copy/Content/TopDownBP/Character/Knight_Character/Knight_AnimBP.uasset'
[2018.03.11-13.15.03:944][707]LogSavePackage: Display: Finished SavePackage ../../../../../../Users/veeki/Desktop/SHOT_STUDIOS_FINAL/SHOT_STUDIOS_MASTER_Copy/Content/TopDownBP/Character/Knight_Character/Knight_AnimBP.uasset
